-- Found ament_cmake: 1.3.12 (/opt/ros/humble/share/ament_cmake/cmake)
-- Override CMake install command with custom implementation using symlinks instead of copying resources
-- Found cv_bridge: 3.2.1 (/opt/ros/humble/share/cv_bridge/cmake)
-- Found rosidl_generator_c: 3.1.7 (/opt/ros/humble/share/rosidl_generator_c/cmake)
-- Found rosidl_adapter: 3.1.7 (/opt/ros/humble/share/rosidl_adapter/cmake)
-- Found rosidl_generator_cpp: 3.1.7 (/opt/ros/humble/share/rosidl_generator_cpp/cmake)
-- Using all available rosidl_typesupport_c: rosidl_typesupport_fastrtps_c;rosidl_typesupport_introspection_c
-- Using all available rosidl_typesupport_cpp: rosidl_typesupport_fastrtps_cpp;rosidl_typesupport_introspection_cpp
-- Found rclcpp: 16.0.14 (/opt/ros/humble/share/rclcpp/cmake)
-- Found rmw_implementation_cmake: 6.1.2 (/opt/ros/humble/share/rmw_implementation_cmake/cmake)
-- Found rmw_fastrtps_cpp: 6.2.8 (/opt/ros/humble/share/rmw_fastrtps_cpp/cmake)
-- Using RMW implementation 'rmw_fastrtps_cpp' as default
-- Found ament_cmake_copyright: 0.12.14 (/opt/ros/humble/share/ament_cmake_copyright/cmake)
-- Found ament_cmake_cppcheck: 0.12.14 (/opt/ros/humble/share/ament_cmake_cppcheck/cmake)
-- Found ament_cmake_cpplint: 0.12.14 (/opt/ros/humble/share/ament_cmake_cpplint/cmake)
-- Found ament_cmake_clang_format: 0.12.14 (/opt/ros/humble/share/ament_cmake_clang_format/cmake)
-- Found ament_cmake_flake8: 0.12.14 (/opt/ros/humble/share/ament_cmake_flake8/cmake)
-- Found ament_cmake_lint_cmake: 0.12.14 (/opt/ros/humble/share/ament_cmake_lint_cmake/cmake)
-- Found ament_cmake_pep257: 0.12.14 (/opt/ros/humble/share/ament_cmake_pep257/cmake)
-- Found ament_cmake_xmllint: 0.12.14 (/opt/ros/humble/share/ament_cmake_xmllint/cmake)
-- Found ffmpeg_image_transport_msgs: 1.0.1 (/RM_ws/install/ffmpeg_image_transport_msgs/share/ffmpeg_image_transport_msgs/cmake)
-- Found ament_cmake_gtest: 1.3.12 (/opt/ros/humble/share/ament_cmake_gtest/cmake)
-- Found gtest sources under '/opt/ros/humble/src/gtest_vendor': C++ tests using 'Google Test' will be built
-- Configuring done
-- Generating done
-- Build files have been written to: /RM_ws/build/ffmpeg_encoder_decoder
[35m[1mConsolidate compiler generated dependencies of target gtest[0m
[35m[1mConsolidate compiler generated dependencies of target ffmpeg_encoder_decoder[0m
[35m[1mConsolidate compiler generated dependencies of target gtest_main[0m
[ 16%] Built target gtest_main
[ 33%] Built target gtest
[ 75%] Built target ffmpeg_encoder_decoder
[35m[1mConsolidate compiler generated dependencies of target ffmpeg_encoder_decoder_test[0m
[100%] Built target ffmpeg_encoder_decoder_test
-- Install configuration: ""
-- Execute custom install script
-- Up-to-date symlink: /RM_ws/install/ffmpeg_encoder_decoder/share/ffmpeg_encoder_decoder/environment/library_path.sh
-- Up-to-date symlink: /RM_ws/install/ffmpeg_encoder_decoder/share/ffmpeg_encoder_decoder/environment/library_path.dsv
-- Up-to-date symlink: /RM_ws/install/ffmpeg_encoder_decoder/include/ffmpeg_encoder_decoder/decoder.hpp
-- Up-to-date symlink: /RM_ws/install/ffmpeg_encoder_decoder/include/ffmpeg_encoder_decoder/encoder.hpp
-- Up-to-date symlink: /RM_ws/install/ffmpeg_encoder_decoder/include/ffmpeg_encoder_decoder/pts_map.hpp
-- Up-to-date symlink: /RM_ws/install/ffmpeg_encoder_decoder/include/ffmpeg_encoder_decoder/safe_param.hpp
-- Up-to-date symlink: /RM_ws/install/ffmpeg_encoder_decoder/include/ffmpeg_encoder_decoder/tdiff.hpp
-- Up-to-date symlink: /RM_ws/install/ffmpeg_encoder_decoder/include/ffmpeg_encoder_decoder/types.hpp
-- Up-to-date symlink: /RM_ws/install/ffmpeg_encoder_decoder/include/ffmpeg_encoder_decoder/utils.hpp
-- Up-to-date symlink: /RM_ws/install/ffmpeg_encoder_decoder/share/ament_index/resource_index/package_run_dependencies/ffmpeg_encoder_decoder
-- Up-to-date symlink: /RM_ws/install/ffmpeg_encoder_decoder/share/ament_index/resource_index/parent_prefix_path/ffmpeg_encoder_decoder
-- Up-to-date symlink: /RM_ws/install/ffmpeg_encoder_decoder/share/ffmpeg_encoder_decoder/environment/ament_prefix_path.sh
-- Up-to-date symlink: /RM_ws/install/ffmpeg_encoder_decoder/share/ffmpeg_encoder_decoder/environment/ament_prefix_path.dsv
-- Up-to-date symlink: /RM_ws/install/ffmpeg_encoder_decoder/share/ffmpeg_encoder_decoder/environment/path.sh
-- Up-to-date symlink: /RM_ws/install/ffmpeg_encoder_decoder/share/ffmpeg_encoder_decoder/environment/path.dsv
-- Up-to-date symlink: /RM_ws/install/ffmpeg_encoder_decoder/share/ffmpeg_encoder_decoder/local_setup.bash
-- Up-to-date symlink: /RM_ws/install/ffmpeg_encoder_decoder/share/ffmpeg_encoder_decoder/local_setup.sh
-- Up-to-date symlink: /RM_ws/install/ffmpeg_encoder_decoder/share/ffmpeg_encoder_decoder/local_setup.zsh
-- Up-to-date symlink: /RM_ws/install/ffmpeg_encoder_decoder/share/ffmpeg_encoder_decoder/local_setup.dsv
-- Symlinking: /RM_ws/install/ffmpeg_encoder_decoder/share/ffmpeg_encoder_decoder/package.dsv
-- Up-to-date symlink: /RM_ws/install/ffmpeg_encoder_decoder/share/ament_index/resource_index/packages/ffmpeg_encoder_decoder
-- Up-to-date symlink: /RM_ws/install/ffmpeg_encoder_decoder/share/ffmpeg_encoder_decoder/cmake/ffmpeg_encoder_decoder-extras.cmake
-- Up-to-date symlink: /RM_ws/install/ffmpeg_encoder_decoder/share/ffmpeg_encoder_decoder/cmake/ament_cmake_export_targets-extras.cmake
-- Up-to-date symlink: /RM_ws/install/ffmpeg_encoder_decoder/share/ffmpeg_encoder_decoder/cmake/ament_cmake_export_dependencies-extras.cmake
-- Up-to-date symlink: /RM_ws/install/ffmpeg_encoder_decoder/share/ffmpeg_encoder_decoder/cmake/ament_cmake_export_include_directories-extras.cmake
-- Up-to-date symlink: /RM_ws/install/ffmpeg_encoder_decoder/share/ffmpeg_encoder_decoder/cmake/ament_cmake_export_libraries-extras.cmake
-- Up-to-date symlink: /RM_ws/install/ffmpeg_encoder_decoder/share/ffmpeg_encoder_decoder/cmake/ffmpeg_encoder_decoderConfig.cmake
-- Up-to-date symlink: /RM_ws/install/ffmpeg_encoder_decoder/share/ffmpeg_encoder_decoder/cmake/ffmpeg_encoder_decoderConfig-version.cmake
-- Up-to-date symlink: /RM_ws/install/ffmpeg_encoder_decoder/share/ffmpeg_encoder_decoder/package.xml
-- Up-to-date: /RM_ws/install/ffmpeg_encoder_decoder/lib/libffmpeg_encoder_decoder.so
-- Up-to-date: /RM_ws/install/ffmpeg_encoder_decoder/share/ffmpeg_encoder_decoder/cmake/ffmpeg_encoder_decoderTargetsExport.cmake
-- Up-to-date: /RM_ws/install/ffmpeg_encoder_decoder/share/ffmpeg_encoder_decoder/cmake/ffmpeg_encoder_decoderTargetsExport-noconfig.cmake
-- Up-to-date: /RM_ws/install/ffmpeg_encoder_decoder/share/ffmpeg_encoder_decoder/cmake/ffmpeg_encoder_decoderTargetsExport.cmake
-- Up-to-date: /RM_ws/install/ffmpeg_encoder_decoder/share/ffmpeg_encoder_decoder/cmake/ffmpeg_encoder_decoderTargetsExport-noconfig.cmake
