[0.020s] Invoking command in '/RM_ws/build/ffmpeg_encoder_decoder': CMAKE_PREFIX_PATH=/RM_ws/install/ffmpeg_image_transport_msgs:/RM_ws/install/robomaster_msgs:/RM_ws/install/robomaster_description:/RM_ws/install/ffmpeg_image_transport:/RM_ws/install/ffmpeg_encoder_decoder:/RM_ws/install/robomaster_ros:/opt/ros/humble LD_LIBRARY_PATH=/RM_ws/install/ffmpeg_image_transport_msgs/lib:/RM_ws/install/robomaster_msgs/lib:/RM_ws/install/ffmpeg_image_transport/lib:/RM_ws/install/ffmpeg_encoder_decoder/lib:/opt/ros/humble/opt/rviz_ogre_vendor/lib:/opt/ros/humble/lib/x86_64-linux-gnu:/opt/ros/humble/lib /usr/bin/cmake /RM_ws/src/ffmpeg_encoder_decoder -DCMAKE_INSTALL_PREFIX=/RM_ws/install/ffmpeg_encoder_decoder
[0.047s] -- Found ament_cmake: 1.3.12 (/opt/ros/humble/share/ament_cmake/cmake)
[0.355s] -- Override CMake install command with custom implementation using symlinks instead of copying resources
[0.392s] -- Found cv_bridge: 3.2.1 (/opt/ros/humble/share/cv_bridge/cmake)
[0.474s] -- Found rosidl_generator_c: 3.1.7 (/opt/ros/humble/share/rosidl_generator_c/cmake)
[0.481s] -- Found rosidl_adapter: 3.1.7 (/opt/ros/humble/share/rosidl_adapter/cmake)
[0.497s] -- Found rosidl_generator_cpp: 3.1.7 (/opt/ros/humble/share/rosidl_generator_cpp/cmake)
[0.529s] -- Using all available rosidl_typesupport_c: rosidl_typesupport_fastrtps_c;rosidl_typesupport_introspection_c
[0.555s] -- Using all available rosidl_typesupport_cpp: rosidl_typesupport_fastrtps_cpp;rosidl_typesupport_introspection_cpp
[0.632s] -- Found rclcpp: 16.0.14 (/opt/ros/humble/share/rclcpp/cmake)
[0.672s] -- Found rmw_implementation_cmake: 6.1.2 (/opt/ros/humble/share/rmw_implementation_cmake/cmake)
[0.672s] -- Found rmw_fastrtps_cpp: 6.2.8 (/opt/ros/humble/share/rmw_fastrtps_cpp/cmake)
[0.940s] -- Using RMW implementation 'rmw_fastrtps_cpp' as default
[1.113s] -- Found ament_cmake_copyright: 0.12.14 (/opt/ros/humble/share/ament_cmake_copyright/cmake)
[1.114s] -- Found ament_cmake_cppcheck: 0.12.14 (/opt/ros/humble/share/ament_cmake_cppcheck/cmake)
[1.118s] -- Found ament_cmake_cpplint: 0.12.14 (/opt/ros/humble/share/ament_cmake_cpplint/cmake)
[1.119s] -- Found ament_cmake_clang_format: 0.12.14 (/opt/ros/humble/share/ament_cmake_clang_format/cmake)
[1.120s] -- Found ament_cmake_flake8: 0.12.14 (/opt/ros/humble/share/ament_cmake_flake8/cmake)
[1.120s] -- Found ament_cmake_lint_cmake: 0.12.14 (/opt/ros/humble/share/ament_cmake_lint_cmake/cmake)
[1.121s] -- Found ament_cmake_pep257: 0.12.14 (/opt/ros/humble/share/ament_cmake_pep257/cmake)
[1.122s] -- Found ament_cmake_xmllint: 0.12.14 (/opt/ros/humble/share/ament_cmake_xmllint/cmake)
[1.128s] -- Found ffmpeg_image_transport_msgs: 1.0.1 (/RM_ws/install/ffmpeg_image_transport_msgs/share/ffmpeg_image_transport_msgs/cmake)
[1.151s] -- Found ament_cmake_gtest: 1.3.12 (/opt/ros/humble/share/ament_cmake_gtest/cmake)
[1.152s] -- Found gtest sources under '/opt/ros/humble/src/gtest_vendor': C++ tests using 'Google Test' will be built
[1.408s] -- Configuring done
[1.461s] -- Generating done
[1.479s] -- Build files have been written to: /RM_ws/build/ffmpeg_encoder_decoder
[1.500s] Invoked command in '/RM_ws/build/ffmpeg_encoder_decoder' returned '0': CMAKE_PREFIX_PATH=/RM_ws/install/ffmpeg_image_transport_msgs:/RM_ws/install/robomaster_msgs:/RM_ws/install/robomaster_description:/RM_ws/install/ffmpeg_image_transport:/RM_ws/install/ffmpeg_encoder_decoder:/RM_ws/install/robomaster_ros:/opt/ros/humble LD_LIBRARY_PATH=/RM_ws/install/ffmpeg_image_transport_msgs/lib:/RM_ws/install/robomaster_msgs/lib:/RM_ws/install/ffmpeg_image_transport/lib:/RM_ws/install/ffmpeg_encoder_decoder/lib:/opt/ros/humble/opt/rviz_ogre_vendor/lib:/opt/ros/humble/lib/x86_64-linux-gnu:/opt/ros/humble/lib /usr/bin/cmake /RM_ws/src/ffmpeg_encoder_decoder -DCMAKE_INSTALL_PREFIX=/RM_ws/install/ffmpeg_encoder_decoder
[1.506s] Invoking command in '/RM_ws/build/ffmpeg_encoder_decoder': CMAKE_PREFIX_PATH=/RM_ws/install/ffmpeg_image_transport_msgs:/RM_ws/install/robomaster_msgs:/RM_ws/install/robomaster_description:/RM_ws/install/ffmpeg_image_transport:/RM_ws/install/ffmpeg_encoder_decoder:/RM_ws/install/robomaster_ros:/opt/ros/humble LD_LIBRARY_PATH=/RM_ws/install/ffmpeg_image_transport_msgs/lib:/RM_ws/install/robomaster_msgs/lib:/RM_ws/install/ffmpeg_image_transport/lib:/RM_ws/install/ffmpeg_encoder_decoder/lib:/opt/ros/humble/opt/rviz_ogre_vendor/lib:/opt/ros/humble/lib/x86_64-linux-gnu:/opt/ros/humble/lib /usr/bin/cmake --build /RM_ws/build/ffmpeg_encoder_decoder -- -j8 -l8
[1.625s] [35m[1mConsolidate compiler generated dependencies of target gtest[0m
[1.627s] [35m[1mConsolidate compiler generated dependencies of target ffmpeg_encoder_decoder[0m
[1.631s] [35m[1mConsolidate compiler generated dependencies of target gtest_main[0m
[1.669s] [ 16%] Built target gtest_main
[1.669s] [ 33%] Built target gtest
[1.671s] [ 75%] Built target ffmpeg_encoder_decoder
[1.695s] [35m[1mConsolidate compiler generated dependencies of target ffmpeg_encoder_decoder_test[0m
[1.729s] [100%] Built target ffmpeg_encoder_decoder_test
[1.756s] Invoked command in '/RM_ws/build/ffmpeg_encoder_decoder' returned '0': CMAKE_PREFIX_PATH=/RM_ws/install/ffmpeg_image_transport_msgs:/RM_ws/install/robomaster_msgs:/RM_ws/install/robomaster_description:/RM_ws/install/ffmpeg_image_transport:/RM_ws/install/ffmpeg_encoder_decoder:/RM_ws/install/robomaster_ros:/opt/ros/humble LD_LIBRARY_PATH=/RM_ws/install/ffmpeg_image_transport_msgs/lib:/RM_ws/install/robomaster_msgs/lib:/RM_ws/install/ffmpeg_image_transport/lib:/RM_ws/install/ffmpeg_encoder_decoder/lib:/opt/ros/humble/opt/rviz_ogre_vendor/lib:/opt/ros/humble/lib/x86_64-linux-gnu:/opt/ros/humble/lib /usr/bin/cmake --build /RM_ws/build/ffmpeg_encoder_decoder -- -j8 -l8
[1.756s] Invoking command in '/RM_ws/build/ffmpeg_encoder_decoder': CMAKE_PREFIX_PATH=/RM_ws/install/ffmpeg_image_transport_msgs:/RM_ws/install/robomaster_msgs:/RM_ws/install/robomaster_description:/RM_ws/install/ffmpeg_image_transport:/RM_ws/install/ffmpeg_encoder_decoder:/RM_ws/install/robomaster_ros:/opt/ros/humble LD_LIBRARY_PATH=/RM_ws/install/ffmpeg_image_transport_msgs/lib:/RM_ws/install/robomaster_msgs/lib:/RM_ws/install/ffmpeg_image_transport/lib:/RM_ws/install/ffmpeg_encoder_decoder/lib:/opt/ros/humble/opt/rviz_ogre_vendor/lib:/opt/ros/humble/lib/x86_64-linux-gnu:/opt/ros/humble/lib /usr/bin/cmake --install /RM_ws/build/ffmpeg_encoder_decoder
[1.764s] -- Install configuration: ""
[1.765s] -- Execute custom install script
[1.766s] -- Up-to-date symlink: /RM_ws/install/ffmpeg_encoder_decoder/share/ffmpeg_encoder_decoder/environment/library_path.sh
[1.766s] -- Up-to-date symlink: /RM_ws/install/ffmpeg_encoder_decoder/share/ffmpeg_encoder_decoder/environment/library_path.dsv
[1.767s] -- Up-to-date symlink: /RM_ws/install/ffmpeg_encoder_decoder/include/ffmpeg_encoder_decoder/decoder.hpp
[1.767s] -- Up-to-date symlink: /RM_ws/install/ffmpeg_encoder_decoder/include/ffmpeg_encoder_decoder/encoder.hpp
[1.768s] -- Up-to-date symlink: /RM_ws/install/ffmpeg_encoder_decoder/include/ffmpeg_encoder_decoder/pts_map.hpp
[1.768s] -- Up-to-date symlink: /RM_ws/install/ffmpeg_encoder_decoder/include/ffmpeg_encoder_decoder/safe_param.hpp
[1.768s] -- Up-to-date symlink: /RM_ws/install/ffmpeg_encoder_decoder/include/ffmpeg_encoder_decoder/tdiff.hpp
[1.769s] -- Up-to-date symlink: /RM_ws/install/ffmpeg_encoder_decoder/include/ffmpeg_encoder_decoder/types.hpp
[1.769s] -- Up-to-date symlink: /RM_ws/install/ffmpeg_encoder_decoder/include/ffmpeg_encoder_decoder/utils.hpp
[1.769s] -- Up-to-date symlink: /RM_ws/install/ffmpeg_encoder_decoder/share/ament_index/resource_index/package_run_dependencies/ffmpeg_encoder_decoder
[1.770s] -- Up-to-date symlink: /RM_ws/install/ffmpeg_encoder_decoder/share/ament_index/resource_index/parent_prefix_path/ffmpeg_encoder_decoder
[1.770s] -- Up-to-date symlink: /RM_ws/install/ffmpeg_encoder_decoder/share/ffmpeg_encoder_decoder/environment/ament_prefix_path.sh
[1.771s] -- Up-to-date symlink: /RM_ws/install/ffmpeg_encoder_decoder/share/ffmpeg_encoder_decoder/environment/ament_prefix_path.dsv
[1.771s] -- Up-to-date symlink: /RM_ws/install/ffmpeg_encoder_decoder/share/ffmpeg_encoder_decoder/environment/path.sh
[1.772s] -- Up-to-date symlink: /RM_ws/install/ffmpeg_encoder_decoder/share/ffmpeg_encoder_decoder/environment/path.dsv
[1.772s] -- Up-to-date symlink: /RM_ws/install/ffmpeg_encoder_decoder/share/ffmpeg_encoder_decoder/local_setup.bash
[1.773s] -- Up-to-date symlink: /RM_ws/install/ffmpeg_encoder_decoder/share/ffmpeg_encoder_decoder/local_setup.sh
[1.773s] -- Up-to-date symlink: /RM_ws/install/ffmpeg_encoder_decoder/share/ffmpeg_encoder_decoder/local_setup.zsh
[1.773s] -- Up-to-date symlink: /RM_ws/install/ffmpeg_encoder_decoder/share/ffmpeg_encoder_decoder/local_setup.dsv
[1.773s] -- Symlinking: /RM_ws/install/ffmpeg_encoder_decoder/share/ffmpeg_encoder_decoder/package.dsv
[1.786s] -- Up-to-date symlink: /RM_ws/install/ffmpeg_encoder_decoder/share/ament_index/resource_index/packages/ffmpeg_encoder_decoder
[1.787s] -- Up-to-date symlink: /RM_ws/install/ffmpeg_encoder_decoder/share/ffmpeg_encoder_decoder/cmake/ffmpeg_encoder_decoder-extras.cmake
[1.787s] -- Up-to-date symlink: /RM_ws/install/ffmpeg_encoder_decoder/share/ffmpeg_encoder_decoder/cmake/ament_cmake_export_targets-extras.cmake
[1.788s] -- Up-to-date symlink: /RM_ws/install/ffmpeg_encoder_decoder/share/ffmpeg_encoder_decoder/cmake/ament_cmake_export_dependencies-extras.cmake
[1.788s] -- Up-to-date symlink: /RM_ws/install/ffmpeg_encoder_decoder/share/ffmpeg_encoder_decoder/cmake/ament_cmake_export_include_directories-extras.cmake
[1.789s] -- Up-to-date symlink: /RM_ws/install/ffmpeg_encoder_decoder/share/ffmpeg_encoder_decoder/cmake/ament_cmake_export_libraries-extras.cmake
[1.789s] -- Up-to-date symlink: /RM_ws/install/ffmpeg_encoder_decoder/share/ffmpeg_encoder_decoder/cmake/ffmpeg_encoder_decoderConfig.cmake
[1.789s] -- Up-to-date symlink: /RM_ws/install/ffmpeg_encoder_decoder/share/ffmpeg_encoder_decoder/cmake/ffmpeg_encoder_decoderConfig-version.cmake
[1.790s] -- Up-to-date symlink: /RM_ws/install/ffmpeg_encoder_decoder/share/ffmpeg_encoder_decoder/package.xml
[1.793s] -- Up-to-date: /RM_ws/install/ffmpeg_encoder_decoder/lib/libffmpeg_encoder_decoder.so
[1.802s] -- Up-to-date: /RM_ws/install/ffmpeg_encoder_decoder/share/ffmpeg_encoder_decoder/cmake/ffmpeg_encoder_decoderTargetsExport.cmake
[1.813s] -- Up-to-date: /RM_ws/install/ffmpeg_encoder_decoder/share/ffmpeg_encoder_decoder/cmake/ffmpeg_encoder_decoderTargetsExport-noconfig.cmake
[1.818s] -- Up-to-date: /RM_ws/install/ffmpeg_encoder_decoder/share/ffmpeg_encoder_decoder/cmake/ffmpeg_encoder_decoderTargetsExport.cmake
[1.818s] -- Up-to-date: /RM_ws/install/ffmpeg_encoder_decoder/share/ffmpeg_encoder_decoder/cmake/ffmpeg_encoder_decoderTargetsExport-noconfig.cmake
[1.828s] Invoked command in '/RM_ws/build/ffmpeg_encoder_decoder' returned '0': CMAKE_PREFIX_PATH=/RM_ws/install/ffmpeg_image_transport_msgs:/RM_ws/install/robomaster_msgs:/RM_ws/install/robomaster_description:/RM_ws/install/ffmpeg_image_transport:/RM_ws/install/ffmpeg_encoder_decoder:/RM_ws/install/robomaster_ros:/opt/ros/humble LD_LIBRARY_PATH=/RM_ws/install/ffmpeg_image_transport_msgs/lib:/RM_ws/install/robomaster_msgs/lib:/RM_ws/install/ffmpeg_image_transport/lib:/RM_ws/install/ffmpeg_encoder_decoder/lib:/opt/ros/humble/opt/rviz_ogre_vendor/lib:/opt/ros/humble/lib/x86_64-linux-gnu:/opt/ros/humble/lib /usr/bin/cmake --install /RM_ws/build/ffmpeg_encoder_decoder
