-- The C compiler identification is GNU 11.4.0
-- The CXX compiler identification is GNU 11.4.0
-- Detecting C compiler ABI info
-- Detecting C compiler ABI info - done
-- Check for working C compiler: /usr/bin/cc - skipped
-- Detecting C compile features
-- Detecting C compile features - done
-- Detecting CXX compiler ABI info
-- Detecting CXX compiler ABI info - done
-- Check for working CXX compiler: /usr/bin/c++ - skipped
-- Detecting CXX compile features
-- Detecting CXX compile features - done
-- Found ament_cmake: 1.3.12 (/opt/ros/humble/share/ament_cmake/cmake)
-- Found Python3: /usr/bin/python3 (found version "3.10.12") found components: Interpreter 
-- Override CMake install command with custom implementation using symlinks instead of copying resources
-- Found cv_bridge: 3.2.1 (/opt/ros/humble/share/cv_bridge/cmake)
-- Found rosidl_generator_c: 3.1.7 (/opt/ros/humble/share/rosidl_generator_c/cmake)
-- Found rosidl_adapter: 3.1.7 (/opt/ros/humble/share/rosidl_adapter/cmake)
-- Found rosidl_generator_cpp: 3.1.7 (/opt/ros/humble/share/rosidl_generator_cpp/cmake)
-- Using all available rosidl_typesupport_c: rosidl_typesupport_fastrtps_c;rosidl_typesupport_introspection_c
-- Using all available rosidl_typesupport_cpp: rosidl_typesupport_fastrtps_cpp;rosidl_typesupport_introspection_cpp
-- Found rclcpp: 16.0.14 (/opt/ros/humble/share/rclcpp/cmake)
-- Found rmw_implementation_cmake: 6.1.2 (/opt/ros/humble/share/rmw_implementation_cmake/cmake)
-- Found rmw_fastrtps_cpp: 6.2.8 (/opt/ros/humble/share/rmw_fastrtps_cpp/cmake)
-- Found OpenSSL: /usr/lib/x86_64-linux-gnu/libcrypto.so (found version "3.0.2")  
-- Found FastRTPS: /opt/ros/humble/include  
-- Using RMW implementation 'rmw_fastrtps_cpp' as default
-- Looking for pthread.h
-- Looking for pthread.h - found
-- Performing Test CMAKE_HAVE_LIBC_PTHREAD
-- Performing Test CMAKE_HAVE_LIBC_PTHREAD - Success
-- Found Threads: TRUE  
-- Found OpenCV: /usr (found version "4.5.4") found components: imgproc 
-- Found PkgConfig: /usr/bin/pkg-config (found version "0.29.2") 
-- Checking for modules 'libavcodec;libswresample;libswscale;libavutil'
--   Found libavcodec, version 58.134.100
--   Found libswresample, version 3.9.100
--   Found libswscale, version 5.9.100
--   Found libavutil, version 56.70.100
-- Found ament_cmake_copyright: 0.12.14 (/opt/ros/humble/share/ament_cmake_copyright/cmake)
-- Found ament_cmake_cppcheck: 0.12.14 (/opt/ros/humble/share/ament_cmake_cppcheck/cmake)
-- Found ament_cmake_cpplint: 0.12.14 (/opt/ros/humble/share/ament_cmake_cpplint/cmake)
-- Found ament_cmake_clang_format: 0.12.14 (/opt/ros/humble/share/ament_cmake_clang_format/cmake)
-- Found ament_cmake_flake8: 0.12.14 (/opt/ros/humble/share/ament_cmake_flake8/cmake)
-- Found ament_cmake_lint_cmake: 0.12.14 (/opt/ros/humble/share/ament_cmake_lint_cmake/cmake)
-- Found ament_cmake_pep257: 0.12.14 (/opt/ros/humble/share/ament_cmake_pep257/cmake)
-- Found ament_cmake_xmllint: 0.12.14 (/opt/ros/humble/share/ament_cmake_xmllint/cmake)
-- Found ffmpeg_image_transport_msgs: 1.0.1 (/RM_ws/install/ffmpeg_image_transport_msgs/share/ffmpeg_image_transport_msgs/cmake)
-- Found ament_cmake_gtest: 1.3.12 (/opt/ros/humble/share/ament_cmake_gtest/cmake)
-- Found gtest sources under '/opt/ros/humble/src/gtest_vendor': C++ tests using 'Google Test' will be built
-- Configuring done
-- Generating done
-- Build files have been written to: /RM_ws/build/ffmpeg_encoder_decoder
[  8%] [32mBuilding CXX object gtest/CMakeFiles/gtest_main.dir/src/gtest_main.cc.o[0m
[ 16%] [32mBuilding CXX object gtest/CMakeFiles/gtest.dir/src/gtest-all.cc.o[0m
[ 25%] [32mBuilding CXX object CMakeFiles/ffmpeg_encoder_decoder.dir/src/decoder.cpp.o[0m
[ 41%] [32mBuilding CXX object CMakeFiles/ffmpeg_encoder_decoder.dir/src/tdiff.cpp.o[0m
[ 41%] [32mBuilding CXX object CMakeFiles/ffmpeg_encoder_decoder.dir/src/utils.cpp.o[0m
[ 50%] [32mBuilding CXX object CMakeFiles/ffmpeg_encoder_decoder.dir/src/encoder.cpp.o[0m
[ 58%] [32m[1mLinking CXX static library libgtest_main.a[0m
[ 58%] Built target gtest_main
[ 66%] [32m[1mLinking CXX static library libgtest.a[0m
[ 66%] Built target gtest
[ 75%] [32m[1mLinking CXX shared library libffmpeg_encoder_decoder.so[0m
[ 75%] Built target ffmpeg_encoder_decoder
[ 91%] [32mBuilding CXX object CMakeFiles/ffmpeg_encoder_decoder_test.dir/test/encoder_decoder_tester.cpp.o[0m
[ 91%] [32mBuilding CXX object CMakeFiles/ffmpeg_encoder_decoder_test.dir/test/encoder_decoder_test.cpp.o[0m
[100%] [32m[1mLinking CXX executable ffmpeg_encoder_decoder_test[0m
[100%] Built target ffmpeg_encoder_decoder_test
-- Install configuration: ""
-- Execute custom install script
-- Symlinking: /RM_ws/install/ffmpeg_encoder_decoder/share/ffmpeg_encoder_decoder/environment/library_path.sh
-- Symlinking: /RM_ws/install/ffmpeg_encoder_decoder/share/ffmpeg_encoder_decoder/environment/library_path.dsv
-- Symlinking: /RM_ws/install/ffmpeg_encoder_decoder/include/ffmpeg_encoder_decoder/decoder.hpp
-- Symlinking: /RM_ws/install/ffmpeg_encoder_decoder/include/ffmpeg_encoder_decoder/encoder.hpp
-- Symlinking: /RM_ws/install/ffmpeg_encoder_decoder/include/ffmpeg_encoder_decoder/pts_map.hpp
-- Symlinking: /RM_ws/install/ffmpeg_encoder_decoder/include/ffmpeg_encoder_decoder/safe_param.hpp
-- Symlinking: /RM_ws/install/ffmpeg_encoder_decoder/include/ffmpeg_encoder_decoder/tdiff.hpp
-- Symlinking: /RM_ws/install/ffmpeg_encoder_decoder/include/ffmpeg_encoder_decoder/types.hpp
-- Symlinking: /RM_ws/install/ffmpeg_encoder_decoder/include/ffmpeg_encoder_decoder/utils.hpp
-- Symlinking: /RM_ws/install/ffmpeg_encoder_decoder/share/ament_index/resource_index/package_run_dependencies/ffmpeg_encoder_decoder
-- Symlinking: /RM_ws/install/ffmpeg_encoder_decoder/share/ament_index/resource_index/parent_prefix_path/ffmpeg_encoder_decoder
-- Symlinking: /RM_ws/install/ffmpeg_encoder_decoder/share/ffmpeg_encoder_decoder/environment/ament_prefix_path.sh
-- Symlinking: /RM_ws/install/ffmpeg_encoder_decoder/share/ffmpeg_encoder_decoder/environment/ament_prefix_path.dsv
-- Symlinking: /RM_ws/install/ffmpeg_encoder_decoder/share/ffmpeg_encoder_decoder/environment/path.sh
-- Symlinking: /RM_ws/install/ffmpeg_encoder_decoder/share/ffmpeg_encoder_decoder/environment/path.dsv
-- Symlinking: /RM_ws/install/ffmpeg_encoder_decoder/share/ffmpeg_encoder_decoder/local_setup.bash
-- Symlinking: /RM_ws/install/ffmpeg_encoder_decoder/share/ffmpeg_encoder_decoder/local_setup.sh
-- Symlinking: /RM_ws/install/ffmpeg_encoder_decoder/share/ffmpeg_encoder_decoder/local_setup.zsh
-- Symlinking: /RM_ws/install/ffmpeg_encoder_decoder/share/ffmpeg_encoder_decoder/local_setup.dsv
-- Symlinking: /RM_ws/install/ffmpeg_encoder_decoder/share/ffmpeg_encoder_decoder/package.dsv
-- Symlinking: /RM_ws/install/ffmpeg_encoder_decoder/share/ament_index/resource_index/packages/ffmpeg_encoder_decoder
-- Symlinking: /RM_ws/install/ffmpeg_encoder_decoder/share/ffmpeg_encoder_decoder/cmake/ffmpeg_encoder_decoder-extras.cmake
-- Symlinking: /RM_ws/install/ffmpeg_encoder_decoder/share/ffmpeg_encoder_decoder/cmake/ament_cmake_export_targets-extras.cmake
-- Symlinking: /RM_ws/install/ffmpeg_encoder_decoder/share/ffmpeg_encoder_decoder/cmake/ament_cmake_export_dependencies-extras.cmake
-- Symlinking: /RM_ws/install/ffmpeg_encoder_decoder/share/ffmpeg_encoder_decoder/cmake/ament_cmake_export_include_directories-extras.cmake
-- Symlinking: /RM_ws/install/ffmpeg_encoder_decoder/share/ffmpeg_encoder_decoder/cmake/ament_cmake_export_libraries-extras.cmake
-- Symlinking: /RM_ws/install/ffmpeg_encoder_decoder/share/ffmpeg_encoder_decoder/cmake/ffmpeg_encoder_decoderConfig.cmake
-- Symlinking: /RM_ws/install/ffmpeg_encoder_decoder/share/ffmpeg_encoder_decoder/cmake/ffmpeg_encoder_decoderConfig-version.cmake
-- Symlinking: /RM_ws/install/ffmpeg_encoder_decoder/share/ffmpeg_encoder_decoder/package.xml
-- Installing: /RM_ws/install/ffmpeg_encoder_decoder/lib/libffmpeg_encoder_decoder.so
-- Set runtime path of "/RM_ws/install/ffmpeg_encoder_decoder/lib/libffmpeg_encoder_decoder.so" to ""
-- Installing: /RM_ws/install/ffmpeg_encoder_decoder/share/ffmpeg_encoder_decoder/cmake/ffmpeg_encoder_decoderTargetsExport.cmake
-- Installing: /RM_ws/install/ffmpeg_encoder_decoder/share/ffmpeg_encoder_decoder/cmake/ffmpeg_encoder_decoderTargetsExport-noconfig.cmake
-- Up-to-date: /RM_ws/install/ffmpeg_encoder_decoder/share/ffmpeg_encoder_decoder/cmake/ffmpeg_encoder_decoderTargetsExport.cmake
-- Up-to-date: /RM_ws/install/ffmpeg_encoder_decoder/share/ffmpeg_encoder_decoder/cmake/ffmpeg_encoder_decoderTargetsExport-noconfig.cmake
