[0.007s] Invoking command in '/RM_ws/build/ffmpeg_encoder_decoder': CMAKE_PREFIX_PATH=/RM_ws/install/ffmpeg_image_transport_msgs:/RM_ws/install/robomaster_msgs:/RM_ws/install/robomaster_description:/RM_ws/install/ffmpeg_image_transport:/RM_ws/install/ffmpeg_encoder_decoder:/opt/ros/humble LD_LIBRARY_PATH=/RM_ws/install/ffmpeg_image_transport_msgs/lib:/RM_ws/install/robomaster_msgs/lib:/RM_ws/install/ffmpeg_image_transport/lib:/RM_ws/install/ffmpeg_encoder_decoder/lib:/opt/ros/humble/opt/rviz_ogre_vendor/lib:/opt/ros/humble/lib/x86_64-linux-gnu:/opt/ros/humble/lib /usr/bin/cmake /RM_ws/src/ffmpeg_encoder_decoder -DAMENT_CMAKE_SYMLINK_INSTALL=1 -DCMAKE_INSTALL_PREFIX=/RM_ws/install/ffmpeg_encoder_decoder
[0.048s] -- The C compiler identification is GNU 11.4.0
[0.090s] -- The CXX compiler identification is GNU 11.4.0
[0.097s] -- Detecting C compiler ABI info
[0.145s] -- Detecting C compiler ABI info - done
[0.154s] -- Check for working C compiler: /usr/bin/cc - skipped
[0.154s] -- Detecting C compile features
[0.155s] -- Detecting C compile features - done
[0.158s] -- Detecting CXX compiler ABI info
[0.214s] -- Detecting CXX compiler ABI info - done
[0.219s] -- Check for working CXX compiler: /usr/bin/c++ - skipped
[0.220s] -- Detecting CXX compile features
[0.220s] -- Detecting CXX compile features - done
[0.222s] -- Found ament_cmake: 1.3.12 (/opt/ros/humble/share/ament_cmake/cmake)
[0.325s] -- Found Python3: /usr/bin/python3 (found version "3.10.12") found components: Interpreter 
[0.370s] -- Override CMake install command with custom implementation using symlinks instead of copying resources
[0.400s] -- Found cv_bridge: 3.2.1 (/opt/ros/humble/share/cv_bridge/cmake)
[0.438s] -- Found rosidl_generator_c: 3.1.7 (/opt/ros/humble/share/rosidl_generator_c/cmake)
[0.441s] -- Found rosidl_adapter: 3.1.7 (/opt/ros/humble/share/rosidl_adapter/cmake)
[0.447s] -- Found rosidl_generator_cpp: 3.1.7 (/opt/ros/humble/share/rosidl_generator_cpp/cmake)
[0.455s] -- Using all available rosidl_typesupport_c: rosidl_typesupport_fastrtps_c;rosidl_typesupport_introspection_c
[0.467s] -- Using all available rosidl_typesupport_cpp: rosidl_typesupport_fastrtps_cpp;rosidl_typesupport_introspection_cpp
[0.509s] -- Found rclcpp: 16.0.14 (/opt/ros/humble/share/rclcpp/cmake)
[0.535s] -- Found rmw_implementation_cmake: 6.1.2 (/opt/ros/humble/share/rmw_implementation_cmake/cmake)
[0.537s] -- Found rmw_fastrtps_cpp: 6.2.8 (/opt/ros/humble/share/rmw_fastrtps_cpp/cmake)
[0.597s] -- Found OpenSSL: /usr/lib/x86_64-linux-gnu/libcrypto.so (found version "3.0.2")  
[0.624s] -- Found FastRTPS: /opt/ros/humble/include  
[0.655s] -- Using RMW implementation 'rmw_fastrtps_cpp' as default
[0.660s] -- Looking for pthread.h
[0.709s] -- Looking for pthread.h - found
[0.709s] -- Performing Test CMAKE_HAVE_LIBC_PTHREAD
[0.758s] -- Performing Test CMAKE_HAVE_LIBC_PTHREAD - Success
[0.759s] -- Found Threads: TRUE  
[0.787s] -- Found OpenCV: /usr (found version "4.5.4") found components: imgproc 
[0.790s] -- Found PkgConfig: /usr/bin/pkg-config (found version "0.29.2") 
[0.791s] -- Checking for modules 'libavcodec;libswresample;libswscale;libavutil'
[0.803s] --   Found libavcodec, version 58.134.100
[0.809s] --   Found libswresample, version 3.9.100
[0.815s] --   Found libswscale, version 5.9.100
[0.821s] --   Found libavutil, version 56.70.100
[0.848s] -- Found ament_cmake_copyright: 0.12.14 (/opt/ros/humble/share/ament_cmake_copyright/cmake)
[0.849s] -- Found ament_cmake_cppcheck: 0.12.14 (/opt/ros/humble/share/ament_cmake_cppcheck/cmake)
[0.850s] -- Found ament_cmake_cpplint: 0.12.14 (/opt/ros/humble/share/ament_cmake_cpplint/cmake)
[0.852s] -- Found ament_cmake_clang_format: 0.12.14 (/opt/ros/humble/share/ament_cmake_clang_format/cmake)
[0.853s] -- Found ament_cmake_flake8: 0.12.14 (/opt/ros/humble/share/ament_cmake_flake8/cmake)
[0.854s] -- Found ament_cmake_lint_cmake: 0.12.14 (/opt/ros/humble/share/ament_cmake_lint_cmake/cmake)
[0.855s] -- Found ament_cmake_pep257: 0.12.14 (/opt/ros/humble/share/ament_cmake_pep257/cmake)
[0.857s] -- Found ament_cmake_xmllint: 0.12.14 (/opt/ros/humble/share/ament_cmake_xmllint/cmake)
[0.859s] -- Found ffmpeg_image_transport_msgs: 1.0.1 (/RM_ws/install/ffmpeg_image_transport_msgs/share/ffmpeg_image_transport_msgs/cmake)
[0.869s] -- Found ament_cmake_gtest: 1.3.12 (/opt/ros/humble/share/ament_cmake_gtest/cmake)
[0.870s] -- Found gtest sources under '/opt/ros/humble/src/gtest_vendor': C++ tests using 'Google Test' will be built
[0.921s] -- Configuring done
[0.935s] -- Generating done
[0.939s] -- Build files have been written to: /RM_ws/build/ffmpeg_encoder_decoder
[0.947s] Invoked command in '/RM_ws/build/ffmpeg_encoder_decoder' returned '0': CMAKE_PREFIX_PATH=/RM_ws/install/ffmpeg_image_transport_msgs:/RM_ws/install/robomaster_msgs:/RM_ws/install/robomaster_description:/RM_ws/install/ffmpeg_image_transport:/RM_ws/install/ffmpeg_encoder_decoder:/opt/ros/humble LD_LIBRARY_PATH=/RM_ws/install/ffmpeg_image_transport_msgs/lib:/RM_ws/install/robomaster_msgs/lib:/RM_ws/install/ffmpeg_image_transport/lib:/RM_ws/install/ffmpeg_encoder_decoder/lib:/opt/ros/humble/opt/rviz_ogre_vendor/lib:/opt/ros/humble/lib/x86_64-linux-gnu:/opt/ros/humble/lib /usr/bin/cmake /RM_ws/src/ffmpeg_encoder_decoder -DAMENT_CMAKE_SYMLINK_INSTALL=1 -DCMAKE_INSTALL_PREFIX=/RM_ws/install/ffmpeg_encoder_decoder
[0.948s] Invoking command in '/RM_ws/build/ffmpeg_encoder_decoder': CMAKE_PREFIX_PATH=/RM_ws/install/ffmpeg_image_transport_msgs:/RM_ws/install/robomaster_msgs:/RM_ws/install/robomaster_description:/RM_ws/install/ffmpeg_image_transport:/RM_ws/install/ffmpeg_encoder_decoder:/opt/ros/humble LD_LIBRARY_PATH=/RM_ws/install/ffmpeg_image_transport_msgs/lib:/RM_ws/install/robomaster_msgs/lib:/RM_ws/install/ffmpeg_image_transport/lib:/RM_ws/install/ffmpeg_encoder_decoder/lib:/opt/ros/humble/opt/rviz_ogre_vendor/lib:/opt/ros/humble/lib/x86_64-linux-gnu:/opt/ros/humble/lib /usr/bin/cmake --build /RM_ws/build/ffmpeg_encoder_decoder -- -j8 -l8
[0.983s] [  8%] [32mBuilding CXX object gtest/CMakeFiles/gtest_main.dir/src/gtest_main.cc.o[0m
[0.983s] [ 16%] [32mBuilding CXX object gtest/CMakeFiles/gtest.dir/src/gtest-all.cc.o[0m
[0.986s] [ 25%] [32mBuilding CXX object CMakeFiles/ffmpeg_encoder_decoder.dir/src/decoder.cpp.o[0m
[0.987s] [ 41%] [32mBuilding CXX object CMakeFiles/ffmpeg_encoder_decoder.dir/src/tdiff.cpp.o[0m
[0.987s] [ 41%] [32mBuilding CXX object CMakeFiles/ffmpeg_encoder_decoder.dir/src/utils.cpp.o[0m
[0.987s] [ 50%] [32mBuilding CXX object CMakeFiles/ffmpeg_encoder_decoder.dir/src/encoder.cpp.o[0m
[2.011s] [ 58%] [32m[1mLinking CXX static library libgtest_main.a[0m
[2.047s] [ 58%] Built target gtest_main
[3.874s] [ 66%] [32m[1mLinking CXX static library libgtest.a[0m
[3.982s] [ 66%] Built target gtest
[5.395s] [ 75%] [32m[1mLinking CXX shared library libffmpeg_encoder_decoder.so[0m
[5.576s] [ 75%] Built target ffmpeg_encoder_decoder
[5.607s] [ 91%] [32mBuilding CXX object CMakeFiles/ffmpeg_encoder_decoder_test.dir/test/encoder_decoder_tester.cpp.o[0m
[5.608s] [ 91%] [32mBuilding CXX object CMakeFiles/ffmpeg_encoder_decoder_test.dir/test/encoder_decoder_test.cpp.o[0m
[11.726s] [100%] [32m[1mLinking CXX executable ffmpeg_encoder_decoder_test[0m
[12.427s] [100%] Built target ffmpeg_encoder_decoder_test
[12.454s] Invoked command in '/RM_ws/build/ffmpeg_encoder_decoder' returned '0': CMAKE_PREFIX_PATH=/RM_ws/install/ffmpeg_image_transport_msgs:/RM_ws/install/robomaster_msgs:/RM_ws/install/robomaster_description:/RM_ws/install/ffmpeg_image_transport:/RM_ws/install/ffmpeg_encoder_decoder:/opt/ros/humble LD_LIBRARY_PATH=/RM_ws/install/ffmpeg_image_transport_msgs/lib:/RM_ws/install/robomaster_msgs/lib:/RM_ws/install/ffmpeg_image_transport/lib:/RM_ws/install/ffmpeg_encoder_decoder/lib:/opt/ros/humble/opt/rviz_ogre_vendor/lib:/opt/ros/humble/lib/x86_64-linux-gnu:/opt/ros/humble/lib /usr/bin/cmake --build /RM_ws/build/ffmpeg_encoder_decoder -- -j8 -l8
[12.462s] Invoking command in '/RM_ws/build/ffmpeg_encoder_decoder': CMAKE_PREFIX_PATH=/RM_ws/install/ffmpeg_image_transport_msgs:/RM_ws/install/robomaster_msgs:/RM_ws/install/robomaster_description:/RM_ws/install/ffmpeg_image_transport:/RM_ws/install/ffmpeg_encoder_decoder:/opt/ros/humble LD_LIBRARY_PATH=/RM_ws/install/ffmpeg_image_transport_msgs/lib:/RM_ws/install/robomaster_msgs/lib:/RM_ws/install/ffmpeg_image_transport/lib:/RM_ws/install/ffmpeg_encoder_decoder/lib:/opt/ros/humble/opt/rviz_ogre_vendor/lib:/opt/ros/humble/lib/x86_64-linux-gnu:/opt/ros/humble/lib /usr/bin/cmake --install /RM_ws/build/ffmpeg_encoder_decoder
[12.479s] -- Install configuration: ""
[12.479s] -- Execute custom install script
[12.480s] -- Symlinking: /RM_ws/install/ffmpeg_encoder_decoder/share/ffmpeg_encoder_decoder/environment/library_path.sh
[12.500s] -- Symlinking: /RM_ws/install/ffmpeg_encoder_decoder/share/ffmpeg_encoder_decoder/environment/library_path.dsv
[12.520s] -- Symlinking: /RM_ws/install/ffmpeg_encoder_decoder/include/ffmpeg_encoder_decoder/decoder.hpp
[12.544s] -- Symlinking: /RM_ws/install/ffmpeg_encoder_decoder/include/ffmpeg_encoder_decoder/encoder.hpp
[12.571s] -- Symlinking: /RM_ws/install/ffmpeg_encoder_decoder/include/ffmpeg_encoder_decoder/pts_map.hpp
[12.594s] -- Symlinking: /RM_ws/install/ffmpeg_encoder_decoder/include/ffmpeg_encoder_decoder/safe_param.hpp
[12.619s] -- Symlinking: /RM_ws/install/ffmpeg_encoder_decoder/include/ffmpeg_encoder_decoder/tdiff.hpp
[12.642s] -- Symlinking: /RM_ws/install/ffmpeg_encoder_decoder/include/ffmpeg_encoder_decoder/types.hpp
[12.665s] -- Symlinking: /RM_ws/install/ffmpeg_encoder_decoder/include/ffmpeg_encoder_decoder/utils.hpp
[12.687s] -- Symlinking: /RM_ws/install/ffmpeg_encoder_decoder/share/ament_index/resource_index/package_run_dependencies/ffmpeg_encoder_decoder
[12.706s] -- Symlinking: /RM_ws/install/ffmpeg_encoder_decoder/share/ament_index/resource_index/parent_prefix_path/ffmpeg_encoder_decoder
[12.728s] -- Symlinking: /RM_ws/install/ffmpeg_encoder_decoder/share/ffmpeg_encoder_decoder/environment/ament_prefix_path.sh
[12.741s] -- Symlinking: /RM_ws/install/ffmpeg_encoder_decoder/share/ffmpeg_encoder_decoder/environment/ament_prefix_path.dsv
[12.752s] -- Symlinking: /RM_ws/install/ffmpeg_encoder_decoder/share/ffmpeg_encoder_decoder/environment/path.sh
[12.763s] -- Symlinking: /RM_ws/install/ffmpeg_encoder_decoder/share/ffmpeg_encoder_decoder/environment/path.dsv
[12.781s] -- Symlinking: /RM_ws/install/ffmpeg_encoder_decoder/share/ffmpeg_encoder_decoder/local_setup.bash
[12.794s] -- Symlinking: /RM_ws/install/ffmpeg_encoder_decoder/share/ffmpeg_encoder_decoder/local_setup.sh
[12.805s] -- Symlinking: /RM_ws/install/ffmpeg_encoder_decoder/share/ffmpeg_encoder_decoder/local_setup.zsh
[12.823s] -- Symlinking: /RM_ws/install/ffmpeg_encoder_decoder/share/ffmpeg_encoder_decoder/local_setup.dsv
[12.834s] -- Symlinking: /RM_ws/install/ffmpeg_encoder_decoder/share/ffmpeg_encoder_decoder/package.dsv
[12.845s] -- Symlinking: /RM_ws/install/ffmpeg_encoder_decoder/share/ament_index/resource_index/packages/ffmpeg_encoder_decoder
[12.857s] -- Symlinking: /RM_ws/install/ffmpeg_encoder_decoder/share/ffmpeg_encoder_decoder/cmake/ffmpeg_encoder_decoder-extras.cmake
[12.869s] -- Symlinking: /RM_ws/install/ffmpeg_encoder_decoder/share/ffmpeg_encoder_decoder/cmake/ament_cmake_export_targets-extras.cmake
[12.879s] -- Symlinking: /RM_ws/install/ffmpeg_encoder_decoder/share/ffmpeg_encoder_decoder/cmake/ament_cmake_export_dependencies-extras.cmake
[12.891s] -- Symlinking: /RM_ws/install/ffmpeg_encoder_decoder/share/ffmpeg_encoder_decoder/cmake/ament_cmake_export_include_directories-extras.cmake
[12.915s] -- Symlinking: /RM_ws/install/ffmpeg_encoder_decoder/share/ffmpeg_encoder_decoder/cmake/ament_cmake_export_libraries-extras.cmake
[12.937s] -- Symlinking: /RM_ws/install/ffmpeg_encoder_decoder/share/ffmpeg_encoder_decoder/cmake/ffmpeg_encoder_decoderConfig.cmake
[12.960s] -- Symlinking: /RM_ws/install/ffmpeg_encoder_decoder/share/ffmpeg_encoder_decoder/cmake/ffmpeg_encoder_decoderConfig-version.cmake
[12.989s] -- Symlinking: /RM_ws/install/ffmpeg_encoder_decoder/share/ffmpeg_encoder_decoder/package.xml
[13.012s] -- Installing: /RM_ws/install/ffmpeg_encoder_decoder/lib/libffmpeg_encoder_decoder.so
[13.016s] -- Set runtime path of "/RM_ws/install/ffmpeg_encoder_decoder/lib/libffmpeg_encoder_decoder.so" to ""
[13.017s] -- Installing: /RM_ws/install/ffmpeg_encoder_decoder/share/ffmpeg_encoder_decoder/cmake/ffmpeg_encoder_decoderTargetsExport.cmake
[13.020s] -- Installing: /RM_ws/install/ffmpeg_encoder_decoder/share/ffmpeg_encoder_decoder/cmake/ffmpeg_encoder_decoderTargetsExport-noconfig.cmake
[13.020s] -- Up-to-date: /RM_ws/install/ffmpeg_encoder_decoder/share/ffmpeg_encoder_decoder/cmake/ffmpeg_encoder_decoderTargetsExport.cmake
[13.020s] -- Up-to-date: /RM_ws/install/ffmpeg_encoder_decoder/share/ffmpeg_encoder_decoder/cmake/ffmpeg_encoder_decoderTargetsExport-noconfig.cmake
[13.029s] Invoked command in '/RM_ws/build/ffmpeg_encoder_decoder' returned '0': CMAKE_PREFIX_PATH=/RM_ws/install/ffmpeg_image_transport_msgs:/RM_ws/install/robomaster_msgs:/RM_ws/install/robomaster_description:/RM_ws/install/ffmpeg_image_transport:/RM_ws/install/ffmpeg_encoder_decoder:/opt/ros/humble LD_LIBRARY_PATH=/RM_ws/install/ffmpeg_image_transport_msgs/lib:/RM_ws/install/robomaster_msgs/lib:/RM_ws/install/ffmpeg_image_transport/lib:/RM_ws/install/ffmpeg_encoder_decoder/lib:/opt/ros/humble/opt/rviz_ogre_vendor/lib:/opt/ros/humble/lib/x86_64-linux-gnu:/opt/ros/humble/lib /usr/bin/cmake --install /RM_ws/build/ffmpeg_encoder_decoder
