[0.792s] Invoking command in '/RM_ws/src/robomaster_ros_pkg/robomaster_ros': PYTHONPATH=/RM_ws/build/robomaster_ros/prefix_override:/usr/lib/python3/dist-packages/colcon_core/task/python/colcon_distutils_commands:/RM_ws/install/robomaster_ros/lib/python3.10/site-packages:${PYTHONPATH} /usr/bin/python3 -W ignore:setup.py install is deprecated -W ignore:easy_install command is deprecated setup.py egg_info --egg-base ../../../build/robomaster_ros build --build-base /RM_ws/build/robomaster_ros/build install --record /RM_ws/build/robomaster_ros/install.log --single-version-externally-managed install_data
[1.200s] running egg_info
[1.209s] writing ../../../build/robomaster_ros/robomaster_ros.egg-info/PKG-INFO
[1.209s] writing dependency_links to ../../../build/robomaster_ros/robomaster_ros.egg-info/dependency_links.txt
[1.209s] writing entry points to ../../../build/robomaster_ros/robomaster_ros.egg-info/entry_points.txt
[1.209s] writing requirements to ../../../build/robomaster_ros/robomaster_ros.egg-info/requires.txt
[1.210s] writing top-level names to ../../../build/robomaster_ros/robomaster_ros.egg-info/top_level.txt
[1.217s] reading manifest file '../../../build/robomaster_ros/robomaster_ros.egg-info/SOURCES.txt'
[1.220s] writing manifest file '../../../build/robomaster_ros/robomaster_ros.egg-info/SOURCES.txt'
[1.221s] running build
[1.224s] running build_py
[1.224s] running install
[1.224s] running install_lib
[1.228s] running install_data
[1.229s] running install_egg_info
[1.232s] removing '/RM_ws/install/robomaster_ros/lib/python3.10/site-packages/robomaster_ros-0.0.0-py3.10.egg-info' (and everything under it)
[1.232s] Copying ../../../build/robomaster_ros/robomaster_ros.egg-info to /RM_ws/install/robomaster_ros/lib/python3.10/site-packages/robomaster_ros-0.0.0-py3.10.egg-info
[1.234s] running install_scripts
[1.264s] Installing connect script to /RM_ws/install/robomaster_ros/lib/robomaster_ros
[1.264s] Installing discover script to /RM_ws/install/robomaster_ros/lib/robomaster_ros
[1.265s] Installing display_battery script to /RM_ws/install/robomaster_ros/lib/robomaster_ros
[1.265s] Installing h264_decoder script to /RM_ws/install/robomaster_ros/lib/robomaster_ros
[1.265s] Installing keyboard_teleop script to /RM_ws/install/robomaster_ros/lib/robomaster_ros
[1.266s] Installing play_audio script to /RM_ws/install/robomaster_ros/lib/robomaster_ros
[1.266s] Installing play_opus script to /RM_ws/install/robomaster_ros/lib/robomaster_ros
[1.266s] Installing robomaster_driver script to /RM_ws/install/robomaster_ros/lib/robomaster_ros
[1.268s] writing list of installed files to '/RM_ws/build/robomaster_ros/install.log'
[1.301s] Invoked command in '/RM_ws/src/robomaster_ros_pkg/robomaster_ros' returned '0': PYTHONPATH=/RM_ws/build/robomaster_ros/prefix_override:/usr/lib/python3/dist-packages/colcon_core/task/python/colcon_distutils_commands:/RM_ws/install/robomaster_ros/lib/python3.10/site-packages:${PYTHONPATH} /usr/bin/python3 -W ignore:setup.py install is deprecated -W ignore:easy_install command is deprecated setup.py egg_info --egg-base ../../../build/robomaster_ros build --build-base /RM_ws/build/robomaster_ros/build install --record /RM_ws/build/robomaster_ros/install.log --single-version-externally-managed install_data
