-- Found ament_cmake: 1.3.12 (/opt/ros/humble/share/ament_cmake/cmake)
-- Override CMake install command with custom implementation using symlinks instead of copying resources
-- Found ament_cmake_ros: 0.10.0 (/opt/ros/humble/share/ament_cmake_ros/cmake)
-- Found ffmpeg_image_transport_msgs: 1.0.1 (/RM_ws/install/ffmpeg_image_transport_msgs/share/ffmpeg_image_transport_msgs/cmake)
-- Found rosidl_generator_c: 3.1.7 (/opt/ros/humble/share/rosidl_generator_c/cmake)
-- Found rosidl_adapter: 3.1.7 (/opt/ros/humble/share/rosidl_adapter/cmake)
-- Found rosidl_generator_cpp: 3.1.7 (/opt/ros/humble/share/rosidl_generator_cpp/cmake)
-- Using all available rosidl_typesupport_c: rosidl_typesupport_fastrtps_c;rosidl_typesupport_introspection_c
-- Using all available rosidl_typesupport_cpp: rosidl_typesupport_fastrtps_cpp;rosidl_typesupport_introspection_cpp
-- Found ffmpeg_encoder_decoder: 1.0.0 (/RM_ws/install/ffmpeg_encoder_decoder/share/ffmpeg_encoder_decoder/cmake)
-- Found rmw_implementation_cmake: 6.1.2 (/opt/ros/humble/share/rmw_implementation_cmake/cmake)
-- Found rmw_fastrtps_cpp: 6.2.8 (/opt/ros/humble/share/rmw_fastrtps_cpp/cmake)
-- Using RMW implementation 'rmw_fastrtps_cpp' as default
-- Found image_transport: 3.1.12 (/opt/ros/humble/share/image_transport/cmake)
-- Found ament_cmake_black: 0.2.6 (/opt/ros/humble/share/ament_cmake_black/cmake)
-- Found ament_cmake_copyright: 0.12.14 (/opt/ros/humble/share/ament_cmake_copyright/cmake)
-- Found ament_cmake_cppcheck: 0.12.14 (/opt/ros/humble/share/ament_cmake_cppcheck/cmake)
-- Found ament_cmake_cpplint: 0.12.14 (/opt/ros/humble/share/ament_cmake_cpplint/cmake)
-- Found ament_cmake_lint_cmake: 0.12.14 (/opt/ros/humble/share/ament_cmake_lint_cmake/cmake)
-- Found ament_cmake_clang_format: 0.12.14 (/opt/ros/humble/share/ament_cmake_clang_format/cmake)
-- Found ament_cmake_xmllint: 0.12.14 (/opt/ros/humble/share/ament_cmake_xmllint/cmake)
-- Found ament_cmake_pep257: 0.12.14 (/opt/ros/humble/share/ament_cmake_pep257/cmake)
-- Found gtest sources under '/opt/ros/humble/src/gtest_vendor': C++ tests using 'Google Test' will be built
-- Configuring done
-- Generating done
-- Build files have been written to: /RM_ws/build/ffmpeg_image_transport
[35m[1mConsolidate compiler generated dependencies of target ffmpeg_image_transport_component[0m
[ 50%] Built target ffmpeg_image_transport_component
[35m[1mConsolidate compiler generated dependencies of target gtest[0m
[ 66%] Built target gtest
[35m[1mConsolidate compiler generated dependencies of target gtest_main[0m
[ 83%] Built target gtest_main
[35m[1mConsolidate compiler generated dependencies of target ffmpeg_image_transport_test[0m
[100%] Built target ffmpeg_image_transport_test
-- Install configuration: ""
-- Execute custom install script
-- Up-to-date symlink: /RM_ws/install/ffmpeg_image_transport/share/ffmpeg_image_transport/environment/library_path.sh
-- Up-to-date symlink: /RM_ws/install/ffmpeg_image_transport/share/ffmpeg_image_transport/environment/library_path.dsv
-- Up-to-date symlink: /RM_ws/install/ffmpeg_image_transport/include/ffmpeg_image_transport/ffmpeg_publisher.hpp
-- Up-to-date symlink: /RM_ws/install/ffmpeg_image_transport/include/ffmpeg_image_transport/ffmpeg_subscriber.hpp
-- Up-to-date symlink: /RM_ws/install/ffmpeg_image_transport/include/ffmpeg_image_transport/parameter_definition.hpp
-- Up-to-date symlink: /RM_ws/install/ffmpeg_image_transport/include/ffmpeg_image_transport/utils.hpp
-- Up-to-date symlink: /RM_ws/install/ffmpeg_image_transport/share/ffmpeg_image_transport//ffmpeg_plugins.xml
-- Up-to-date symlink: /RM_ws/install/ffmpeg_image_transport/share/ament_index/resource_index/package_run_dependencies/ffmpeg_image_transport
-- Up-to-date symlink: /RM_ws/install/ffmpeg_image_transport/share/ament_index/resource_index/parent_prefix_path/ffmpeg_image_transport
-- Up-to-date symlink: /RM_ws/install/ffmpeg_image_transport/share/ffmpeg_image_transport/environment/ament_prefix_path.sh
-- Up-to-date symlink: /RM_ws/install/ffmpeg_image_transport/share/ffmpeg_image_transport/environment/ament_prefix_path.dsv
-- Up-to-date symlink: /RM_ws/install/ffmpeg_image_transport/share/ffmpeg_image_transport/environment/path.sh
-- Up-to-date symlink: /RM_ws/install/ffmpeg_image_transport/share/ffmpeg_image_transport/environment/path.dsv
-- Up-to-date symlink: /RM_ws/install/ffmpeg_image_transport/share/ffmpeg_image_transport/local_setup.bash
-- Up-to-date symlink: /RM_ws/install/ffmpeg_image_transport/share/ffmpeg_image_transport/local_setup.sh
-- Up-to-date symlink: /RM_ws/install/ffmpeg_image_transport/share/ffmpeg_image_transport/local_setup.zsh
-- Up-to-date symlink: /RM_ws/install/ffmpeg_image_transport/share/ffmpeg_image_transport/local_setup.dsv
-- Symlinking: /RM_ws/install/ffmpeg_image_transport/share/ffmpeg_image_transport/package.dsv
-- Up-to-date symlink: /RM_ws/install/ffmpeg_image_transport/share/ament_index/resource_index/packages/ffmpeg_image_transport
-- Up-to-date symlink: /RM_ws/install/ffmpeg_image_transport/share/ament_index/resource_index/image_transport__pluginlib__plugin/ffmpeg_image_transport
-- Up-to-date symlink: /RM_ws/install/ffmpeg_image_transport/share/ffmpeg_image_transport/cmake/ament_cmake_export_dependencies-extras.cmake
-- Up-to-date symlink: /RM_ws/install/ffmpeg_image_transport/share/ffmpeg_image_transport/cmake/ament_cmake_export_include_directories-extras.cmake
-- Up-to-date symlink: /RM_ws/install/ffmpeg_image_transport/share/ffmpeg_image_transport/cmake/ament_cmake_export_libraries-extras.cmake
-- Up-to-date symlink: /RM_ws/install/ffmpeg_image_transport/share/ffmpeg_image_transport/cmake/ament_cmake_export_targets-extras.cmake
-- Up-to-date symlink: /RM_ws/install/ffmpeg_image_transport/share/ffmpeg_image_transport/cmake/ffmpeg_image_transportConfig.cmake
-- Up-to-date symlink: /RM_ws/install/ffmpeg_image_transport/share/ffmpeg_image_transport/cmake/ffmpeg_image_transportConfig-version.cmake
-- Up-to-date symlink: /RM_ws/install/ffmpeg_image_transport/share/ffmpeg_image_transport/package.xml
-- Up-to-date: /RM_ws/install/ffmpeg_image_transport/lib/libffmpeg_image_transport_component.so
-- Up-to-date: /RM_ws/install/ffmpeg_image_transport/share/ffmpeg_image_transport//launch
-- Up-to-date: /RM_ws/install/ffmpeg_image_transport/share/ffmpeg_image_transport//launch/usb_camera.launch.py
-- Up-to-date: /RM_ws/install/ffmpeg_image_transport/share/ffmpeg_image_transport//launch/republish.launch.py
-- Up-to-date: /RM_ws/install/ffmpeg_image_transport/share/ffmpeg_image_transport/cmake/export_ffmpeg_image_transport_componentExport.cmake
-- Up-to-date: /RM_ws/install/ffmpeg_image_transport/share/ffmpeg_image_transport/cmake/export_ffmpeg_image_transport_componentExport-noconfig.cmake
