[0.029s] Invoking command in '/RM_ws/build/ffmpeg_image_transport': CMAKE_PREFIX_PATH=/RM_ws/install/ffmpeg_encoder_decoder:/RM_ws/install/ffmpeg_image_transport_msgs:/RM_ws/install/robomaster_msgs:/RM_ws/install/robomaster_description:/RM_ws/install/ffmpeg_image_transport:/RM_ws/install/robomaster_ros:/opt/ros/humble LD_LIBRARY_PATH=/RM_ws/install/ffmpeg_encoder_decoder/lib:/RM_ws/install/ffmpeg_image_transport_msgs/lib:/RM_ws/install/robomaster_msgs/lib:/RM_ws/install/ffmpeg_image_transport/lib:/opt/ros/humble/opt/rviz_ogre_vendor/lib:/opt/ros/humble/lib/x86_64-linux-gnu:/opt/ros/humble/lib /usr/bin/cmake /RM_ws/src/ffmpeg_image_transport -DCMAKE_INSTALL_PREFIX=/RM_ws/install/ffmpeg_image_transport
[0.066s] -- Found ament_cmake: 1.3.12 (/opt/ros/humble/share/ament_cmake/cmake)
[0.312s] -- Override CMake install command with custom implementation using symlinks instead of copying resources
[0.356s] -- Found ament_cmake_ros: 0.10.0 (/opt/ros/humble/share/ament_cmake_ros/cmake)
[0.360s] -- Found ffmpeg_image_transport_msgs: 1.0.1 (/RM_ws/install/ffmpeg_image_transport_msgs/share/ffmpeg_image_transport_msgs/cmake)
[0.432s] -- Found rosidl_generator_c: 3.1.7 (/opt/ros/humble/share/rosidl_generator_c/cmake)
[0.442s] -- Found rosidl_adapter: 3.1.7 (/opt/ros/humble/share/rosidl_adapter/cmake)
[0.454s] -- Found rosidl_generator_cpp: 3.1.7 (/opt/ros/humble/share/rosidl_generator_cpp/cmake)
[0.482s] -- Using all available rosidl_typesupport_c: rosidl_typesupport_fastrtps_c;rosidl_typesupport_introspection_c
[0.500s] -- Using all available rosidl_typesupport_cpp: rosidl_typesupport_fastrtps_cpp;rosidl_typesupport_introspection_cpp
[0.553s] -- Found ffmpeg_encoder_decoder: 1.0.0 (/RM_ws/install/ffmpeg_encoder_decoder/share/ffmpeg_encoder_decoder/cmake)
[0.671s] -- Found rmw_implementation_cmake: 6.1.2 (/opt/ros/humble/share/rmw_implementation_cmake/cmake)
[0.674s] -- Found rmw_fastrtps_cpp: 6.2.8 (/opt/ros/humble/share/rmw_fastrtps_cpp/cmake)
[0.833s] -- Using RMW implementation 'rmw_fastrtps_cpp' as default
[0.899s] -- Found image_transport: 3.1.12 (/opt/ros/humble/share/image_transport/cmake)
[0.954s] -- Found ament_cmake_black: 0.2.6 (/opt/ros/humble/share/ament_cmake_black/cmake)
[0.955s] -- Found ament_cmake_copyright: 0.12.14 (/opt/ros/humble/share/ament_cmake_copyright/cmake)
[0.956s] -- Found ament_cmake_cppcheck: 0.12.14 (/opt/ros/humble/share/ament_cmake_cppcheck/cmake)
[0.956s] -- Found ament_cmake_cpplint: 0.12.14 (/opt/ros/humble/share/ament_cmake_cpplint/cmake)
[0.957s] -- Found ament_cmake_lint_cmake: 0.12.14 (/opt/ros/humble/share/ament_cmake_lint_cmake/cmake)
[0.957s] -- Found ament_cmake_clang_format: 0.12.14 (/opt/ros/humble/share/ament_cmake_clang_format/cmake)
[0.961s] -- Found ament_cmake_xmllint: 0.12.14 (/opt/ros/humble/share/ament_cmake_xmllint/cmake)
[0.961s] -- Found ament_cmake_pep257: 0.12.14 (/opt/ros/humble/share/ament_cmake_pep257/cmake)
[0.968s] -- Found gtest sources under '/opt/ros/humble/src/gtest_vendor': C++ tests using 'Google Test' will be built
[1.231s] -- Configuring done
[1.289s] -- Generating done
[1.310s] -- Build files have been written to: /RM_ws/build/ffmpeg_image_transport
[1.339s] Invoked command in '/RM_ws/build/ffmpeg_image_transport' returned '0': CMAKE_PREFIX_PATH=/RM_ws/install/ffmpeg_encoder_decoder:/RM_ws/install/ffmpeg_image_transport_msgs:/RM_ws/install/robomaster_msgs:/RM_ws/install/robomaster_description:/RM_ws/install/ffmpeg_image_transport:/RM_ws/install/robomaster_ros:/opt/ros/humble LD_LIBRARY_PATH=/RM_ws/install/ffmpeg_encoder_decoder/lib:/RM_ws/install/ffmpeg_image_transport_msgs/lib:/RM_ws/install/robomaster_msgs/lib:/RM_ws/install/ffmpeg_image_transport/lib:/opt/ros/humble/opt/rviz_ogre_vendor/lib:/opt/ros/humble/lib/x86_64-linux-gnu:/opt/ros/humble/lib /usr/bin/cmake /RM_ws/src/ffmpeg_image_transport -DCMAKE_INSTALL_PREFIX=/RM_ws/install/ffmpeg_image_transport
[1.339s] Invoking command in '/RM_ws/build/ffmpeg_image_transport': CMAKE_PREFIX_PATH=/RM_ws/install/ffmpeg_encoder_decoder:/RM_ws/install/ffmpeg_image_transport_msgs:/RM_ws/install/robomaster_msgs:/RM_ws/install/robomaster_description:/RM_ws/install/ffmpeg_image_transport:/RM_ws/install/robomaster_ros:/opt/ros/humble LD_LIBRARY_PATH=/RM_ws/install/ffmpeg_encoder_decoder/lib:/RM_ws/install/ffmpeg_image_transport_msgs/lib:/RM_ws/install/robomaster_msgs/lib:/RM_ws/install/ffmpeg_image_transport/lib:/opt/ros/humble/opt/rviz_ogre_vendor/lib:/opt/ros/humble/lib/x86_64-linux-gnu:/opt/ros/humble/lib /usr/bin/cmake --build /RM_ws/build/ffmpeg_image_transport -- -j8 -l8
[1.479s] [35m[1mConsolidate compiler generated dependencies of target ffmpeg_image_transport_component[0m
[1.553s] [ 50%] Built target ffmpeg_image_transport_component
[1.585s] [35m[1mConsolidate compiler generated dependencies of target gtest[0m
[1.622s] [ 66%] Built target gtest
[1.653s] [35m[1mConsolidate compiler generated dependencies of target gtest_main[0m
[1.680s] [ 83%] Built target gtest_main
[1.706s] [35m[1mConsolidate compiler generated dependencies of target ffmpeg_image_transport_test[0m
[1.759s] [100%] Built target ffmpeg_image_transport_test
[1.788s] Invoked command in '/RM_ws/build/ffmpeg_image_transport' returned '0': CMAKE_PREFIX_PATH=/RM_ws/install/ffmpeg_encoder_decoder:/RM_ws/install/ffmpeg_image_transport_msgs:/RM_ws/install/robomaster_msgs:/RM_ws/install/robomaster_description:/RM_ws/install/ffmpeg_image_transport:/RM_ws/install/robomaster_ros:/opt/ros/humble LD_LIBRARY_PATH=/RM_ws/install/ffmpeg_encoder_decoder/lib:/RM_ws/install/ffmpeg_image_transport_msgs/lib:/RM_ws/install/robomaster_msgs/lib:/RM_ws/install/ffmpeg_image_transport/lib:/opt/ros/humble/opt/rviz_ogre_vendor/lib:/opt/ros/humble/lib/x86_64-linux-gnu:/opt/ros/humble/lib /usr/bin/cmake --build /RM_ws/build/ffmpeg_image_transport -- -j8 -l8
[1.797s] Invoking command in '/RM_ws/build/ffmpeg_image_transport': CMAKE_PREFIX_PATH=/RM_ws/install/ffmpeg_encoder_decoder:/RM_ws/install/ffmpeg_image_transport_msgs:/RM_ws/install/robomaster_msgs:/RM_ws/install/robomaster_description:/RM_ws/install/ffmpeg_image_transport:/RM_ws/install/robomaster_ros:/opt/ros/humble LD_LIBRARY_PATH=/RM_ws/install/ffmpeg_encoder_decoder/lib:/RM_ws/install/ffmpeg_image_transport_msgs/lib:/RM_ws/install/robomaster_msgs/lib:/RM_ws/install/ffmpeg_image_transport/lib:/opt/ros/humble/opt/rviz_ogre_vendor/lib:/opt/ros/humble/lib/x86_64-linux-gnu:/opt/ros/humble/lib /usr/bin/cmake --install /RM_ws/build/ffmpeg_image_transport
[1.808s] -- Install configuration: ""
[1.808s] -- Execute custom install script
[1.808s] -- Up-to-date symlink: /RM_ws/install/ffmpeg_image_transport/share/ffmpeg_image_transport/environment/library_path.sh
[1.808s] -- Up-to-date symlink: /RM_ws/install/ffmpeg_image_transport/share/ffmpeg_image_transport/environment/library_path.dsv
[1.808s] -- Up-to-date symlink: /RM_ws/install/ffmpeg_image_transport/include/ffmpeg_image_transport/ffmpeg_publisher.hpp
[1.808s] -- Up-to-date symlink: /RM_ws/install/ffmpeg_image_transport/include/ffmpeg_image_transport/ffmpeg_subscriber.hpp
[1.808s] -- Up-to-date symlink: /RM_ws/install/ffmpeg_image_transport/include/ffmpeg_image_transport/parameter_definition.hpp
[1.808s] -- Up-to-date symlink: /RM_ws/install/ffmpeg_image_transport/include/ffmpeg_image_transport/utils.hpp
[1.808s] -- Up-to-date symlink: /RM_ws/install/ffmpeg_image_transport/share/ffmpeg_image_transport//ffmpeg_plugins.xml
[1.809s] -- Up-to-date symlink: /RM_ws/install/ffmpeg_image_transport/share/ament_index/resource_index/package_run_dependencies/ffmpeg_image_transport
[1.809s] -- Up-to-date symlink: /RM_ws/install/ffmpeg_image_transport/share/ament_index/resource_index/parent_prefix_path/ffmpeg_image_transport
[1.809s] -- Up-to-date symlink: /RM_ws/install/ffmpeg_image_transport/share/ffmpeg_image_transport/environment/ament_prefix_path.sh
[1.809s] -- Up-to-date symlink: /RM_ws/install/ffmpeg_image_transport/share/ffmpeg_image_transport/environment/ament_prefix_path.dsv
[1.809s] -- Up-to-date symlink: /RM_ws/install/ffmpeg_image_transport/share/ffmpeg_image_transport/environment/path.sh
[1.809s] -- Up-to-date symlink: /RM_ws/install/ffmpeg_image_transport/share/ffmpeg_image_transport/environment/path.dsv
[1.809s] -- Up-to-date symlink: /RM_ws/install/ffmpeg_image_transport/share/ffmpeg_image_transport/local_setup.bash
[1.809s] -- Up-to-date symlink: /RM_ws/install/ffmpeg_image_transport/share/ffmpeg_image_transport/local_setup.sh
[1.809s] -- Up-to-date symlink: /RM_ws/install/ffmpeg_image_transport/share/ffmpeg_image_transport/local_setup.zsh
[1.809s] -- Up-to-date symlink: /RM_ws/install/ffmpeg_image_transport/share/ffmpeg_image_transport/local_setup.dsv
[1.809s] -- Symlinking: /RM_ws/install/ffmpeg_image_transport/share/ffmpeg_image_transport/package.dsv
[1.830s] -- Up-to-date symlink: /RM_ws/install/ffmpeg_image_transport/share/ament_index/resource_index/packages/ffmpeg_image_transport
[1.830s] -- Up-to-date symlink: /RM_ws/install/ffmpeg_image_transport/share/ament_index/resource_index/image_transport__pluginlib__plugin/ffmpeg_image_transport
[1.830s] -- Up-to-date symlink: /RM_ws/install/ffmpeg_image_transport/share/ffmpeg_image_transport/cmake/ament_cmake_export_dependencies-extras.cmake
[1.830s] -- Up-to-date symlink: /RM_ws/install/ffmpeg_image_transport/share/ffmpeg_image_transport/cmake/ament_cmake_export_include_directories-extras.cmake
[1.830s] -- Up-to-date symlink: /RM_ws/install/ffmpeg_image_transport/share/ffmpeg_image_transport/cmake/ament_cmake_export_libraries-extras.cmake
[1.830s] -- Up-to-date symlink: /RM_ws/install/ffmpeg_image_transport/share/ffmpeg_image_transport/cmake/ament_cmake_export_targets-extras.cmake
[1.830s] -- Up-to-date symlink: /RM_ws/install/ffmpeg_image_transport/share/ffmpeg_image_transport/cmake/ffmpeg_image_transportConfig.cmake
[1.830s] -- Up-to-date symlink: /RM_ws/install/ffmpeg_image_transport/share/ffmpeg_image_transport/cmake/ffmpeg_image_transportConfig-version.cmake
[1.831s] -- Up-to-date symlink: /RM_ws/install/ffmpeg_image_transport/share/ffmpeg_image_transport/package.xml
[1.837s] -- Up-to-date: /RM_ws/install/ffmpeg_image_transport/lib/libffmpeg_image_transport_component.so
[1.858s] -- Up-to-date: /RM_ws/install/ffmpeg_image_transport/share/ffmpeg_image_transport//launch
[1.858s] -- Up-to-date: /RM_ws/install/ffmpeg_image_transport/share/ffmpeg_image_transport//launch/usb_camera.launch.py
[1.863s] -- Up-to-date: /RM_ws/install/ffmpeg_image_transport/share/ffmpeg_image_transport//launch/republish.launch.py
[1.869s] -- Up-to-date: /RM_ws/install/ffmpeg_image_transport/share/ffmpeg_image_transport/cmake/export_ffmpeg_image_transport_componentExport.cmake
[1.874s] -- Up-to-date: /RM_ws/install/ffmpeg_image_transport/share/ffmpeg_image_transport/cmake/export_ffmpeg_image_transport_componentExport-noconfig.cmake
[1.885s] Invoked command in '/RM_ws/build/ffmpeg_image_transport' returned '0': CMAKE_PREFIX_PATH=/RM_ws/install/ffmpeg_encoder_decoder:/RM_ws/install/ffmpeg_image_transport_msgs:/RM_ws/install/robomaster_msgs:/RM_ws/install/robomaster_description:/RM_ws/install/ffmpeg_image_transport:/RM_ws/install/robomaster_ros:/opt/ros/humble LD_LIBRARY_PATH=/RM_ws/install/ffmpeg_encoder_decoder/lib:/RM_ws/install/ffmpeg_image_transport_msgs/lib:/RM_ws/install/robomaster_msgs/lib:/RM_ws/install/ffmpeg_image_transport/lib:/opt/ros/humble/opt/rviz_ogre_vendor/lib:/opt/ros/humble/lib/x86_64-linux-gnu:/opt/ros/humble/lib /usr/bin/cmake --install /RM_ws/build/ffmpeg_image_transport
