[0.983s] Invoking command in '/RM_ws/build/robomaster_ros': PYTHONPATH=/RM_ws/build/robomaster_ros/prefix_override:/usr/lib/python3/dist-packages/colcon_core/task/python/colcon_distutils_commands:/RM_ws/install/robomaster_ros/lib/python3.10/site-packages:${PYTHONPATH} /usr/bin/python3 -W ignore:setup.py install is deprecated -W ignore:easy_install command is deprecated setup.py develop --uninstall --editable --build-directory /RM_ws/build/robomaster_ros/build
[1.365s] running develop
[1.559s] Removing /RM_ws/install/robomaster_ros/lib/python3.10/site-packages/robomaster-ros.egg-link (link to .)
[1.610s] Invoked command in '/RM_ws/build/robomaster_ros' returned '0': PYTHONPATH=/RM_ws/build/robomaster_ros/prefix_override:/usr/lib/python3/dist-packages/colcon_core/task/python/colcon_distutils_commands:/RM_ws/install/robomaster_ros/lib/python3.10/site-packages:${PYTHONPATH} /usr/bin/python3 -W ignore:setup.py install is deprecated -W ignore:easy_install command is deprecated setup.py develop --uninstall --editable --build-directory /RM_ws/build/robomaster_ros/build
[1.611s] Invoking command in '/RM_ws/src/robomaster_ros_pkg/robomaster_ros': PYTHONPATH=/RM_ws/build/robomaster_ros/prefix_override:/usr/lib/python3/dist-packages/colcon_core/task/python/colcon_distutils_commands:/RM_ws/install/robomaster_ros/lib/python3.10/site-packages:${PYTHONPATH} /usr/bin/python3 -W ignore:setup.py install is deprecated -W ignore:easy_install command is deprecated setup.py egg_info --egg-base ../../../build/robomaster_ros build --build-base /RM_ws/build/robomaster_ros/build install --record /RM_ws/build/robomaster_ros/install.log --single-version-externally-managed install_data --force
[1.923s] running egg_info
[1.924s] writing ../../../build/robomaster_ros/robomaster_ros.egg-info/PKG-INFO
[1.924s] writing dependency_links to ../../../build/robomaster_ros/robomaster_ros.egg-info/dependency_links.txt
[1.927s] writing entry points to ../../../build/robomaster_ros/robomaster_ros.egg-info/entry_points.txt
[1.927s] writing requirements to ../../../build/robomaster_ros/robomaster_ros.egg-info/requires.txt
[1.927s] writing top-level names to ../../../build/robomaster_ros/robomaster_ros.egg-info/top_level.txt
[1.927s] reading manifest file '../../../build/robomaster_ros/robomaster_ros.egg-info/SOURCES.txt'
[1.942s] writing manifest file '../../../build/robomaster_ros/robomaster_ros.egg-info/SOURCES.txt'
[1.946s] running build
[1.946s] running build_py
[1.946s] creating /RM_ws/build/robomaster_ros/build
[1.946s] creating /RM_ws/build/robomaster_ros/build/lib
[1.946s] creating /RM_ws/build/robomaster_ros/build/lib/robomaster_ros
[1.946s] copying robomaster_ros/play_audio.py -> /RM_ws/build/robomaster_ros/build/lib/robomaster_ros
[1.946s] copying robomaster_ros/client.py -> /RM_ws/build/robomaster_ros/build/lib/robomaster_ros
[1.947s] copying robomaster_ros/display_battery.py -> /RM_ws/build/robomaster_ros/build/lib/robomaster_ros
[1.947s] copying robomaster_ros/ftp.py -> /RM_ws/build/robomaster_ros/build/lib/robomaster_ros
[1.947s] copying robomaster_ros/discover.py -> /RM_ws/build/robomaster_ros/build/lib/robomaster_ros
[1.947s] copying robomaster_ros/play_audio_opus.py -> /RM_ws/build/robomaster_ros/build/lib/robomaster_ros
[1.947s] copying robomaster_ros/decompress_h264.py -> /RM_ws/build/robomaster_ros/build/lib/robomaster_ros
[1.947s] copying robomaster_ros/keyboard_teleop.py -> /RM_ws/build/robomaster_ros/build/lib/robomaster_ros
[1.947s] copying robomaster_ros/connect.py -> /RM_ws/build/robomaster_ros/build/lib/robomaster_ros
[1.948s] copying robomaster_ros/utils.py -> /RM_ws/build/robomaster_ros/build/lib/robomaster_ros
[1.948s] copying robomaster_ros/robomaster_driver.py -> /RM_ws/build/robomaster_ros/build/lib/robomaster_ros
[1.948s] copying robomaster_ros/__init__.py -> /RM_ws/build/robomaster_ros/build/lib/robomaster_ros
[1.948s] copying robomaster_ros/action.py -> /RM_ws/build/robomaster_ros/build/lib/robomaster_ros
[1.949s] copying robomaster_ros/new_discover.py -> /RM_ws/build/robomaster_ros/build/lib/robomaster_ros
[1.949s] creating /RM_ws/build/robomaster_ros/build/lib/robomaster_ros/modules
[1.949s] copying robomaster_ros/modules/camera.py -> /RM_ws/build/robomaster_ros/build/lib/robomaster_ros/modules
[1.949s] copying robomaster_ros/modules/pwm.py -> /RM_ws/build/robomaster_ros/build/lib/robomaster_ros/modules
[1.949s] copying robomaster_ros/modules/led.py -> /RM_ws/build/robomaster_ros/build/lib/robomaster_ros/modules
[1.949s] copying robomaster_ros/modules/speaker.py -> /RM_ws/build/robomaster_ros/build/lib/robomaster_ros/modules
[1.950s] copying robomaster_ros/modules/sbus.py -> /RM_ws/build/robomaster_ros/build/lib/robomaster_ros/modules
[1.951s] copying robomaster_ros/modules/arm.py -> /RM_ws/build/robomaster_ros/build/lib/robomaster_ros/modules
[1.951s] copying robomaster_ros/modules/vision.py -> /RM_ws/build/robomaster_ros/build/lib/robomaster_ros/modules
[1.951s] copying robomaster_ros/modules/uart.py -> /RM_ws/build/robomaster_ros/build/lib/robomaster_ros/modules
[1.951s] copying robomaster_ros/modules/gimbal.py -> /RM_ws/build/robomaster_ros/build/lib/robomaster_ros/modules
[1.951s] copying robomaster_ros/modules/tof.py -> /RM_ws/build/robomaster_ros/build/lib/robomaster_ros/modules
[1.951s] copying robomaster_ros/modules/gripper.py -> /RM_ws/build/robomaster_ros/build/lib/robomaster_ros/modules
[1.951s] copying robomaster_ros/modules/armor.py -> /RM_ws/build/robomaster_ros/build/lib/robomaster_ros/modules
[1.951s] copying robomaster_ros/modules/sensor_adapter.py -> /RM_ws/build/robomaster_ros/build/lib/robomaster_ros/modules
[1.952s] copying robomaster_ros/modules/battery.py -> /RM_ws/build/robomaster_ros/build/lib/robomaster_ros/modules
[1.952s] copying robomaster_ros/modules/servo.py -> /RM_ws/build/robomaster_ros/build/lib/robomaster_ros/modules
[1.952s] copying robomaster_ros/modules/__init__.py -> /RM_ws/build/robomaster_ros/build/lib/robomaster_ros/modules
[1.952s] copying robomaster_ros/modules/chassis.py -> /RM_ws/build/robomaster_ros/build/lib/robomaster_ros/modules
[1.952s] copying robomaster_ros/modules/h264_parser.py -> /RM_ws/build/robomaster_ros/build/lib/robomaster_ros/modules
[1.952s] copying robomaster_ros/modules/blaster.py -> /RM_ws/build/robomaster_ros/build/lib/robomaster_ros/modules
[1.956s] running install
[1.956s] running install_lib
[1.957s] creating /RM_ws/install/robomaster_ros/lib/python3.10/site-packages/robomaster_ros
[1.957s] copying /RM_ws/build/robomaster_ros/build/lib/robomaster_ros/play_audio.py -> /RM_ws/install/robomaster_ros/lib/python3.10/site-packages/robomaster_ros
[1.957s] copying /RM_ws/build/robomaster_ros/build/lib/robomaster_ros/client.py -> /RM_ws/install/robomaster_ros/lib/python3.10/site-packages/robomaster_ros
[1.957s] copying /RM_ws/build/robomaster_ros/build/lib/robomaster_ros/display_battery.py -> /RM_ws/install/robomaster_ros/lib/python3.10/site-packages/robomaster_ros
[1.957s] copying /RM_ws/build/robomaster_ros/build/lib/robomaster_ros/ftp.py -> /RM_ws/install/robomaster_ros/lib/python3.10/site-packages/robomaster_ros
[1.958s] copying /RM_ws/build/robomaster_ros/build/lib/robomaster_ros/new_discover.py -> /RM_ws/install/robomaster_ros/lib/python3.10/site-packages/robomaster_ros
[1.958s] creating /RM_ws/install/robomaster_ros/lib/python3.10/site-packages/robomaster_ros/modules
[1.958s] copying /RM_ws/build/robomaster_ros/build/lib/robomaster_ros/modules/camera.py -> /RM_ws/install/robomaster_ros/lib/python3.10/site-packages/robomaster_ros/modules
[1.958s] copying /RM_ws/build/robomaster_ros/build/lib/robomaster_ros/modules/pwm.py -> /RM_ws/install/robomaster_ros/lib/python3.10/site-packages/robomaster_ros/modules
[1.958s] copying /RM_ws/build/robomaster_ros/build/lib/robomaster_ros/modules/led.py -> /RM_ws/install/robomaster_ros/lib/python3.10/site-packages/robomaster_ros/modules
[1.958s] copying /RM_ws/build/robomaster_ros/build/lib/robomaster_ros/modules/speaker.py -> /RM_ws/install/robomaster_ros/lib/python3.10/site-packages/robomaster_ros/modules
[1.959s] copying /RM_ws/build/robomaster_ros/build/lib/robomaster_ros/modules/sbus.py -> /RM_ws/install/robomaster_ros/lib/python3.10/site-packages/robomaster_ros/modules
[1.959s] copying /RM_ws/build/robomaster_ros/build/lib/robomaster_ros/modules/arm.py -> /RM_ws/install/robomaster_ros/lib/python3.10/site-packages/robomaster_ros/modules
[1.959s] copying /RM_ws/build/robomaster_ros/build/lib/robomaster_ros/modules/vision.py -> /RM_ws/install/robomaster_ros/lib/python3.10/site-packages/robomaster_ros/modules
[1.959s] copying /RM_ws/build/robomaster_ros/build/lib/robomaster_ros/modules/uart.py -> /RM_ws/install/robomaster_ros/lib/python3.10/site-packages/robomaster_ros/modules
[1.959s] copying /RM_ws/build/robomaster_ros/build/lib/robomaster_ros/modules/gimbal.py -> /RM_ws/install/robomaster_ros/lib/python3.10/site-packages/robomaster_ros/modules
[1.963s] copying /RM_ws/build/robomaster_ros/build/lib/robomaster_ros/modules/tof.py -> /RM_ws/install/robomaster_ros/lib/python3.10/site-packages/robomaster_ros/modules
[1.963s] copying /RM_ws/build/robomaster_ros/build/lib/robomaster_ros/modules/gripper.py -> /RM_ws/install/robomaster_ros/lib/python3.10/site-packages/robomaster_ros/modules
[1.964s] copying /RM_ws/build/robomaster_ros/build/lib/robomaster_ros/modules/armor.py -> /RM_ws/install/robomaster_ros/lib/python3.10/site-packages/robomaster_ros/modules
[1.964s] copying /RM_ws/build/robomaster_ros/build/lib/robomaster_ros/modules/sensor_adapter.py -> /RM_ws/install/robomaster_ros/lib/python3.10/site-packages/robomaster_ros/modules
[1.964s] copying /RM_ws/build/robomaster_ros/build/lib/robomaster_ros/modules/battery.py -> /RM_ws/install/robomaster_ros/lib/python3.10/site-packages/robomaster_ros/modules
[1.964s] copying /RM_ws/build/robomaster_ros/build/lib/robomaster_ros/modules/servo.py -> /RM_ws/install/robomaster_ros/lib/python3.10/site-packages/robomaster_ros/modules
[1.964s] copying /RM_ws/build/robomaster_ros/build/lib/robomaster_ros/modules/__init__.py -> /RM_ws/install/robomaster_ros/lib/python3.10/site-packages/robomaster_ros/modules
[1.964s] copying /RM_ws/build/robomaster_ros/build/lib/robomaster_ros/modules/chassis.py -> /RM_ws/install/robomaster_ros/lib/python3.10/site-packages/robomaster_ros/modules
[1.965s] copying /RM_ws/build/robomaster_ros/build/lib/robomaster_ros/modules/h264_parser.py -> /RM_ws/install/robomaster_ros/lib/python3.10/site-packages/robomaster_ros/modules
[1.966s] copying /RM_ws/build/robomaster_ros/build/lib/robomaster_ros/modules/blaster.py -> /RM_ws/install/robomaster_ros/lib/python3.10/site-packages/robomaster_ros/modules
[1.966s] copying /RM_ws/build/robomaster_ros/build/lib/robomaster_ros/discover.py -> /RM_ws/install/robomaster_ros/lib/python3.10/site-packages/robomaster_ros
[1.966s] copying /RM_ws/build/robomaster_ros/build/lib/robomaster_ros/play_audio_opus.py -> /RM_ws/install/robomaster_ros/lib/python3.10/site-packages/robomaster_ros
[1.966s] copying /RM_ws/build/robomaster_ros/build/lib/robomaster_ros/decompress_h264.py -> /RM_ws/install/robomaster_ros/lib/python3.10/site-packages/robomaster_ros
[1.966s] copying /RM_ws/build/robomaster_ros/build/lib/robomaster_ros/keyboard_teleop.py -> /RM_ws/install/robomaster_ros/lib/python3.10/site-packages/robomaster_ros
[1.966s] copying /RM_ws/build/robomaster_ros/build/lib/robomaster_ros/connect.py -> /RM_ws/install/robomaster_ros/lib/python3.10/site-packages/robomaster_ros
[1.966s] copying /RM_ws/build/robomaster_ros/build/lib/robomaster_ros/utils.py -> /RM_ws/install/robomaster_ros/lib/python3.10/site-packages/robomaster_ros
[1.966s] copying /RM_ws/build/robomaster_ros/build/lib/robomaster_ros/robomaster_driver.py -> /RM_ws/install/robomaster_ros/lib/python3.10/site-packages/robomaster_ros
[1.966s] copying /RM_ws/build/robomaster_ros/build/lib/robomaster_ros/__init__.py -> /RM_ws/install/robomaster_ros/lib/python3.10/site-packages/robomaster_ros
[1.966s] copying /RM_ws/build/robomaster_ros/build/lib/robomaster_ros/action.py -> /RM_ws/install/robomaster_ros/lib/python3.10/site-packages/robomaster_ros
[1.967s] byte-compiling /RM_ws/install/robomaster_ros/lib/python3.10/site-packages/robomaster_ros/play_audio.py to play_audio.cpython-310.pyc
[1.967s] byte-compiling /RM_ws/install/robomaster_ros/lib/python3.10/site-packages/robomaster_ros/client.py to client.cpython-310.pyc
[1.973s] byte-compiling /RM_ws/install/robomaster_ros/lib/python3.10/site-packages/robomaster_ros/display_battery.py to display_battery.cpython-310.pyc
[1.974s] byte-compiling /RM_ws/install/robomaster_ros/lib/python3.10/site-packages/robomaster_ros/ftp.py to ftp.cpython-310.pyc
[1.975s] byte-compiling /RM_ws/install/robomaster_ros/lib/python3.10/site-packages/robomaster_ros/new_discover.py to new_discover.cpython-310.pyc
[1.981s] byte-compiling /RM_ws/install/robomaster_ros/lib/python3.10/site-packages/robomaster_ros/modules/camera.py to camera.cpython-310.pyc
[1.982s] byte-compiling /RM_ws/install/robomaster_ros/lib/python3.10/site-packages/robomaster_ros/modules/pwm.py to pwm.cpython-310.pyc
[1.983s] byte-compiling /RM_ws/install/robomaster_ros/lib/python3.10/site-packages/robomaster_ros/modules/led.py to led.cpython-310.pyc
[1.984s] byte-compiling /RM_ws/install/robomaster_ros/lib/python3.10/site-packages/robomaster_ros/modules/speaker.py to speaker.cpython-310.pyc
[1.988s] byte-compiling /RM_ws/install/robomaster_ros/lib/python3.10/site-packages/robomaster_ros/modules/sbus.py to sbus.cpython-310.pyc
[1.988s] byte-compiling /RM_ws/install/robomaster_ros/lib/python3.10/site-packages/robomaster_ros/modules/arm.py to arm.cpython-310.pyc
[1.989s] byte-compiling /RM_ws/install/robomaster_ros/lib/python3.10/site-packages/robomaster_ros/modules/vision.py to vision.cpython-310.pyc
[1.990s] byte-compiling /RM_ws/install/robomaster_ros/lib/python3.10/site-packages/robomaster_ros/modules/uart.py to uart.cpython-310.pyc
[1.991s] byte-compiling /RM_ws/install/robomaster_ros/lib/python3.10/site-packages/robomaster_ros/modules/gimbal.py to gimbal.cpython-310.pyc
[1.993s] byte-compiling /RM_ws/install/robomaster_ros/lib/python3.10/site-packages/robomaster_ros/modules/tof.py to tof.cpython-310.pyc
[1.994s] byte-compiling /RM_ws/install/robomaster_ros/lib/python3.10/site-packages/robomaster_ros/modules/gripper.py to gripper.cpython-310.pyc
[1.998s] byte-compiling /RM_ws/install/robomaster_ros/lib/python3.10/site-packages/robomaster_ros/modules/armor.py to armor.cpython-310.pyc
[1.999s] byte-compiling /RM_ws/install/robomaster_ros/lib/python3.10/site-packages/robomaster_ros/modules/sensor_adapter.py to sensor_adapter.cpython-310.pyc
[2.000s] byte-compiling /RM_ws/install/robomaster_ros/lib/python3.10/site-packages/robomaster_ros/modules/battery.py to battery.cpython-310.pyc
[2.001s] byte-compiling /RM_ws/install/robomaster_ros/lib/python3.10/site-packages/robomaster_ros/modules/servo.py to servo.cpython-310.pyc
[2.005s] byte-compiling /RM_ws/install/robomaster_ros/lib/python3.10/site-packages/robomaster_ros/modules/__init__.py to __init__.cpython-310.pyc
[2.005s] byte-compiling /RM_ws/install/robomaster_ros/lib/python3.10/site-packages/robomaster_ros/modules/chassis.py to chassis.cpython-310.pyc
[2.012s] byte-compiling /RM_ws/install/robomaster_ros/lib/python3.10/site-packages/robomaster_ros/modules/h264_parser.py to h264_parser.cpython-310.pyc
[2.012s] byte-compiling /RM_ws/install/robomaster_ros/lib/python3.10/site-packages/robomaster_ros/modules/blaster.py to blaster.cpython-310.pyc
[2.012s] byte-compiling /RM_ws/install/robomaster_ros/lib/python3.10/site-packages/robomaster_ros/discover.py to discover.cpython-310.pyc
[2.012s] byte-compiling /RM_ws/install/robomaster_ros/lib/python3.10/site-packages/robomaster_ros/play_audio_opus.py to play_audio_opus.cpython-310.pyc
[2.012s] byte-compiling /RM_ws/install/robomaster_ros/lib/python3.10/site-packages/robomaster_ros/decompress_h264.py to decompress_h264.cpython-310.pyc
[2.013s] byte-compiling /RM_ws/install/robomaster_ros/lib/python3.10/site-packages/robomaster_ros/keyboard_teleop.py to keyboard_teleop.cpython-310.pyc
[2.014s] byte-compiling /RM_ws/install/robomaster_ros/lib/python3.10/site-packages/robomaster_ros/connect.py to connect.cpython-310.pyc
[2.015s] byte-compiling /RM_ws/install/robomaster_ros/lib/python3.10/site-packages/robomaster_ros/utils.py to utils.cpython-310.pyc
[2.016s] byte-compiling /RM_ws/install/robomaster_ros/lib/python3.10/site-packages/robomaster_ros/robomaster_driver.py to robomaster_driver.cpython-310.pyc
[2.016s] byte-compiling /RM_ws/install/robomaster_ros/lib/python3.10/site-packages/robomaster_ros/__init__.py to __init__.cpython-310.pyc
[2.017s] byte-compiling /RM_ws/install/robomaster_ros/lib/python3.10/site-packages/robomaster_ros/action.py to action.cpython-310.pyc
[2.018s] running install_data
[2.018s] copying resource/robomaster_ros -> /RM_ws/install/robomaster_ros/share/ament_index/resource_index/packages
[2.018s] copying package.xml -> /RM_ws/install/robomaster_ros/share/robomaster_ros
[2.018s] copying launch/s1.launch -> /RM_ws/install/robomaster_ros/share/robomaster_ros/launch
[2.019s] copying launch/teleop.launch -> /RM_ws/install/robomaster_ros/share/robomaster_ros/launch
[2.019s] copying launch/teleop_linux.launch -> /RM_ws/install/robomaster_ros/share/robomaster_ros/launch
[2.019s] copying launch/decoder.launch -> /RM_ws/install/robomaster_ros/share/robomaster_ros/launch
[2.019s] copying launch/ep.launch -> /RM_ws/install/robomaster_ros/share/robomaster_ros/launch
[2.019s] copying launch/keyboard_teleop.launch -> /RM_ws/install/robomaster_ros/share/robomaster_ros/launch
[2.019s] copying launch/camera.launch -> /RM_ws/install/robomaster_ros/share/robomaster_ros/launch
[2.020s] copying launch/main.launch -> /RM_ws/install/robomaster_ros/share/robomaster_ros/launch
[2.020s] copying launch/main.launch.py -> /RM_ws/install/robomaster_ros/share/robomaster_ros/launch
[2.020s] copying config/joy_config_ep.yaml -> /RM_ws/install/robomaster_ros/share/robomaster_ros/config
[2.020s] copying config/rm_camera_calibration_360.yaml -> /RM_ws/install/robomaster_ros/share/robomaster_ros/config
[2.021s] copying config/rm_ap.yaml -> /RM_ws/install/robomaster_ros/share/robomaster_ros/config
[2.021s] copying config/rm_camera_calibration_360_simulation.yaml -> /RM_ws/install/robomaster_ros/share/robomaster_ros/config
[2.021s] copying config/servos.yaml -> /RM_ws/install/robomaster_ros/share/robomaster_ros/config
[2.021s] copying config/rm_camera_calibration_540.yaml -> /RM_ws/install/robomaster_ros/share/robomaster_ros/config
[2.022s] copying config/rm_camera_calibration_720_simulation.yaml -> /RM_ws/install/robomaster_ros/share/robomaster_ros/config
[2.026s] copying config/rm_camera_calibration_540_simulation.yaml -> /RM_ws/install/robomaster_ros/share/robomaster_ros/config
[2.026s] copying config/rm_camera_calibration_720.yaml -> /RM_ws/install/robomaster_ros/share/robomaster_ros/config
[2.026s] copying config/joy_config_s1.yaml -> /RM_ws/install/robomaster_ros/share/robomaster_ros/config
[2.026s] running install_egg_info
[2.026s] Copying ../../../build/robomaster_ros/robomaster_ros.egg-info to /RM_ws/install/robomaster_ros/lib/python3.10/site-packages/robomaster_ros-0.0.0-py3.10.egg-info
[2.027s] running install_scripts
[2.057s] Installing connect script to /RM_ws/install/robomaster_ros/lib/robomaster_ros
[2.057s] Installing discover script to /RM_ws/install/robomaster_ros/lib/robomaster_ros
[2.057s] Installing display_battery script to /RM_ws/install/robomaster_ros/lib/robomaster_ros
[2.057s] Installing h264_decoder script to /RM_ws/install/robomaster_ros/lib/robomaster_ros
[2.058s] Installing keyboard_teleop script to /RM_ws/install/robomaster_ros/lib/robomaster_ros
[2.058s] Installing play_audio script to /RM_ws/install/robomaster_ros/lib/robomaster_ros
[2.058s] Installing play_opus script to /RM_ws/install/robomaster_ros/lib/robomaster_ros
[2.058s] Installing robomaster_driver script to /RM_ws/install/robomaster_ros/lib/robomaster_ros
[2.059s] writing list of installed files to '/RM_ws/build/robomaster_ros/install.log'
[2.094s] Invoked command in '/RM_ws/src/robomaster_ros_pkg/robomaster_ros' returned '0': PYTHONPATH=/RM_ws/build/robomaster_ros/prefix_override:/usr/lib/python3/dist-packages/colcon_core/task/python/colcon_distutils_commands:/RM_ws/install/robomaster_ros/lib/python3.10/site-packages:${PYTHONPATH} /usr/bin/python3 -W ignore:setup.py install is deprecated -W ignore:easy_install command is deprecated setup.py egg_info --egg-base ../../../build/robomaster_ros build --build-base /RM_ws/build/robomaster_ros/build install --record /RM_ws/build/robomaster_ros/install.log --single-version-externally-managed install_data --force
