[0.015s] Invoking command in '/RM_ws/build/ffmpeg_image_transport_msgs': CMAKE_PREFIX_PATH=${CMAKE_PREFIX_PATH}:/RM_ws/install/robomaster_ros:/opt/ros/humble /usr/bin/cmake --build /RM_ws/build/ffmpeg_image_transport_msgs -- -j8 -l8
[0.068s] [  3%] Built target ffmpeg_image_transport_msgs__cpp
[0.071s] [ 12%] Built target ffmpeg_image_transport_msgs__rosidl_generator_c
[0.092s] [ 12%] Built target ament_cmake_python_symlink_ffmpeg_image_transport_msgs
[0.116s] [ 22%] Built target ffmpeg_image_transport_msgs__rosidl_typesupport_c
[0.122s] [ 32%] Built target ffmpeg_image_transport_msgs__rosidl_typesupport_fastrtps_cpp
[0.122s] [ 41%] Built target ffmpeg_image_transport_msgs__rosidl_typesupport_fastrtps_c
[0.126s] [ 51%] Built target ffmpeg_image_transport_msgs__rosidl_typesupport_introspection_cpp
[0.126s] [ 61%] Built target ffmpeg_image_transport_msgs__rosidl_typesupport_cpp
[0.130s] [ 70%] Built target ffmpeg_image_transport_msgs__rosidl_typesupport_introspection_c
[0.176s] [ 70%] Built target ffmpeg_image_transport_msgs
[0.218s] [ 74%] Built target ffmpeg_image_transport_msgs__py
[0.251s] [ 80%] Built target ffmpeg_image_transport_msgs__rosidl_generator_py
[0.283s] [ 96%] Built target ffmpeg_image_transport_msgs__rosidl_typesupport_c__pyext
[0.283s] [ 96%] Built target ffmpeg_image_transport_msgs__rosidl_typesupport_introspection_c__pyext
[0.283s] [100%] Built target ffmpeg_image_transport_msgs__rosidl_typesupport_fastrtps_c__pyext
[0.399s] running egg_info
[0.399s] writing ffmpeg_image_transport_msgs.egg-info/PKG-INFO
[0.400s] writing dependency_links to ffmpeg_image_transport_msgs.egg-info/dependency_links.txt
[0.400s] writing top-level names to ffmpeg_image_transport_msgs.egg-info/top_level.txt
[0.402s] reading manifest file 'ffmpeg_image_transport_msgs.egg-info/SOURCES.txt'
[0.402s] writing manifest file 'ffmpeg_image_transport_msgs.egg-info/SOURCES.txt'
[0.428s] [100%] Built target ament_cmake_python_build_ffmpeg_image_transport_msgs_egg
[0.439s] Invoked command in '/RM_ws/build/ffmpeg_image_transport_msgs' returned '0': CMAKE_PREFIX_PATH=${CMAKE_PREFIX_PATH}:/RM_ws/install/robomaster_ros:/opt/ros/humble /usr/bin/cmake --build /RM_ws/build/ffmpeg_image_transport_msgs -- -j8 -l8
[0.440s] Invoking command in '/RM_ws/build/ffmpeg_image_transport_msgs': CMAKE_PREFIX_PATH=${CMAKE_PREFIX_PATH}:/RM_ws/install/robomaster_ros:/opt/ros/humble /usr/bin/cmake --install /RM_ws/build/ffmpeg_image_transport_msgs
[0.447s] -- Install configuration: ""
[0.448s] -- Execute custom install script
[0.448s] -- Up-to-date symlink: /RM_ws/install/ffmpeg_image_transport_msgs/share/ament_index/resource_index/rosidl_interfaces/ffmpeg_image_transport_msgs
[0.449s] -- Up-to-date symlink: /RM_ws/install/ffmpeg_image_transport_msgs/include/ffmpeg_image_transport_msgs/ffmpeg_image_transport_msgs/msg/detail/ffmpeg_packet__functions.h
[0.449s] -- Up-to-date symlink: /RM_ws/install/ffmpeg_image_transport_msgs/include/ffmpeg_image_transport_msgs/ffmpeg_image_transport_msgs/msg/detail/ffmpeg_packet__struct.h
[0.449s] -- Up-to-date symlink: /RM_ws/install/ffmpeg_image_transport_msgs/include/ffmpeg_image_transport_msgs/ffmpeg_image_transport_msgs/msg/detail/ffmpeg_packet__type_support.h
[0.449s] -- Up-to-date symlink: /RM_ws/install/ffmpeg_image_transport_msgs/include/ffmpeg_image_transport_msgs/ffmpeg_image_transport_msgs/msg/ffmpeg_packet.h
[0.449s] -- Up-to-date symlink: /RM_ws/install/ffmpeg_image_transport_msgs/include/ffmpeg_image_transport_msgs/ffmpeg_image_transport_msgs/msg/rosidl_generator_c__visibility_control.h
[0.449s] -- Up-to-date symlink: /RM_ws/install/ffmpeg_image_transport_msgs/share/ffmpeg_image_transport_msgs/environment/library_path.sh
[0.449s] -- Up-to-date symlink: /RM_ws/install/ffmpeg_image_transport_msgs/share/ffmpeg_image_transport_msgs/environment/library_path.dsv
[0.450s] -- Up-to-date symlink: /RM_ws/install/ffmpeg_image_transport_msgs/include/ffmpeg_image_transport_msgs/ffmpeg_image_transport_msgs/msg/detail/ffmpeg_packet__rosidl_typesupport_fastrtps_c.h
[0.450s] -- Up-to-date symlink: /RM_ws/install/ffmpeg_image_transport_msgs/include/ffmpeg_image_transport_msgs/ffmpeg_image_transport_msgs/msg/rosidl_typesupport_fastrtps_c__visibility_control.h
[0.450s] -- Up-to-date symlink: /RM_ws/install/ffmpeg_image_transport_msgs/include/ffmpeg_image_transport_msgs/ffmpeg_image_transport_msgs/msg/detail/ffmpeg_packet__builder.hpp
[0.451s] -- Up-to-date symlink: /RM_ws/install/ffmpeg_image_transport_msgs/include/ffmpeg_image_transport_msgs/ffmpeg_image_transport_msgs/msg/detail/ffmpeg_packet__struct.hpp
[0.451s] -- Up-to-date symlink: /RM_ws/install/ffmpeg_image_transport_msgs/include/ffmpeg_image_transport_msgs/ffmpeg_image_transport_msgs/msg/detail/ffmpeg_packet__traits.hpp
[0.451s] -- Up-to-date symlink: /RM_ws/install/ffmpeg_image_transport_msgs/include/ffmpeg_image_transport_msgs/ffmpeg_image_transport_msgs/msg/detail/ffmpeg_packet__type_support.hpp
[0.451s] -- Up-to-date symlink: /RM_ws/install/ffmpeg_image_transport_msgs/include/ffmpeg_image_transport_msgs/ffmpeg_image_transport_msgs/msg/ffmpeg_packet.hpp
[0.451s] -- Up-to-date symlink: /RM_ws/install/ffmpeg_image_transport_msgs/include/ffmpeg_image_transport_msgs/ffmpeg_image_transport_msgs/msg/rosidl_generator_cpp__visibility_control.hpp
[0.452s] -- Up-to-date symlink: /RM_ws/install/ffmpeg_image_transport_msgs/include/ffmpeg_image_transport_msgs/ffmpeg_image_transport_msgs/msg/detail/ffmpeg_packet__rosidl_typesupport_fastrtps_cpp.hpp
[0.452s] -- Up-to-date symlink: /RM_ws/install/ffmpeg_image_transport_msgs/include/ffmpeg_image_transport_msgs/ffmpeg_image_transport_msgs/msg/rosidl_typesupport_fastrtps_cpp__visibility_control.h
[0.452s] -- Up-to-date symlink: /RM_ws/install/ffmpeg_image_transport_msgs/include/ffmpeg_image_transport_msgs/ffmpeg_image_transport_msgs/msg/detail/ffmpeg_packet__rosidl_typesupport_introspection_c.h
[0.452s] -- Up-to-date symlink: /RM_ws/install/ffmpeg_image_transport_msgs/include/ffmpeg_image_transport_msgs/ffmpeg_image_transport_msgs/msg/rosidl_typesupport_introspection_c__visibility_control.h
[0.453s] -- Up-to-date symlink: /RM_ws/install/ffmpeg_image_transport_msgs/include/ffmpeg_image_transport_msgs/ffmpeg_image_transport_msgs/msg/detail/ffmpeg_packet__rosidl_typesupport_introspection_cpp.hpp
[0.453s] -- Up-to-date symlink: /RM_ws/install/ffmpeg_image_transport_msgs/share/ffmpeg_image_transport_msgs/environment/pythonpath.sh
[0.453s] -- Up-to-date symlink: /RM_ws/install/ffmpeg_image_transport_msgs/share/ffmpeg_image_transport_msgs/environment/pythonpath.dsv
[0.453s] -- Up-to-date symlink: /RM_ws/install/ffmpeg_image_transport_msgs/local/lib/python3.10/dist-packages/ffmpeg_image_transport_msgs-1.0.1-py3.10.egg-info/PKG-INFO
[0.454s] -- Up-to-date symlink: /RM_ws/install/ffmpeg_image_transport_msgs/local/lib/python3.10/dist-packages/ffmpeg_image_transport_msgs-1.0.1-py3.10.egg-info/SOURCES.txt
[0.454s] -- Up-to-date symlink: /RM_ws/install/ffmpeg_image_transport_msgs/local/lib/python3.10/dist-packages/ffmpeg_image_transport_msgs-1.0.1-py3.10.egg-info/dependency_links.txt
[0.454s] -- Up-to-date symlink: /RM_ws/install/ffmpeg_image_transport_msgs/local/lib/python3.10/dist-packages/ffmpeg_image_transport_msgs-1.0.1-py3.10.egg-info/top_level.txt
[0.455s] -- Up-to-date symlink: /RM_ws/install/ffmpeg_image_transport_msgs/local/lib/python3.10/dist-packages/ffmpeg_image_transport_msgs/__init__.py
[0.455s] -- Up-to-date symlink: /RM_ws/install/ffmpeg_image_transport_msgs/local/lib/python3.10/dist-packages/ffmpeg_image_transport_msgs/_ffmpeg_image_transport_msgs_s.ep.rosidl_typesupport_c.c
[0.455s] -- Up-to-date symlink: /RM_ws/install/ffmpeg_image_transport_msgs/local/lib/python3.10/dist-packages/ffmpeg_image_transport_msgs/_ffmpeg_image_transport_msgs_s.ep.rosidl_typesupport_fastrtps_c.c
[0.455s] -- Up-to-date symlink: /RM_ws/install/ffmpeg_image_transport_msgs/local/lib/python3.10/dist-packages/ffmpeg_image_transport_msgs/_ffmpeg_image_transport_msgs_s.ep.rosidl_typesupport_introspection_c.c
[0.455s] -- Up-to-date symlink: /RM_ws/install/ffmpeg_image_transport_msgs/local/lib/python3.10/dist-packages/ffmpeg_image_transport_msgs/ffmpeg_image_transport_msgs_s__rosidl_typesupport_c.cpython-310-x86_64-linux-gnu.so
[0.455s] -- Up-to-date symlink: /RM_ws/install/ffmpeg_image_transport_msgs/local/lib/python3.10/dist-packages/ffmpeg_image_transport_msgs/ffmpeg_image_transport_msgs_s__rosidl_typesupport_fastrtps_c.cpython-310-x86_64-linux-gnu.so
[0.455s] -- Up-to-date symlink: /RM_ws/install/ffmpeg_image_transport_msgs/local/lib/python3.10/dist-packages/ffmpeg_image_transport_msgs/ffmpeg_image_transport_msgs_s__rosidl_typesupport_introspection_c.cpython-310-x86_64-linux-gnu.so
[0.455s] -- Up-to-date symlink: /RM_ws/install/ffmpeg_image_transport_msgs/local/lib/python3.10/dist-packages/ffmpeg_image_transport_msgs/libffmpeg_image_transport_msgs__rosidl_generator_py.so
[0.456s] -- Up-to-date symlink: /RM_ws/install/ffmpeg_image_transport_msgs/local/lib/python3.10/dist-packages/ffmpeg_image_transport_msgs/msg/__init__.py
[0.456s] -- Up-to-date symlink: /RM_ws/install/ffmpeg_image_transport_msgs/local/lib/python3.10/dist-packages/ffmpeg_image_transport_msgs/msg/_ffmpeg_packet.py
[0.456s] -- Up-to-date symlink: /RM_ws/install/ffmpeg_image_transport_msgs/local/lib/python3.10/dist-packages/ffmpeg_image_transport_msgs/msg/_ffmpeg_packet_s.c
[0.456s] -- Up-to-date symlink: /RM_ws/install/ffmpeg_image_transport_msgs/local/lib/python3.10/dist-packages/ffmpeg_image_transport_msgs/ffmpeg_image_transport_msgs_s__rosidl_typesupport_fastrtps_c.cpython-310-x86_64-linux-gnu.so
[0.456s] -- Up-to-date symlink: /RM_ws/install/ffmpeg_image_transport_msgs/local/lib/python3.10/dist-packages/ffmpeg_image_transport_msgs/ffmpeg_image_transport_msgs_s__rosidl_typesupport_introspection_c.cpython-310-x86_64-linux-gnu.so
[0.457s] -- Up-to-date symlink: /RM_ws/install/ffmpeg_image_transport_msgs/local/lib/python3.10/dist-packages/ffmpeg_image_transport_msgs/ffmpeg_image_transport_msgs_s__rosidl_typesupport_c.cpython-310-x86_64-linux-gnu.so
[0.458s] -- Up-to-date symlink: /RM_ws/install/ffmpeg_image_transport_msgs/share/ffmpeg_image_transport_msgs/msg/FFMPEGPacket.idl
[0.458s] -- Up-to-date symlink: /RM_ws/install/ffmpeg_image_transport_msgs/share/ffmpeg_image_transport_msgs/msg/FFMPEGPacket.msg
[0.458s] -- Up-to-date symlink: /RM_ws/install/ffmpeg_image_transport_msgs/share/ament_index/resource_index/package_run_dependencies/ffmpeg_image_transport_msgs
[0.458s] -- Up-to-date symlink: /RM_ws/install/ffmpeg_image_transport_msgs/share/ament_index/resource_index/parent_prefix_path/ffmpeg_image_transport_msgs
[0.458s] -- Up-to-date symlink: /RM_ws/install/ffmpeg_image_transport_msgs/share/ffmpeg_image_transport_msgs/environment/ament_prefix_path.sh
[0.459s] -- Up-to-date symlink: /RM_ws/install/ffmpeg_image_transport_msgs/share/ffmpeg_image_transport_msgs/environment/ament_prefix_path.dsv
[0.459s] -- Up-to-date symlink: /RM_ws/install/ffmpeg_image_transport_msgs/share/ffmpeg_image_transport_msgs/environment/path.sh
[0.459s] -- Up-to-date symlink: /RM_ws/install/ffmpeg_image_transport_msgs/share/ffmpeg_image_transport_msgs/environment/path.dsv
[0.460s] -- Up-to-date symlink: /RM_ws/install/ffmpeg_image_transport_msgs/share/ffmpeg_image_transport_msgs/local_setup.bash
[0.460s] -- Up-to-date symlink: /RM_ws/install/ffmpeg_image_transport_msgs/share/ffmpeg_image_transport_msgs/local_setup.sh
[0.460s] -- Up-to-date symlink: /RM_ws/install/ffmpeg_image_transport_msgs/share/ffmpeg_image_transport_msgs/local_setup.zsh
[0.460s] -- Up-to-date symlink: /RM_ws/install/ffmpeg_image_transport_msgs/share/ffmpeg_image_transport_msgs/local_setup.dsv
[0.460s] -- Symlinking: /RM_ws/install/ffmpeg_image_transport_msgs/share/ffmpeg_image_transport_msgs/package.dsv
[0.467s] -- Up-to-date symlink: /RM_ws/install/ffmpeg_image_transport_msgs/share/ament_index/resource_index/packages/ffmpeg_image_transport_msgs
[0.467s] -- Up-to-date symlink: /RM_ws/install/ffmpeg_image_transport_msgs/share/ffmpeg_image_transport_msgs/cmake/rosidl_cmake-extras.cmake
[0.467s] -- Up-to-date symlink: /RM_ws/install/ffmpeg_image_transport_msgs/share/ffmpeg_image_transport_msgs/cmake/ament_cmake_export_dependencies-extras.cmake
[0.467s] -- Up-to-date symlink: /RM_ws/install/ffmpeg_image_transport_msgs/share/ffmpeg_image_transport_msgs/cmake/ament_cmake_export_include_directories-extras.cmake
[0.468s] -- Up-to-date symlink: /RM_ws/install/ffmpeg_image_transport_msgs/share/ffmpeg_image_transport_msgs/cmake/ament_cmake_export_libraries-extras.cmake
[0.468s] -- Up-to-date symlink: /RM_ws/install/ffmpeg_image_transport_msgs/share/ffmpeg_image_transport_msgs/cmake/ament_cmake_export_targets-extras.cmake
[0.468s] -- Up-to-date symlink: /RM_ws/install/ffmpeg_image_transport_msgs/share/ffmpeg_image_transport_msgs/cmake/rosidl_cmake_export_typesupport_targets-extras.cmake
[0.469s] -- Up-to-date symlink: /RM_ws/install/ffmpeg_image_transport_msgs/share/ffmpeg_image_transport_msgs/cmake/rosidl_cmake_export_typesupport_libraries-extras.cmake
[0.469s] -- Up-to-date symlink: /RM_ws/install/ffmpeg_image_transport_msgs/share/ffmpeg_image_transport_msgs/cmake/ffmpeg_image_transport_msgsConfig.cmake
[0.469s] -- Up-to-date symlink: /RM_ws/install/ffmpeg_image_transport_msgs/share/ffmpeg_image_transport_msgs/cmake/ffmpeg_image_transport_msgsConfig-version.cmake
[0.469s] -- Up-to-date symlink: /RM_ws/install/ffmpeg_image_transport_msgs/share/ffmpeg_image_transport_msgs/package.xml
[0.470s] -- Up-to-date: /RM_ws/install/ffmpeg_image_transport_msgs/lib/libffmpeg_image_transport_msgs__rosidl_generator_c.so
[0.470s] -- Up-to-date: /RM_ws/install/ffmpeg_image_transport_msgs/lib/libffmpeg_image_transport_msgs__rosidl_typesupport_fastrtps_c.so
[0.470s] -- Up-to-date: /RM_ws/install/ffmpeg_image_transport_msgs/lib/libffmpeg_image_transport_msgs__rosidl_typesupport_fastrtps_cpp.so
[0.470s] -- Up-to-date: /RM_ws/install/ffmpeg_image_transport_msgs/lib/libffmpeg_image_transport_msgs__rosidl_typesupport_introspection_c.so
[0.471s] -- Up-to-date: /RM_ws/install/ffmpeg_image_transport_msgs/lib/libffmpeg_image_transport_msgs__rosidl_typesupport_c.so
[0.471s] -- Up-to-date: /RM_ws/install/ffmpeg_image_transport_msgs/lib/libffmpeg_image_transport_msgs__rosidl_typesupport_introspection_cpp.so
[0.471s] -- Up-to-date: /RM_ws/install/ffmpeg_image_transport_msgs/lib/libffmpeg_image_transport_msgs__rosidl_typesupport_cpp.so
[0.505s] Listing '/RM_ws/install/ffmpeg_image_transport_msgs/local/lib/python3.10/dist-packages/ffmpeg_image_transport_msgs'...
[0.505s] Listing '/RM_ws/install/ffmpeg_image_transport_msgs/local/lib/python3.10/dist-packages/ffmpeg_image_transport_msgs/msg'...
[0.509s] -- Up-to-date: /RM_ws/install/ffmpeg_image_transport_msgs/lib/libffmpeg_image_transport_msgs__rosidl_generator_py.so
[0.510s] -- Up-to-date: /RM_ws/install/ffmpeg_image_transport_msgs/share/ffmpeg_image_transport_msgs/cmake/export_ffmpeg_image_transport_msgs__rosidl_generator_cExport.cmake
[0.510s] -- Up-to-date: /RM_ws/install/ffmpeg_image_transport_msgs/share/ffmpeg_image_transport_msgs/cmake/export_ffmpeg_image_transport_msgs__rosidl_generator_cExport-noconfig.cmake
[0.511s] -- Up-to-date: /RM_ws/install/ffmpeg_image_transport_msgs/share/ffmpeg_image_transport_msgs/cmake/export_ffmpeg_image_transport_msgs__rosidl_typesupport_fastrtps_cExport.cmake
[0.511s] -- Up-to-date: /RM_ws/install/ffmpeg_image_transport_msgs/share/ffmpeg_image_transport_msgs/cmake/export_ffmpeg_image_transport_msgs__rosidl_typesupport_fastrtps_cExport-noconfig.cmake
[0.511s] -- Up-to-date: /RM_ws/install/ffmpeg_image_transport_msgs/share/ffmpeg_image_transport_msgs/cmake/export_ffmpeg_image_transport_msgs__rosidl_generator_cppExport.cmake
[0.511s] -- Up-to-date: /RM_ws/install/ffmpeg_image_transport_msgs/share/ffmpeg_image_transport_msgs/cmake/export_ffmpeg_image_transport_msgs__rosidl_typesupport_fastrtps_cppExport.cmake
[0.512s] -- Up-to-date: /RM_ws/install/ffmpeg_image_transport_msgs/share/ffmpeg_image_transport_msgs/cmake/export_ffmpeg_image_transport_msgs__rosidl_typesupport_fastrtps_cppExport-noconfig.cmake
[0.512s] -- Up-to-date: /RM_ws/install/ffmpeg_image_transport_msgs/share/ffmpeg_image_transport_msgs/cmake/ffmpeg_image_transport_msgs__rosidl_typesupport_introspection_cExport.cmake
[0.512s] -- Up-to-date: /RM_ws/install/ffmpeg_image_transport_msgs/share/ffmpeg_image_transport_msgs/cmake/ffmpeg_image_transport_msgs__rosidl_typesupport_introspection_cExport-noconfig.cmake
[0.513s] -- Up-to-date: /RM_ws/install/ffmpeg_image_transport_msgs/share/ffmpeg_image_transport_msgs/cmake/ffmpeg_image_transport_msgs__rosidl_typesupport_cExport.cmake
[0.513s] -- Up-to-date: /RM_ws/install/ffmpeg_image_transport_msgs/share/ffmpeg_image_transport_msgs/cmake/ffmpeg_image_transport_msgs__rosidl_typesupport_cExport-noconfig.cmake
[0.513s] -- Up-to-date: /RM_ws/install/ffmpeg_image_transport_msgs/share/ffmpeg_image_transport_msgs/cmake/ffmpeg_image_transport_msgs__rosidl_typesupport_introspection_cppExport.cmake
[0.513s] -- Up-to-date: /RM_ws/install/ffmpeg_image_transport_msgs/share/ffmpeg_image_transport_msgs/cmake/ffmpeg_image_transport_msgs__rosidl_typesupport_introspection_cppExport-noconfig.cmake
[0.514s] -- Up-to-date: /RM_ws/install/ffmpeg_image_transport_msgs/share/ffmpeg_image_transport_msgs/cmake/ffmpeg_image_transport_msgs__rosidl_typesupport_cppExport.cmake
[0.515s] -- Up-to-date: /RM_ws/install/ffmpeg_image_transport_msgs/share/ffmpeg_image_transport_msgs/cmake/ffmpeg_image_transport_msgs__rosidl_typesupport_cppExport-noconfig.cmake
[0.515s] -- Up-to-date: /RM_ws/install/ffmpeg_image_transport_msgs/share/ffmpeg_image_transport_msgs/cmake/export_ffmpeg_image_transport_msgs__rosidl_generator_pyExport.cmake
[0.515s] -- Up-to-date: /RM_ws/install/ffmpeg_image_transport_msgs/share/ffmpeg_image_transport_msgs/cmake/export_ffmpeg_image_transport_msgs__rosidl_generator_pyExport-noconfig.cmake
[0.517s] Invoked command in '/RM_ws/build/ffmpeg_image_transport_msgs' returned '0': CMAKE_PREFIX_PATH=${CMAKE_PREFIX_PATH}:/RM_ws/install/robomaster_ros:/opt/ros/humble /usr/bin/cmake --install /RM_ws/build/ffmpeg_image_transport_msgs
