[ 50%] Built target ffmpeg_image_transport_component
[ 66%] Built target gtest
[ 83%] Built target gtest_main
[100%] Built target ffmpeg_image_transport_test
-- Install configuration: ""
-- Execute custom install script
-- Up-to-date symlink: /RM_ws/install/ffmpeg_image_transport/share/ffmpeg_image_transport/environment/library_path.sh
-- Up-to-date symlink: /RM_ws/install/ffmpeg_image_transport/share/ffmpeg_image_transport/environment/library_path.dsv
-- Up-to-date symlink: /RM_ws/install/ffmpeg_image_transport/include/ffmpeg_image_transport/ffmpeg_publisher.hpp
-- Up-to-date symlink: /RM_ws/install/ffmpeg_image_transport/include/ffmpeg_image_transport/ffmpeg_subscriber.hpp
-- Up-to-date symlink: /RM_ws/install/ffmpeg_image_transport/include/ffmpeg_image_transport/parameter_definition.hpp
-- Up-to-date symlink: /RM_ws/install/ffmpeg_image_transport/include/ffmpeg_image_transport/utils.hpp
-- Up-to-date symlink: /RM_ws/install/ffmpeg_image_transport/share/ffmpeg_image_transport//ffmpeg_plugins.xml
-- Up-to-date symlink: /RM_ws/install/ffmpeg_image_transport/share/ament_index/resource_index/package_run_dependencies/ffmpeg_image_transport
-- Up-to-date symlink: /RM_ws/install/ffmpeg_image_transport/share/ament_index/resource_index/parent_prefix_path/ffmpeg_image_transport
-- Up-to-date symlink: /RM_ws/install/ffmpeg_image_transport/share/ffmpeg_image_transport/environment/ament_prefix_path.sh
-- Up-to-date symlink: /RM_ws/install/ffmpeg_image_transport/share/ffmpeg_image_transport/environment/ament_prefix_path.dsv
-- Up-to-date symlink: /RM_ws/install/ffmpeg_image_transport/share/ffmpeg_image_transport/environment/path.sh
-- Up-to-date symlink: /RM_ws/install/ffmpeg_image_transport/share/ffmpeg_image_transport/environment/path.dsv
-- Up-to-date symlink: /RM_ws/install/ffmpeg_image_transport/share/ffmpeg_image_transport/local_setup.bash
-- Up-to-date symlink: /RM_ws/install/ffmpeg_image_transport/share/ffmpeg_image_transport/local_setup.sh
-- Up-to-date symlink: /RM_ws/install/ffmpeg_image_transport/share/ffmpeg_image_transport/local_setup.zsh
-- Up-to-date symlink: /RM_ws/install/ffmpeg_image_transport/share/ffmpeg_image_transport/local_setup.dsv
-- Symlinking: /RM_ws/install/ffmpeg_image_transport/share/ffmpeg_image_transport/package.dsv
-- Up-to-date symlink: /RM_ws/install/ffmpeg_image_transport/share/ament_index/resource_index/packages/ffmpeg_image_transport
-- Up-to-date symlink: /RM_ws/install/ffmpeg_image_transport/share/ament_index/resource_index/image_transport__pluginlib__plugin/ffmpeg_image_transport
-- Up-to-date symlink: /RM_ws/install/ffmpeg_image_transport/share/ffmpeg_image_transport/cmake/ament_cmake_export_dependencies-extras.cmake
-- Up-to-date symlink: /RM_ws/install/ffmpeg_image_transport/share/ffmpeg_image_transport/cmake/ament_cmake_export_include_directories-extras.cmake
-- Up-to-date symlink: /RM_ws/install/ffmpeg_image_transport/share/ffmpeg_image_transport/cmake/ament_cmake_export_libraries-extras.cmake
-- Up-to-date symlink: /RM_ws/install/ffmpeg_image_transport/share/ffmpeg_image_transport/cmake/ament_cmake_export_targets-extras.cmake
-- Up-to-date symlink: /RM_ws/install/ffmpeg_image_transport/share/ffmpeg_image_transport/cmake/ffmpeg_image_transportConfig.cmake
-- Up-to-date symlink: /RM_ws/install/ffmpeg_image_transport/share/ffmpeg_image_transport/cmake/ffmpeg_image_transportConfig-version.cmake
-- Up-to-date symlink: /RM_ws/install/ffmpeg_image_transport/share/ffmpeg_image_transport/package.xml
-- Up-to-date: /RM_ws/install/ffmpeg_image_transport/lib/libffmpeg_image_transport_component.so
-- Up-to-date: /RM_ws/install/ffmpeg_image_transport/share/ffmpeg_image_transport//launch
-- Up-to-date: /RM_ws/install/ffmpeg_image_transport/share/ffmpeg_image_transport//launch/usb_camera.launch.py
-- Up-to-date: /RM_ws/install/ffmpeg_image_transport/share/ffmpeg_image_transport//launch/republish.launch.py
-- Up-to-date: /RM_ws/install/ffmpeg_image_transport/share/ffmpeg_image_transport/cmake/export_ffmpeg_image_transport_componentExport.cmake
-- Up-to-date: /RM_ws/install/ffmpeg_image_transport/share/ffmpeg_image_transport/cmake/export_ffmpeg_image_transport_componentExport-noconfig.cmake
