-- The C compiler identification is GNU 11.4.0
-- The CXX compiler identification is GNU 11.4.0
-- Detecting C compiler ABI info
-- Detecting C compiler ABI info - done
-- Check for working C compiler: /usr/bin/cc - skipped
-- Detecting C compile features
-- Detecting C compile features - done
-- Detecting CXX compiler ABI info
-- Detecting CXX compiler ABI info - done
-- Check for working CXX compiler: /usr/bin/c++ - skipped
-- Detecting CXX compile features
-- Detecting CXX compile features - done
-- Found ament_cmake: 1.3.12 (/opt/ros/humble/share/ament_cmake/cmake)
-- Found Python3: /usr/bin/python3 (found version "3.10.12") found components: Interpreter 
-- Override CMake install command with custom implementation using symlinks instead of copying resources
-- Found ament_cmake_ros: 0.10.0 (/opt/ros/humble/share/ament_cmake_ros/cmake)
-- Found ffmpeg_image_transport_msgs: 1.0.1 (/RM_ws/install/ffmpeg_image_transport_msgs/share/ffmpeg_image_transport_msgs/cmake)
-- Found rosidl_generator_c: 3.1.7 (/opt/ros/humble/share/rosidl_generator_c/cmake)
-- Found rosidl_adapter: 3.1.7 (/opt/ros/humble/share/rosidl_adapter/cmake)
-- Found rosidl_generator_cpp: 3.1.7 (/opt/ros/humble/share/rosidl_generator_cpp/cmake)
-- Using all available rosidl_typesupport_c: rosidl_typesupport_fastrtps_c;rosidl_typesupport_introspection_c
-- Using all available rosidl_typesupport_cpp: rosidl_typesupport_fastrtps_cpp;rosidl_typesupport_introspection_cpp
-- Found ffmpeg_encoder_decoder: 1.0.0 (/RM_ws/install/ffmpeg_encoder_decoder/share/ffmpeg_encoder_decoder/cmake)
-- Found PkgConfig: /usr/bin/pkg-config (found version "0.29.2") 
-- Checking for modules 'libavcodec;libswresample;libswscale;libavutil'
--   Found libavcodec, version 58.134.100
--   Found libswresample, version 3.9.100
--   Found libswscale, version 5.9.100
--   Found libavutil, version 56.70.100
-- Found rmw_implementation_cmake: 6.1.2 (/opt/ros/humble/share/rmw_implementation_cmake/cmake)
-- Found rmw_fastrtps_cpp: 6.2.8 (/opt/ros/humble/share/rmw_fastrtps_cpp/cmake)
-- Found OpenSSL: /usr/lib/x86_64-linux-gnu/libcrypto.so (found version "3.0.2")  
-- Found FastRTPS: /opt/ros/humble/include  
-- Using RMW implementation 'rmw_fastrtps_cpp' as default
-- Looking for pthread.h
-- Looking for pthread.h - found
-- Performing Test CMAKE_HAVE_LIBC_PTHREAD
-- Performing Test CMAKE_HAVE_LIBC_PTHREAD - Success
-- Found Threads: TRUE  
-- Found image_transport: 3.1.12 (/opt/ros/humble/share/image_transport/cmake)
-- Found ament_cmake_black: 0.2.6 (/opt/ros/humble/share/ament_cmake_black/cmake)
-- Found ament_cmake_copyright: 0.12.14 (/opt/ros/humble/share/ament_cmake_copyright/cmake)
-- Found ament_cmake_cppcheck: 0.12.14 (/opt/ros/humble/share/ament_cmake_cppcheck/cmake)
-- Found ament_cmake_cpplint: 0.12.14 (/opt/ros/humble/share/ament_cmake_cpplint/cmake)
-- Found ament_cmake_lint_cmake: 0.12.14 (/opt/ros/humble/share/ament_cmake_lint_cmake/cmake)
-- Found ament_cmake_clang_format: 0.12.14 (/opt/ros/humble/share/ament_cmake_clang_format/cmake)
-- Found ament_cmake_xmllint: 0.12.14 (/opt/ros/humble/share/ament_cmake_xmllint/cmake)
-- Found ament_cmake_pep257: 0.12.14 (/opt/ros/humble/share/ament_cmake_pep257/cmake)
-- Found gtest sources under '/opt/ros/humble/src/gtest_vendor': C++ tests using 'Google Test' will be built
-- Configuring done
-- Generating done
-- Build files have been written to: /RM_ws/build/ffmpeg_image_transport
[  8%] [32mBuilding CXX object CMakeFiles/ffmpeg_image_transport_component.dir/src/ffmpeg_publisher.cpp.o[0m
[ 16%] [32mBuilding CXX object CMakeFiles/ffmpeg_image_transport_component.dir/src/ffmpeg_subscriber.cpp.o[0m
[ 25%] [32mBuilding CXX object CMakeFiles/ffmpeg_image_transport_component.dir/src/utils.cpp.o[0m
[ 33%] [32mBuilding CXX object CMakeFiles/ffmpeg_image_transport_component.dir/src/parameter_definition.cpp.o[0m
[ 41%] [32mBuilding CXX object CMakeFiles/ffmpeg_image_transport_component.dir/src/manifest.cpp.o[0m
[ 50%] [32mBuilding CXX object gtest/CMakeFiles/gtest_main.dir/src/gtest_main.cc.o[0m
[ 58%] [32mBuilding CXX object gtest/CMakeFiles/gtest.dir/src/gtest-all.cc.o[0m
[ 66%] [32m[1mLinking CXX static library libgtest_main.a[0m
[ 66%] Built target gtest_main
[ 75%] [32m[1mLinking CXX static library libgtest.a[0m
[ 75%] Built target gtest
[ 83%] [32mBuilding CXX object CMakeFiles/ffmpeg_image_transport_test.dir/test/test_1.cpp.o[0m
[ 91%] [32m[1mLinking CXX executable ffmpeg_image_transport_test[0m
[ 91%] Built target ffmpeg_image_transport_test
[100%] [32m[1mLinking CXX shared library libffmpeg_image_transport_component.so[0m
[100%] Built target ffmpeg_image_transport_component
-- Install configuration: ""
-- Execute custom install script
-- Symlinking: /RM_ws/install/ffmpeg_image_transport/share/ffmpeg_image_transport/environment/library_path.sh
-- Symlinking: /RM_ws/install/ffmpeg_image_transport/share/ffmpeg_image_transport/environment/library_path.dsv
-- Symlinking: /RM_ws/install/ffmpeg_image_transport/include/ffmpeg_image_transport/ffmpeg_publisher.hpp
-- Symlinking: /RM_ws/install/ffmpeg_image_transport/include/ffmpeg_image_transport/ffmpeg_subscriber.hpp
-- Symlinking: /RM_ws/install/ffmpeg_image_transport/include/ffmpeg_image_transport/parameter_definition.hpp
-- Symlinking: /RM_ws/install/ffmpeg_image_transport/include/ffmpeg_image_transport/utils.hpp
-- Symlinking: /RM_ws/install/ffmpeg_image_transport/share/ffmpeg_image_transport//ffmpeg_plugins.xml
-- Symlinking: /RM_ws/install/ffmpeg_image_transport/share/ament_index/resource_index/package_run_dependencies/ffmpeg_image_transport
-- Symlinking: /RM_ws/install/ffmpeg_image_transport/share/ament_index/resource_index/parent_prefix_path/ffmpeg_image_transport
-- Symlinking: /RM_ws/install/ffmpeg_image_transport/share/ffmpeg_image_transport/environment/ament_prefix_path.sh
-- Symlinking: /RM_ws/install/ffmpeg_image_transport/share/ffmpeg_image_transport/environment/ament_prefix_path.dsv
-- Symlinking: /RM_ws/install/ffmpeg_image_transport/share/ffmpeg_image_transport/environment/path.sh
-- Symlinking: /RM_ws/install/ffmpeg_image_transport/share/ffmpeg_image_transport/environment/path.dsv
-- Symlinking: /RM_ws/install/ffmpeg_image_transport/share/ffmpeg_image_transport/local_setup.bash
-- Symlinking: /RM_ws/install/ffmpeg_image_transport/share/ffmpeg_image_transport/local_setup.sh
-- Symlinking: /RM_ws/install/ffmpeg_image_transport/share/ffmpeg_image_transport/local_setup.zsh
-- Symlinking: /RM_ws/install/ffmpeg_image_transport/share/ffmpeg_image_transport/local_setup.dsv
-- Symlinking: /RM_ws/install/ffmpeg_image_transport/share/ffmpeg_image_transport/package.dsv
-- Symlinking: /RM_ws/install/ffmpeg_image_transport/share/ament_index/resource_index/packages/ffmpeg_image_transport
-- Symlinking: /RM_ws/install/ffmpeg_image_transport/share/ament_index/resource_index/image_transport__pluginlib__plugin/ffmpeg_image_transport
-- Symlinking: /RM_ws/install/ffmpeg_image_transport/share/ffmpeg_image_transport/cmake/ament_cmake_export_dependencies-extras.cmake
-- Symlinking: /RM_ws/install/ffmpeg_image_transport/share/ffmpeg_image_transport/cmake/ament_cmake_export_include_directories-extras.cmake
-- Symlinking: /RM_ws/install/ffmpeg_image_transport/share/ffmpeg_image_transport/cmake/ament_cmake_export_libraries-extras.cmake
-- Symlinking: /RM_ws/install/ffmpeg_image_transport/share/ffmpeg_image_transport/cmake/ament_cmake_export_targets-extras.cmake
-- Symlinking: /RM_ws/install/ffmpeg_image_transport/share/ffmpeg_image_transport/cmake/ffmpeg_image_transportConfig.cmake
-- Symlinking: /RM_ws/install/ffmpeg_image_transport/share/ffmpeg_image_transport/cmake/ffmpeg_image_transportConfig-version.cmake
-- Symlinking: /RM_ws/install/ffmpeg_image_transport/share/ffmpeg_image_transport/package.xml
-- Installing: /RM_ws/install/ffmpeg_image_transport/lib/libffmpeg_image_transport_component.so
-- Set runtime path of "/RM_ws/install/ffmpeg_image_transport/lib/libffmpeg_image_transport_component.so" to ""
-- Installing: /RM_ws/install/ffmpeg_image_transport/share/ffmpeg_image_transport//launch
-- Installing: /RM_ws/install/ffmpeg_image_transport/share/ffmpeg_image_transport//launch/usb_camera.launch.py
-- Installing: /RM_ws/install/ffmpeg_image_transport/share/ffmpeg_image_transport//launch/republish.launch.py
-- Installing: /RM_ws/install/ffmpeg_image_transport/share/ffmpeg_image_transport/cmake/export_ffmpeg_image_transport_componentExport.cmake
-- Installing: /RM_ws/install/ffmpeg_image_transport/share/ffmpeg_image_transport/cmake/export_ffmpeg_image_transport_componentExport-noconfig.cmake
