[0.043s] Invoking command in '/RM_ws/build/ffmpeg_image_transport': CMAKE_PREFIX_PATH=/RM_ws/install/ffmpeg_encoder_decoder:/RM_ws/install/ffmpeg_image_transport_msgs:/RM_ws/install/robomaster_msgs:/RM_ws/install/robomaster_description:/RM_ws/install/ffmpeg_image_transport:/opt/ros/humble LD_LIBRARY_PATH=/RM_ws/install/ffmpeg_encoder_decoder/lib:/RM_ws/install/ffmpeg_image_transport_msgs/lib:/RM_ws/install/robomaster_msgs/lib:/RM_ws/install/ffmpeg_image_transport/lib:/opt/ros/humble/opt/rviz_ogre_vendor/lib:/opt/ros/humble/lib/x86_64-linux-gnu:/opt/ros/humble/lib /usr/bin/cmake /RM_ws/src/ffmpeg_image_transport -DAMENT_CMAKE_SYMLINK_INSTALL=1 -DCMAKE_INSTALL_PREFIX=/RM_ws/install/ffmpeg_image_transport
[0.161s] -- The C compiler identification is GNU 11.4.0
[0.312s] -- The CXX compiler identification is GNU 11.4.0
[0.332s] -- Detecting C compiler ABI info
[0.511s] -- Detecting C compiler ABI info - done
[0.530s] -- Check for working C compiler: /usr/bin/cc - skipped
[0.530s] -- Detecting C compile features
[0.531s] -- Detecting C compile features - done
[0.535s] -- Detecting CXX compiler ABI info
[0.692s] -- Detecting CXX compiler ABI info - done
[0.713s] -- Check for working CXX compiler: /usr/bin/c++ - skipped
[0.714s] -- Detecting CXX compile features
[0.714s] -- Detecting CXX compile features - done
[0.727s] -- Found ament_cmake: 1.3.12 (/opt/ros/humble/share/ament_cmake/cmake)
[0.972s] -- Found Python3: /usr/bin/python3 (found version "3.10.12") found components: Interpreter 
[1.067s] -- Override CMake install command with custom implementation using symlinks instead of copying resources
[1.132s] -- Found ament_cmake_ros: 0.10.0 (/opt/ros/humble/share/ament_cmake_ros/cmake)
[1.143s] -- Found ffmpeg_image_transport_msgs: 1.0.1 (/RM_ws/install/ffmpeg_image_transport_msgs/share/ffmpeg_image_transport_msgs/cmake)
[1.197s] -- Found rosidl_generator_c: 3.1.7 (/opt/ros/humble/share/rosidl_generator_c/cmake)
[1.206s] -- Found rosidl_adapter: 3.1.7 (/opt/ros/humble/share/rosidl_adapter/cmake)
[1.224s] -- Found rosidl_generator_cpp: 3.1.7 (/opt/ros/humble/share/rosidl_generator_cpp/cmake)
[1.244s] -- Using all available rosidl_typesupport_c: rosidl_typesupport_fastrtps_c;rosidl_typesupport_introspection_c
[1.270s] -- Using all available rosidl_typesupport_cpp: rosidl_typesupport_fastrtps_cpp;rosidl_typesupport_introspection_cpp
[1.337s] -- Found ffmpeg_encoder_decoder: 1.0.0 (/RM_ws/install/ffmpeg_encoder_decoder/share/ffmpeg_encoder_decoder/cmake)
[1.346s] -- Found PkgConfig: /usr/bin/pkg-config (found version "0.29.2") 
[1.350s] -- Checking for modules 'libavcodec;libswresample;libswscale;libavutil'
[1.395s] --   Found libavcodec, version 58.134.100
[1.425s] --   Found libswresample, version 3.9.100
[1.452s] --   Found libswscale, version 5.9.100
[1.467s] --   Found libavutil, version 56.70.100
[1.684s] -- Found rmw_implementation_cmake: 6.1.2 (/opt/ros/humble/share/rmw_implementation_cmake/cmake)
[1.689s] -- Found rmw_fastrtps_cpp: 6.2.8 (/opt/ros/humble/share/rmw_fastrtps_cpp/cmake)
[1.882s] -- Found OpenSSL: /usr/lib/x86_64-linux-gnu/libcrypto.so (found version "3.0.2")  
[1.931s] -- Found FastRTPS: /opt/ros/humble/include  
[2.001s] -- Using RMW implementation 'rmw_fastrtps_cpp' as default
[2.015s] -- Looking for pthread.h
[2.168s] -- Looking for pthread.h - found
[2.170s] -- Performing Test CMAKE_HAVE_LIBC_PTHREAD
[2.342s] -- Performing Test CMAKE_HAVE_LIBC_PTHREAD - Success
[2.344s] -- Found Threads: TRUE  
[2.500s] -- Found image_transport: 3.1.12 (/opt/ros/humble/share/image_transport/cmake)
[2.589s] -- Found ament_cmake_black: 0.2.6 (/opt/ros/humble/share/ament_cmake_black/cmake)
[2.592s] -- Found ament_cmake_copyright: 0.12.14 (/opt/ros/humble/share/ament_cmake_copyright/cmake)
[2.600s] -- Found ament_cmake_cppcheck: 0.12.14 (/opt/ros/humble/share/ament_cmake_cppcheck/cmake)
[2.603s] -- Found ament_cmake_cpplint: 0.12.14 (/opt/ros/humble/share/ament_cmake_cpplint/cmake)
[2.606s] -- Found ament_cmake_lint_cmake: 0.12.14 (/opt/ros/humble/share/ament_cmake_lint_cmake/cmake)
[2.609s] -- Found ament_cmake_clang_format: 0.12.14 (/opt/ros/humble/share/ament_cmake_clang_format/cmake)
[2.612s] -- Found ament_cmake_xmllint: 0.12.14 (/opt/ros/humble/share/ament_cmake_xmllint/cmake)
[2.620s] -- Found ament_cmake_pep257: 0.12.14 (/opt/ros/humble/share/ament_cmake_pep257/cmake)
[2.633s] -- Found gtest sources under '/opt/ros/humble/src/gtest_vendor': C++ tests using 'Google Test' will be built
[2.766s] -- Configuring done
[2.799s] -- Generating done
[2.810s] -- Build files have been written to: /RM_ws/build/ffmpeg_image_transport
[2.827s] Invoked command in '/RM_ws/build/ffmpeg_image_transport' returned '0': CMAKE_PREFIX_PATH=/RM_ws/install/ffmpeg_encoder_decoder:/RM_ws/install/ffmpeg_image_transport_msgs:/RM_ws/install/robomaster_msgs:/RM_ws/install/robomaster_description:/RM_ws/install/ffmpeg_image_transport:/opt/ros/humble LD_LIBRARY_PATH=/RM_ws/install/ffmpeg_encoder_decoder/lib:/RM_ws/install/ffmpeg_image_transport_msgs/lib:/RM_ws/install/robomaster_msgs/lib:/RM_ws/install/ffmpeg_image_transport/lib:/opt/ros/humble/opt/rviz_ogre_vendor/lib:/opt/ros/humble/lib/x86_64-linux-gnu:/opt/ros/humble/lib /usr/bin/cmake /RM_ws/src/ffmpeg_image_transport -DAMENT_CMAKE_SYMLINK_INSTALL=1 -DCMAKE_INSTALL_PREFIX=/RM_ws/install/ffmpeg_image_transport
[2.828s] Invoking command in '/RM_ws/build/ffmpeg_image_transport': CMAKE_PREFIX_PATH=/RM_ws/install/ffmpeg_encoder_decoder:/RM_ws/install/ffmpeg_image_transport_msgs:/RM_ws/install/robomaster_msgs:/RM_ws/install/robomaster_description:/RM_ws/install/ffmpeg_image_transport:/opt/ros/humble LD_LIBRARY_PATH=/RM_ws/install/ffmpeg_encoder_decoder/lib:/RM_ws/install/ffmpeg_image_transport_msgs/lib:/RM_ws/install/robomaster_msgs/lib:/RM_ws/install/ffmpeg_image_transport/lib:/opt/ros/humble/opt/rviz_ogre_vendor/lib:/opt/ros/humble/lib/x86_64-linux-gnu:/opt/ros/humble/lib /usr/bin/cmake --build /RM_ws/build/ffmpeg_image_transport -- -j8 -l8
[2.916s] [  8%] [32mBuilding CXX object CMakeFiles/ffmpeg_image_transport_component.dir/src/ffmpeg_publisher.cpp.o[0m
[2.917s] [ 16%] [32mBuilding CXX object CMakeFiles/ffmpeg_image_transport_component.dir/src/ffmpeg_subscriber.cpp.o[0m
[2.923s] [ 25%] [32mBuilding CXX object CMakeFiles/ffmpeg_image_transport_component.dir/src/utils.cpp.o[0m
[2.927s] [ 33%] [32mBuilding CXX object CMakeFiles/ffmpeg_image_transport_component.dir/src/parameter_definition.cpp.o[0m
[2.936s] [ 41%] [32mBuilding CXX object CMakeFiles/ffmpeg_image_transport_component.dir/src/manifest.cpp.o[0m
[2.938s] [ 50%] [32mBuilding CXX object gtest/CMakeFiles/gtest_main.dir/src/gtest_main.cc.o[0m
[2.946s] [ 58%] [32mBuilding CXX object gtest/CMakeFiles/gtest.dir/src/gtest-all.cc.o[0m
[4.829s] [ 66%] [32m[1mLinking CXX static library libgtest_main.a[0m
[4.898s] [ 66%] Built target gtest_main
[11.553s] [ 75%] [32m[1mLinking CXX static library libgtest.a[0m
[11.715s] [ 75%] Built target gtest
[11.781s] [ 83%] [32mBuilding CXX object CMakeFiles/ffmpeg_image_transport_test.dir/test/test_1.cpp.o[0m
[17.852s] [ 91%] [32m[1mLinking CXX executable ffmpeg_image_transport_test[0m
[18.059s] [ 91%] Built target ffmpeg_image_transport_test
[18.264s] [100%] [32m[1mLinking CXX shared library libffmpeg_image_transport_component.so[0m
[18.776s] [100%] Built target ffmpeg_image_transport_component
[18.787s] Invoked command in '/RM_ws/build/ffmpeg_image_transport' returned '0': CMAKE_PREFIX_PATH=/RM_ws/install/ffmpeg_encoder_decoder:/RM_ws/install/ffmpeg_image_transport_msgs:/RM_ws/install/robomaster_msgs:/RM_ws/install/robomaster_description:/RM_ws/install/ffmpeg_image_transport:/opt/ros/humble LD_LIBRARY_PATH=/RM_ws/install/ffmpeg_encoder_decoder/lib:/RM_ws/install/ffmpeg_image_transport_msgs/lib:/RM_ws/install/robomaster_msgs/lib:/RM_ws/install/ffmpeg_image_transport/lib:/opt/ros/humble/opt/rviz_ogre_vendor/lib:/opt/ros/humble/lib/x86_64-linux-gnu:/opt/ros/humble/lib /usr/bin/cmake --build /RM_ws/build/ffmpeg_image_transport -- -j8 -l8
[18.789s] Invoking command in '/RM_ws/build/ffmpeg_image_transport': CMAKE_PREFIX_PATH=/RM_ws/install/ffmpeg_encoder_decoder:/RM_ws/install/ffmpeg_image_transport_msgs:/RM_ws/install/robomaster_msgs:/RM_ws/install/robomaster_description:/RM_ws/install/ffmpeg_image_transport:/opt/ros/humble LD_LIBRARY_PATH=/RM_ws/install/ffmpeg_encoder_decoder/lib:/RM_ws/install/ffmpeg_image_transport_msgs/lib:/RM_ws/install/robomaster_msgs/lib:/RM_ws/install/ffmpeg_image_transport/lib:/opt/ros/humble/opt/rviz_ogre_vendor/lib:/opt/ros/humble/lib/x86_64-linux-gnu:/opt/ros/humble/lib /usr/bin/cmake --install /RM_ws/build/ffmpeg_image_transport
[18.795s] -- Install configuration: ""
[18.795s] -- Execute custom install script
[18.796s] -- Symlinking: /RM_ws/install/ffmpeg_image_transport/share/ffmpeg_image_transport/environment/library_path.sh
[18.804s] -- Symlinking: /RM_ws/install/ffmpeg_image_transport/share/ffmpeg_image_transport/environment/library_path.dsv
[18.812s] -- Symlinking: /RM_ws/install/ffmpeg_image_transport/include/ffmpeg_image_transport/ffmpeg_publisher.hpp
[18.819s] -- Symlinking: /RM_ws/install/ffmpeg_image_transport/include/ffmpeg_image_transport/ffmpeg_subscriber.hpp
[18.827s] -- Symlinking: /RM_ws/install/ffmpeg_image_transport/include/ffmpeg_image_transport/parameter_definition.hpp
[18.835s] -- Symlinking: /RM_ws/install/ffmpeg_image_transport/include/ffmpeg_image_transport/utils.hpp
[18.843s] -- Symlinking: /RM_ws/install/ffmpeg_image_transport/share/ffmpeg_image_transport//ffmpeg_plugins.xml
[18.851s] -- Symlinking: /RM_ws/install/ffmpeg_image_transport/share/ament_index/resource_index/package_run_dependencies/ffmpeg_image_transport
[18.858s] -- Symlinking: /RM_ws/install/ffmpeg_image_transport/share/ament_index/resource_index/parent_prefix_path/ffmpeg_image_transport
[18.866s] -- Symlinking: /RM_ws/install/ffmpeg_image_transport/share/ffmpeg_image_transport/environment/ament_prefix_path.sh
[18.874s] -- Symlinking: /RM_ws/install/ffmpeg_image_transport/share/ffmpeg_image_transport/environment/ament_prefix_path.dsv
[18.882s] -- Symlinking: /RM_ws/install/ffmpeg_image_transport/share/ffmpeg_image_transport/environment/path.sh
[18.889s] -- Symlinking: /RM_ws/install/ffmpeg_image_transport/share/ffmpeg_image_transport/environment/path.dsv
[18.897s] -- Symlinking: /RM_ws/install/ffmpeg_image_transport/share/ffmpeg_image_transport/local_setup.bash
[18.905s] -- Symlinking: /RM_ws/install/ffmpeg_image_transport/share/ffmpeg_image_transport/local_setup.sh
[18.912s] -- Symlinking: /RM_ws/install/ffmpeg_image_transport/share/ffmpeg_image_transport/local_setup.zsh
[18.920s] -- Symlinking: /RM_ws/install/ffmpeg_image_transport/share/ffmpeg_image_transport/local_setup.dsv
[18.928s] -- Symlinking: /RM_ws/install/ffmpeg_image_transport/share/ffmpeg_image_transport/package.dsv
[18.936s] -- Symlinking: /RM_ws/install/ffmpeg_image_transport/share/ament_index/resource_index/packages/ffmpeg_image_transport
[18.944s] -- Symlinking: /RM_ws/install/ffmpeg_image_transport/share/ament_index/resource_index/image_transport__pluginlib__plugin/ffmpeg_image_transport
[18.951s] -- Symlinking: /RM_ws/install/ffmpeg_image_transport/share/ffmpeg_image_transport/cmake/ament_cmake_export_dependencies-extras.cmake
[18.959s] -- Symlinking: /RM_ws/install/ffmpeg_image_transport/share/ffmpeg_image_transport/cmake/ament_cmake_export_include_directories-extras.cmake
[18.967s] -- Symlinking: /RM_ws/install/ffmpeg_image_transport/share/ffmpeg_image_transport/cmake/ament_cmake_export_libraries-extras.cmake
[18.974s] -- Symlinking: /RM_ws/install/ffmpeg_image_transport/share/ffmpeg_image_transport/cmake/ament_cmake_export_targets-extras.cmake
[18.982s] -- Symlinking: /RM_ws/install/ffmpeg_image_transport/share/ffmpeg_image_transport/cmake/ffmpeg_image_transportConfig.cmake
[18.990s] -- Symlinking: /RM_ws/install/ffmpeg_image_transport/share/ffmpeg_image_transport/cmake/ffmpeg_image_transportConfig-version.cmake
[18.997s] -- Symlinking: /RM_ws/install/ffmpeg_image_transport/share/ffmpeg_image_transport/package.xml
[19.005s] -- Installing: /RM_ws/install/ffmpeg_image_transport/lib/libffmpeg_image_transport_component.so
[19.011s] -- Set runtime path of "/RM_ws/install/ffmpeg_image_transport/lib/libffmpeg_image_transport_component.so" to ""
[19.011s] -- Installing: /RM_ws/install/ffmpeg_image_transport/share/ffmpeg_image_transport//launch
[19.011s] -- Installing: /RM_ws/install/ffmpeg_image_transport/share/ffmpeg_image_transport//launch/usb_camera.launch.py
[19.011s] -- Installing: /RM_ws/install/ffmpeg_image_transport/share/ffmpeg_image_transport//launch/republish.launch.py
[19.011s] -- Installing: /RM_ws/install/ffmpeg_image_transport/share/ffmpeg_image_transport/cmake/export_ffmpeg_image_transport_componentExport.cmake
[19.011s] -- Installing: /RM_ws/install/ffmpeg_image_transport/share/ffmpeg_image_transport/cmake/export_ffmpeg_image_transport_componentExport-noconfig.cmake
[19.013s] Invoked command in '/RM_ws/build/ffmpeg_image_transport' returned '0': CMAKE_PREFIX_PATH=/RM_ws/install/ffmpeg_encoder_decoder:/RM_ws/install/ffmpeg_image_transport_msgs:/RM_ws/install/robomaster_msgs:/RM_ws/install/robomaster_description:/RM_ws/install/ffmpeg_image_transport:/opt/ros/humble LD_LIBRARY_PATH=/RM_ws/install/ffmpeg_encoder_decoder/lib:/RM_ws/install/ffmpeg_image_transport_msgs/lib:/RM_ws/install/robomaster_msgs/lib:/RM_ws/install/ffmpeg_image_transport/lib:/opt/ros/humble/opt/rviz_ogre_vendor/lib:/opt/ros/humble/lib/x86_64-linux-gnu:/opt/ros/humble/lib /usr/bin/cmake --install /RM_ws/build/ffmpeg_image_transport
