[0.011s] Invoking command in '/RM_ws/build/ffmpeg_image_transport': CMAKE_PREFIX_PATH=/RM_ws/install/ffmpeg_encoder_decoder:/RM_ws/install/ffmpeg_image_transport_msgs:/RM_ws/install/robomaster_msgs:/RM_ws/install/robomaster_description:/RM_ws/install/ffmpeg_image_transport:/RM_ws/install/robomaster_ros:/opt/ros/humble LD_LIBRARY_PATH=/RM_ws/install/ffmpeg_encoder_decoder/lib:/RM_ws/install/ffmpeg_image_transport_msgs/lib:/RM_ws/install/robomaster_msgs/lib:/RM_ws/install/ffmpeg_image_transport/lib:/opt/ros/humble/opt/rviz_ogre_vendor/lib:/opt/ros/humble/lib/x86_64-linux-gnu:/opt/ros/humble/lib /usr/bin/cmake --build /RM_ws/build/ffmpeg_image_transport -- -j8 -l8
[0.061s] [ 16%] Built target gtest_main
[0.071s] [ 33%] Built target gtest
[0.077s] [ 83%] Built target ffmpeg_image_transport_component
[0.096s] [100%] Built target ffmpeg_image_transport_test
[0.106s] Invoked command in '/RM_ws/build/ffmpeg_image_transport' returned '0': CMAKE_PREFIX_PATH=/RM_ws/install/ffmpeg_encoder_decoder:/RM_ws/install/ffmpeg_image_transport_msgs:/RM_ws/install/robomaster_msgs:/RM_ws/install/robomaster_description:/RM_ws/install/ffmpeg_image_transport:/RM_ws/install/robomaster_ros:/opt/ros/humble LD_LIBRARY_PATH=/RM_ws/install/ffmpeg_encoder_decoder/lib:/RM_ws/install/ffmpeg_image_transport_msgs/lib:/RM_ws/install/robomaster_msgs/lib:/RM_ws/install/ffmpeg_image_transport/lib:/opt/ros/humble/opt/rviz_ogre_vendor/lib:/opt/ros/humble/lib/x86_64-linux-gnu:/opt/ros/humble/lib /usr/bin/cmake --build /RM_ws/build/ffmpeg_image_transport -- -j8 -l8
[0.107s] Invoking command in '/RM_ws/build/ffmpeg_image_transport': CMAKE_PREFIX_PATH=/RM_ws/install/ffmpeg_encoder_decoder:/RM_ws/install/ffmpeg_image_transport_msgs:/RM_ws/install/robomaster_msgs:/RM_ws/install/robomaster_description:/RM_ws/install/ffmpeg_image_transport:/RM_ws/install/robomaster_ros:/opt/ros/humble LD_LIBRARY_PATH=/RM_ws/install/ffmpeg_encoder_decoder/lib:/RM_ws/install/ffmpeg_image_transport_msgs/lib:/RM_ws/install/robomaster_msgs/lib:/RM_ws/install/ffmpeg_image_transport/lib:/opt/ros/humble/opt/rviz_ogre_vendor/lib:/opt/ros/humble/lib/x86_64-linux-gnu:/opt/ros/humble/lib /usr/bin/cmake --install /RM_ws/build/ffmpeg_image_transport
[0.114s] -- Install configuration: ""
[0.114s] -- Execute custom install script
[0.114s] -- Up-to-date symlink: /RM_ws/install/ffmpeg_image_transport/share/ffmpeg_image_transport/environment/library_path.sh
[0.115s] -- Up-to-date symlink: /RM_ws/install/ffmpeg_image_transport/share/ffmpeg_image_transport/environment/library_path.dsv
[0.115s] -- Up-to-date symlink: /RM_ws/install/ffmpeg_image_transport/include/ffmpeg_image_transport/ffmpeg_publisher.hpp
[0.115s] -- Up-to-date symlink: /RM_ws/install/ffmpeg_image_transport/include/ffmpeg_image_transport/ffmpeg_subscriber.hpp
[0.115s] -- Up-to-date symlink: /RM_ws/install/ffmpeg_image_transport/include/ffmpeg_image_transport/parameter_definition.hpp
[0.115s] -- Up-to-date symlink: /RM_ws/install/ffmpeg_image_transport/include/ffmpeg_image_transport/utils.hpp
[0.115s] -- Up-to-date symlink: /RM_ws/install/ffmpeg_image_transport/share/ffmpeg_image_transport//ffmpeg_plugins.xml
[0.115s] -- Up-to-date symlink: /RM_ws/install/ffmpeg_image_transport/share/ament_index/resource_index/package_run_dependencies/ffmpeg_image_transport
[0.116s] -- Up-to-date symlink: /RM_ws/install/ffmpeg_image_transport/share/ament_index/resource_index/parent_prefix_path/ffmpeg_image_transport
[0.116s] -- Up-to-date symlink: /RM_ws/install/ffmpeg_image_transport/share/ffmpeg_image_transport/environment/ament_prefix_path.sh
[0.116s] -- Up-to-date symlink: /RM_ws/install/ffmpeg_image_transport/share/ffmpeg_image_transport/environment/ament_prefix_path.dsv
[0.116s] -- Up-to-date symlink: /RM_ws/install/ffmpeg_image_transport/share/ffmpeg_image_transport/environment/path.sh
[0.116s] -- Up-to-date symlink: /RM_ws/install/ffmpeg_image_transport/share/ffmpeg_image_transport/environment/path.dsv
[0.116s] -- Up-to-date symlink: /RM_ws/install/ffmpeg_image_transport/share/ffmpeg_image_transport/local_setup.bash
[0.116s] -- Up-to-date symlink: /RM_ws/install/ffmpeg_image_transport/share/ffmpeg_image_transport/local_setup.sh
[0.116s] -- Up-to-date symlink: /RM_ws/install/ffmpeg_image_transport/share/ffmpeg_image_transport/local_setup.zsh
[0.117s] -- Up-to-date symlink: /RM_ws/install/ffmpeg_image_transport/share/ffmpeg_image_transport/local_setup.dsv
[0.117s] -- Symlinking: /RM_ws/install/ffmpeg_image_transport/share/ffmpeg_image_transport/package.dsv
[0.125s] -- Up-to-date symlink: /RM_ws/install/ffmpeg_image_transport/share/ament_index/resource_index/packages/ffmpeg_image_transport
[0.125s] -- Up-to-date symlink: /RM_ws/install/ffmpeg_image_transport/share/ament_index/resource_index/image_transport__pluginlib__plugin/ffmpeg_image_transport
[0.125s] -- Up-to-date symlink: /RM_ws/install/ffmpeg_image_transport/share/ffmpeg_image_transport/cmake/ament_cmake_export_dependencies-extras.cmake
[0.126s] -- Up-to-date symlink: /RM_ws/install/ffmpeg_image_transport/share/ffmpeg_image_transport/cmake/ament_cmake_export_include_directories-extras.cmake
[0.126s] -- Up-to-date symlink: /RM_ws/install/ffmpeg_image_transport/share/ffmpeg_image_transport/cmake/ament_cmake_export_libraries-extras.cmake
[0.126s] -- Up-to-date symlink: /RM_ws/install/ffmpeg_image_transport/share/ffmpeg_image_transport/cmake/ament_cmake_export_targets-extras.cmake
[0.126s] -- Up-to-date symlink: /RM_ws/install/ffmpeg_image_transport/share/ffmpeg_image_transport/cmake/ffmpeg_image_transportConfig.cmake
[0.126s] -- Up-to-date symlink: /RM_ws/install/ffmpeg_image_transport/share/ffmpeg_image_transport/cmake/ffmpeg_image_transportConfig-version.cmake
[0.126s] -- Up-to-date symlink: /RM_ws/install/ffmpeg_image_transport/share/ffmpeg_image_transport/package.xml
[0.126s] -- Up-to-date: /RM_ws/install/ffmpeg_image_transport/lib/libffmpeg_image_transport_component.so
[0.126s] -- Up-to-date: /RM_ws/install/ffmpeg_image_transport/share/ffmpeg_image_transport//launch
[0.126s] -- Up-to-date: /RM_ws/install/ffmpeg_image_transport/share/ffmpeg_image_transport//launch/usb_camera.launch.py
[0.127s] -- Up-to-date: /RM_ws/install/ffmpeg_image_transport/share/ffmpeg_image_transport//launch/republish.launch.py
[0.135s] -- Up-to-date: /RM_ws/install/ffmpeg_image_transport/share/ffmpeg_image_transport/cmake/export_ffmpeg_image_transport_componentExport.cmake
[0.135s] -- Up-to-date: /RM_ws/install/ffmpeg_image_transport/share/ffmpeg_image_transport/cmake/export_ffmpeg_image_transport_componentExport-noconfig.cmake
[0.137s] Invoked command in '/RM_ws/build/ffmpeg_image_transport' returned '0': CMAKE_PREFIX_PATH=/RM_ws/install/ffmpeg_encoder_decoder:/RM_ws/install/ffmpeg_image_transport_msgs:/RM_ws/install/robomaster_msgs:/RM_ws/install/robomaster_description:/RM_ws/install/ffmpeg_image_transport:/RM_ws/install/robomaster_ros:/opt/ros/humble LD_LIBRARY_PATH=/RM_ws/install/ffmpeg_encoder_decoder/lib:/RM_ws/install/ffmpeg_image_transport_msgs/lib:/RM_ws/install/robomaster_msgs/lib:/RM_ws/install/ffmpeg_image_transport/lib:/opt/ros/humble/opt/rviz_ogre_vendor/lib:/opt/ros/humble/lib/x86_64-linux-gnu:/opt/ros/humble/lib /usr/bin/cmake --install /RM_ws/build/ffmpeg_image_transport
