[0.048s] Invoking command in '/RM_ws/build/ffmpeg_image_transport_msgs': CMAKE_PREFIX_PATH=${CMAKE_PREFIX_PATH}:/RM_ws/install/robomaster_ros:/opt/ros/humble /usr/bin/cmake --build /RM_ws/build/ffmpeg_image_transport_msgs -- -j8 -l8
[0.185s] [  3%] Built target ffmpeg_image_transport_msgs__cpp
[0.265s] [  3%] Built target ament_cmake_python_symlink_ffmpeg_image_transport_msgs
[0.307s] [ 12%] Built target ffmpeg_image_transport_msgs__rosidl_typesupport_introspection_cpp
[0.666s] running egg_info
[0.667s] writing ffmpeg_image_transport_msgs.egg-info/PKG-INFO
[0.668s] writing dependency_links to ffmpeg_image_transport_msgs.egg-info/dependency_links.txt
[0.669s] writing top-level names to ffmpeg_image_transport_msgs.egg-info/top_level.txt
[0.672s] reading manifest file 'ffmpeg_image_transport_msgs.egg-info/SOURCES.txt'
[0.673s] writing manifest file 'ffmpeg_image_transport_msgs.egg-info/SOURCES.txt'
[0.709s] [ 12%] Built target ament_cmake_python_build_ffmpeg_image_transport_msgs_egg
[0.742s] [ 22%] Built target ffmpeg_image_transport_msgs__rosidl_typesupport_fastrtps_cpp
[0.801s] [ 32%] Built target ffmpeg_image_transport_msgs__rosidl_typesupport_cpp
[0.850s] [ 41%] Built target ffmpeg_image_transport_msgs__rosidl_generator_c
[0.898s] [ 51%] Built target ffmpeg_image_transport_msgs__rosidl_typesupport_fastrtps_c
[0.938s] [ 61%] Built target ffmpeg_image_transport_msgs__rosidl_typesupport_c
[0.973s] [ 70%] Built target ffmpeg_image_transport_msgs__rosidl_typesupport_introspection_c
[0.999s] [ 70%] Built target ffmpeg_image_transport_msgs
[1.028s] [ 74%] Built target ffmpeg_image_transport_msgs__py
[1.060s] [ 80%] Built target ffmpeg_image_transport_msgs__rosidl_generator_py
[1.092s] [ 87%] Built target ffmpeg_image_transport_msgs__rosidl_typesupport_fastrtps_c__pyext
[1.123s] [ 93%] Built target ffmpeg_image_transport_msgs__rosidl_typesupport_c__pyext
[1.153s] [100%] Built target ffmpeg_image_transport_msgs__rosidl_typesupport_introspection_c__pyext
[1.178s] Invoked command in '/RM_ws/build/ffmpeg_image_transport_msgs' returned '0': CMAKE_PREFIX_PATH=${CMAKE_PREFIX_PATH}:/RM_ws/install/robomaster_ros:/opt/ros/humble /usr/bin/cmake --build /RM_ws/build/ffmpeg_image_transport_msgs -- -j8 -l8
[1.179s] Invoking command in '/RM_ws/build/ffmpeg_image_transport_msgs': CMAKE_PREFIX_PATH=${CMAKE_PREFIX_PATH}:/RM_ws/install/robomaster_ros:/opt/ros/humble /usr/bin/cmake --install /RM_ws/build/ffmpeg_image_transport_msgs
[1.190s] -- Install configuration: ""
[1.191s] -- Execute custom install script
[1.191s] -- Up-to-date symlink: /RM_ws/install/ffmpeg_image_transport_msgs/share/ament_index/resource_index/rosidl_interfaces/ffmpeg_image_transport_msgs
[1.192s] -- Up-to-date symlink: /RM_ws/install/ffmpeg_image_transport_msgs/include/ffmpeg_image_transport_msgs/ffmpeg_image_transport_msgs/msg/detail/ffmpeg_packet__functions.h
[1.192s] -- Up-to-date symlink: /RM_ws/install/ffmpeg_image_transport_msgs/include/ffmpeg_image_transport_msgs/ffmpeg_image_transport_msgs/msg/detail/ffmpeg_packet__struct.h
[1.192s] -- Up-to-date symlink: /RM_ws/install/ffmpeg_image_transport_msgs/include/ffmpeg_image_transport_msgs/ffmpeg_image_transport_msgs/msg/detail/ffmpeg_packet__type_support.h
[1.192s] -- Up-to-date symlink: /RM_ws/install/ffmpeg_image_transport_msgs/include/ffmpeg_image_transport_msgs/ffmpeg_image_transport_msgs/msg/ffmpeg_packet.h
[1.193s] -- Up-to-date symlink: /RM_ws/install/ffmpeg_image_transport_msgs/include/ffmpeg_image_transport_msgs/ffmpeg_image_transport_msgs/msg/rosidl_generator_c__visibility_control.h
[1.193s] -- Up-to-date symlink: /RM_ws/install/ffmpeg_image_transport_msgs/share/ffmpeg_image_transport_msgs/environment/library_path.sh
[1.193s] -- Up-to-date symlink: /RM_ws/install/ffmpeg_image_transport_msgs/share/ffmpeg_image_transport_msgs/environment/library_path.dsv
[1.194s] -- Up-to-date symlink: /RM_ws/install/ffmpeg_image_transport_msgs/include/ffmpeg_image_transport_msgs/ffmpeg_image_transport_msgs/msg/detail/ffmpeg_packet__rosidl_typesupport_fastrtps_c.h
[1.194s] -- Up-to-date symlink: /RM_ws/install/ffmpeg_image_transport_msgs/include/ffmpeg_image_transport_msgs/ffmpeg_image_transport_msgs/msg/rosidl_typesupport_fastrtps_c__visibility_control.h
[1.203s] -- Up-to-date symlink: /RM_ws/install/ffmpeg_image_transport_msgs/include/ffmpeg_image_transport_msgs/ffmpeg_image_transport_msgs/msg/detail/ffmpeg_packet__builder.hpp
[1.203s] -- Up-to-date symlink: /RM_ws/install/ffmpeg_image_transport_msgs/include/ffmpeg_image_transport_msgs/ffmpeg_image_transport_msgs/msg/detail/ffmpeg_packet__struct.hpp
[1.203s] -- Up-to-date symlink: /RM_ws/install/ffmpeg_image_transport_msgs/include/ffmpeg_image_transport_msgs/ffmpeg_image_transport_msgs/msg/detail/ffmpeg_packet__traits.hpp
[1.203s] -- Up-to-date symlink: /RM_ws/install/ffmpeg_image_transport_msgs/include/ffmpeg_image_transport_msgs/ffmpeg_image_transport_msgs/msg/detail/ffmpeg_packet__type_support.hpp
[1.203s] -- Up-to-date symlink: /RM_ws/install/ffmpeg_image_transport_msgs/include/ffmpeg_image_transport_msgs/ffmpeg_image_transport_msgs/msg/ffmpeg_packet.hpp
[1.203s] -- Up-to-date symlink: /RM_ws/install/ffmpeg_image_transport_msgs/include/ffmpeg_image_transport_msgs/ffmpeg_image_transport_msgs/msg/rosidl_generator_cpp__visibility_control.hpp
[1.207s] -- Up-to-date symlink: /RM_ws/install/ffmpeg_image_transport_msgs/include/ffmpeg_image_transport_msgs/ffmpeg_image_transport_msgs/msg/detail/ffmpeg_packet__rosidl_typesupport_fastrtps_cpp.hpp
[1.207s] -- Up-to-date symlink: /RM_ws/install/ffmpeg_image_transport_msgs/include/ffmpeg_image_transport_msgs/ffmpeg_image_transport_msgs/msg/rosidl_typesupport_fastrtps_cpp__visibility_control.h
[1.207s] -- Up-to-date symlink: /RM_ws/install/ffmpeg_image_transport_msgs/include/ffmpeg_image_transport_msgs/ffmpeg_image_transport_msgs/msg/detail/ffmpeg_packet__rosidl_typesupport_introspection_c.h
[1.207s] -- Up-to-date symlink: /RM_ws/install/ffmpeg_image_transport_msgs/include/ffmpeg_image_transport_msgs/ffmpeg_image_transport_msgs/msg/rosidl_typesupport_introspection_c__visibility_control.h
[1.207s] -- Up-to-date symlink: /RM_ws/install/ffmpeg_image_transport_msgs/include/ffmpeg_image_transport_msgs/ffmpeg_image_transport_msgs/msg/detail/ffmpeg_packet__rosidl_typesupport_introspection_cpp.hpp
[1.207s] -- Up-to-date symlink: /RM_ws/install/ffmpeg_image_transport_msgs/share/ffmpeg_image_transport_msgs/environment/pythonpath.sh
[1.208s] -- Up-to-date symlink: /RM_ws/install/ffmpeg_image_transport_msgs/share/ffmpeg_image_transport_msgs/environment/pythonpath.dsv
[1.208s] -- Up-to-date symlink: /RM_ws/install/ffmpeg_image_transport_msgs/local/lib/python3.10/dist-packages/ffmpeg_image_transport_msgs-1.0.1-py3.10.egg-info/PKG-INFO
[1.208s] -- Up-to-date symlink: /RM_ws/install/ffmpeg_image_transport_msgs/local/lib/python3.10/dist-packages/ffmpeg_image_transport_msgs-1.0.1-py3.10.egg-info/SOURCES.txt
[1.208s] -- Up-to-date symlink: /RM_ws/install/ffmpeg_image_transport_msgs/local/lib/python3.10/dist-packages/ffmpeg_image_transport_msgs-1.0.1-py3.10.egg-info/dependency_links.txt
[1.208s] -- Up-to-date symlink: /RM_ws/install/ffmpeg_image_transport_msgs/local/lib/python3.10/dist-packages/ffmpeg_image_transport_msgs-1.0.1-py3.10.egg-info/top_level.txt
[1.208s] -- Up-to-date symlink: /RM_ws/install/ffmpeg_image_transport_msgs/local/lib/python3.10/dist-packages/ffmpeg_image_transport_msgs/__init__.py
[1.208s] -- Up-to-date symlink: /RM_ws/install/ffmpeg_image_transport_msgs/local/lib/python3.10/dist-packages/ffmpeg_image_transport_msgs/_ffmpeg_image_transport_msgs_s.ep.rosidl_typesupport_c.c
[1.208s] -- Up-to-date symlink: /RM_ws/install/ffmpeg_image_transport_msgs/local/lib/python3.10/dist-packages/ffmpeg_image_transport_msgs/_ffmpeg_image_transport_msgs_s.ep.rosidl_typesupport_fastrtps_c.c
[1.208s] -- Up-to-date symlink: /RM_ws/install/ffmpeg_image_transport_msgs/local/lib/python3.10/dist-packages/ffmpeg_image_transport_msgs/_ffmpeg_image_transport_msgs_s.ep.rosidl_typesupport_introspection_c.c
[1.208s] -- Up-to-date symlink: /RM_ws/install/ffmpeg_image_transport_msgs/local/lib/python3.10/dist-packages/ffmpeg_image_transport_msgs/ffmpeg_image_transport_msgs_s__rosidl_typesupport_c.cpython-310-x86_64-linux-gnu.so
[1.208s] -- Up-to-date symlink: /RM_ws/install/ffmpeg_image_transport_msgs/local/lib/python3.10/dist-packages/ffmpeg_image_transport_msgs/ffmpeg_image_transport_msgs_s__rosidl_typesupport_fastrtps_c.cpython-310-x86_64-linux-gnu.so
[1.208s] -- Up-to-date symlink: /RM_ws/install/ffmpeg_image_transport_msgs/local/lib/python3.10/dist-packages/ffmpeg_image_transport_msgs/ffmpeg_image_transport_msgs_s__rosidl_typesupport_introspection_c.cpython-310-x86_64-linux-gnu.so
[1.209s] -- Up-to-date symlink: /RM_ws/install/ffmpeg_image_transport_msgs/local/lib/python3.10/dist-packages/ffmpeg_image_transport_msgs/libffmpeg_image_transport_msgs__rosidl_generator_py.so
[1.209s] -- Up-to-date symlink: /RM_ws/install/ffmpeg_image_transport_msgs/local/lib/python3.10/dist-packages/ffmpeg_image_transport_msgs/msg/__init__.py
[1.209s] -- Up-to-date symlink: /RM_ws/install/ffmpeg_image_transport_msgs/local/lib/python3.10/dist-packages/ffmpeg_image_transport_msgs/msg/_ffmpeg_packet.py
[1.209s] -- Up-to-date symlink: /RM_ws/install/ffmpeg_image_transport_msgs/local/lib/python3.10/dist-packages/ffmpeg_image_transport_msgs/msg/_ffmpeg_packet_s.c
[1.209s] -- Up-to-date symlink: /RM_ws/install/ffmpeg_image_transport_msgs/local/lib/python3.10/dist-packages/ffmpeg_image_transport_msgs/ffmpeg_image_transport_msgs_s__rosidl_typesupport_fastrtps_c.cpython-310-x86_64-linux-gnu.so
[1.209s] -- Up-to-date symlink: /RM_ws/install/ffmpeg_image_transport_msgs/local/lib/python3.10/dist-packages/ffmpeg_image_transport_msgs/ffmpeg_image_transport_msgs_s__rosidl_typesupport_introspection_c.cpython-310-x86_64-linux-gnu.so
[1.210s] -- Up-to-date symlink: /RM_ws/install/ffmpeg_image_transport_msgs/local/lib/python3.10/dist-packages/ffmpeg_image_transport_msgs/ffmpeg_image_transport_msgs_s__rosidl_typesupport_c.cpython-310-x86_64-linux-gnu.so
[1.210s] -- Up-to-date symlink: /RM_ws/install/ffmpeg_image_transport_msgs/share/ffmpeg_image_transport_msgs/msg/FFMPEGPacket.idl
[1.210s] -- Up-to-date symlink: /RM_ws/install/ffmpeg_image_transport_msgs/share/ffmpeg_image_transport_msgs/msg/FFMPEGPacket.msg
[1.210s] -- Up-to-date symlink: /RM_ws/install/ffmpeg_image_transport_msgs/share/ament_index/resource_index/package_run_dependencies/ffmpeg_image_transport_msgs
[1.213s] -- Up-to-date symlink: /RM_ws/install/ffmpeg_image_transport_msgs/share/ament_index/resource_index/parent_prefix_path/ffmpeg_image_transport_msgs
[1.213s] -- Up-to-date symlink: /RM_ws/install/ffmpeg_image_transport_msgs/share/ffmpeg_image_transport_msgs/environment/ament_prefix_path.sh
[1.214s] -- Up-to-date symlink: /RM_ws/install/ffmpeg_image_transport_msgs/share/ffmpeg_image_transport_msgs/environment/ament_prefix_path.dsv
[1.214s] -- Up-to-date symlink: /RM_ws/install/ffmpeg_image_transport_msgs/share/ffmpeg_image_transport_msgs/environment/path.sh
[1.215s] -- Up-to-date symlink: /RM_ws/install/ffmpeg_image_transport_msgs/share/ffmpeg_image_transport_msgs/environment/path.dsv
[1.215s] -- Up-to-date symlink: /RM_ws/install/ffmpeg_image_transport_msgs/share/ffmpeg_image_transport_msgs/local_setup.bash
[1.215s] -- Up-to-date symlink: /RM_ws/install/ffmpeg_image_transport_msgs/share/ffmpeg_image_transport_msgs/local_setup.sh
[1.215s] -- Up-to-date symlink: /RM_ws/install/ffmpeg_image_transport_msgs/share/ffmpeg_image_transport_msgs/local_setup.zsh
[1.217s] -- Up-to-date symlink: /RM_ws/install/ffmpeg_image_transport_msgs/share/ffmpeg_image_transport_msgs/local_setup.dsv
[1.217s] -- Symlinking: /RM_ws/install/ffmpeg_image_transport_msgs/share/ffmpeg_image_transport_msgs/package.dsv
[1.229s] -- Up-to-date symlink: /RM_ws/install/ffmpeg_image_transport_msgs/share/ament_index/resource_index/packages/ffmpeg_image_transport_msgs
[1.229s] -- Up-to-date symlink: /RM_ws/install/ffmpeg_image_transport_msgs/share/ffmpeg_image_transport_msgs/cmake/rosidl_cmake-extras.cmake
[1.230s] -- Up-to-date symlink: /RM_ws/install/ffmpeg_image_transport_msgs/share/ffmpeg_image_transport_msgs/cmake/ament_cmake_export_dependencies-extras.cmake
[1.230s] -- Up-to-date symlink: /RM_ws/install/ffmpeg_image_transport_msgs/share/ffmpeg_image_transport_msgs/cmake/ament_cmake_export_include_directories-extras.cmake
[1.232s] -- Up-to-date symlink: /RM_ws/install/ffmpeg_image_transport_msgs/share/ffmpeg_image_transport_msgs/cmake/ament_cmake_export_libraries-extras.cmake
[1.232s] -- Up-to-date symlink: /RM_ws/install/ffmpeg_image_transport_msgs/share/ffmpeg_image_transport_msgs/cmake/ament_cmake_export_targets-extras.cmake
[1.234s] -- Up-to-date symlink: /RM_ws/install/ffmpeg_image_transport_msgs/share/ffmpeg_image_transport_msgs/cmake/rosidl_cmake_export_typesupport_targets-extras.cmake
[1.234s] -- Up-to-date symlink: /RM_ws/install/ffmpeg_image_transport_msgs/share/ffmpeg_image_transport_msgs/cmake/rosidl_cmake_export_typesupport_libraries-extras.cmake
[1.236s] -- Up-to-date symlink: /RM_ws/install/ffmpeg_image_transport_msgs/share/ffmpeg_image_transport_msgs/cmake/ffmpeg_image_transport_msgsConfig.cmake
[1.236s] -- Up-to-date symlink: /RM_ws/install/ffmpeg_image_transport_msgs/share/ffmpeg_image_transport_msgs/cmake/ffmpeg_image_transport_msgsConfig-version.cmake
[1.236s] -- Up-to-date symlink: /RM_ws/install/ffmpeg_image_transport_msgs/share/ffmpeg_image_transport_msgs/package.xml
[1.236s] -- Up-to-date: /RM_ws/install/ffmpeg_image_transport_msgs/lib/libffmpeg_image_transport_msgs__rosidl_generator_c.so
[1.236s] -- Up-to-date: /RM_ws/install/ffmpeg_image_transport_msgs/lib/libffmpeg_image_transport_msgs__rosidl_typesupport_fastrtps_c.so
[1.237s] -- Up-to-date: /RM_ws/install/ffmpeg_image_transport_msgs/lib/libffmpeg_image_transport_msgs__rosidl_typesupport_fastrtps_cpp.so
[1.237s] -- Up-to-date: /RM_ws/install/ffmpeg_image_transport_msgs/lib/libffmpeg_image_transport_msgs__rosidl_typesupport_introspection_c.so
[1.237s] -- Up-to-date: /RM_ws/install/ffmpeg_image_transport_msgs/lib/libffmpeg_image_transport_msgs__rosidl_typesupport_c.so
[1.237s] -- Up-to-date: /RM_ws/install/ffmpeg_image_transport_msgs/lib/libffmpeg_image_transport_msgs__rosidl_typesupport_introspection_cpp.so
[1.241s] -- Up-to-date: /RM_ws/install/ffmpeg_image_transport_msgs/lib/libffmpeg_image_transport_msgs__rosidl_typesupport_cpp.so
[1.296s] Listing '/RM_ws/install/ffmpeg_image_transport_msgs/local/lib/python3.10/dist-packages/ffmpeg_image_transport_msgs'...
[1.296s] Listing '/RM_ws/install/ffmpeg_image_transport_msgs/local/lib/python3.10/dist-packages/ffmpeg_image_transport_msgs/msg'...
[1.303s] -- Up-to-date: /RM_ws/install/ffmpeg_image_transport_msgs/lib/libffmpeg_image_transport_msgs__rosidl_generator_py.so
[1.303s] -- Up-to-date: /RM_ws/install/ffmpeg_image_transport_msgs/share/ffmpeg_image_transport_msgs/cmake/export_ffmpeg_image_transport_msgs__rosidl_generator_cExport.cmake
[1.303s] -- Up-to-date: /RM_ws/install/ffmpeg_image_transport_msgs/share/ffmpeg_image_transport_msgs/cmake/export_ffmpeg_image_transport_msgs__rosidl_generator_cExport-noconfig.cmake
[1.303s] -- Up-to-date: /RM_ws/install/ffmpeg_image_transport_msgs/share/ffmpeg_image_transport_msgs/cmake/export_ffmpeg_image_transport_msgs__rosidl_typesupport_fastrtps_cExport.cmake
[1.303s] -- Up-to-date: /RM_ws/install/ffmpeg_image_transport_msgs/share/ffmpeg_image_transport_msgs/cmake/export_ffmpeg_image_transport_msgs__rosidl_typesupport_fastrtps_cExport-noconfig.cmake
[1.304s] -- Up-to-date: /RM_ws/install/ffmpeg_image_transport_msgs/share/ffmpeg_image_transport_msgs/cmake/export_ffmpeg_image_transport_msgs__rosidl_generator_cppExport.cmake
[1.304s] -- Up-to-date: /RM_ws/install/ffmpeg_image_transport_msgs/share/ffmpeg_image_transport_msgs/cmake/export_ffmpeg_image_transport_msgs__rosidl_typesupport_fastrtps_cppExport.cmake
[1.304s] -- Up-to-date: /RM_ws/install/ffmpeg_image_transport_msgs/share/ffmpeg_image_transport_msgs/cmake/export_ffmpeg_image_transport_msgs__rosidl_typesupport_fastrtps_cppExport-noconfig.cmake
[1.307s] -- Up-to-date: /RM_ws/install/ffmpeg_image_transport_msgs/share/ffmpeg_image_transport_msgs/cmake/ffmpeg_image_transport_msgs__rosidl_typesupport_introspection_cExport.cmake
[1.307s] -- Up-to-date: /RM_ws/install/ffmpeg_image_transport_msgs/share/ffmpeg_image_transport_msgs/cmake/ffmpeg_image_transport_msgs__rosidl_typesupport_introspection_cExport-noconfig.cmake
[1.307s] -- Up-to-date: /RM_ws/install/ffmpeg_image_transport_msgs/share/ffmpeg_image_transport_msgs/cmake/ffmpeg_image_transport_msgs__rosidl_typesupport_cExport.cmake
[1.307s] -- Up-to-date: /RM_ws/install/ffmpeg_image_transport_msgs/share/ffmpeg_image_transport_msgs/cmake/ffmpeg_image_transport_msgs__rosidl_typesupport_cExport-noconfig.cmake
[1.307s] -- Up-to-date: /RM_ws/install/ffmpeg_image_transport_msgs/share/ffmpeg_image_transport_msgs/cmake/ffmpeg_image_transport_msgs__rosidl_typesupport_introspection_cppExport.cmake
[1.307s] -- Up-to-date: /RM_ws/install/ffmpeg_image_transport_msgs/share/ffmpeg_image_transport_msgs/cmake/ffmpeg_image_transport_msgs__rosidl_typesupport_introspection_cppExport-noconfig.cmake
[1.307s] -- Up-to-date: /RM_ws/install/ffmpeg_image_transport_msgs/share/ffmpeg_image_transport_msgs/cmake/ffmpeg_image_transport_msgs__rosidl_typesupport_cppExport.cmake
[1.308s] -- Up-to-date: /RM_ws/install/ffmpeg_image_transport_msgs/share/ffmpeg_image_transport_msgs/cmake/ffmpeg_image_transport_msgs__rosidl_typesupport_cppExport-noconfig.cmake
[1.308s] -- Up-to-date: /RM_ws/install/ffmpeg_image_transport_msgs/share/ffmpeg_image_transport_msgs/cmake/export_ffmpeg_image_transport_msgs__rosidl_generator_pyExport.cmake
[1.308s] -- Up-to-date: /RM_ws/install/ffmpeg_image_transport_msgs/share/ffmpeg_image_transport_msgs/cmake/export_ffmpeg_image_transport_msgs__rosidl_generator_pyExport-noconfig.cmake
[1.316s] Invoked command in '/RM_ws/build/ffmpeg_image_transport_msgs' returned '0': CMAKE_PREFIX_PATH=${CMAKE_PREFIX_PATH}:/RM_ws/install/robomaster_ros:/opt/ros/humble /usr/bin/cmake --install /RM_ws/build/ffmpeg_image_transport_msgs
