[ 41%] Built target ffmpeg_encoder_decoder
[ 58%] Built target gtest
[ 75%] Built target gtest_main
[100%] Built target ffmpeg_encoder_decoder_test
-- Install configuration: ""
-- Execute custom install script
-- Up-to-date symlink: /RM_ws/install/ffmpeg_encoder_decoder/share/ffmpeg_encoder_decoder/environment/library_path.sh
-- Up-to-date symlink: /RM_ws/install/ffmpeg_encoder_decoder/share/ffmpeg_encoder_decoder/environment/library_path.dsv
-- Up-to-date symlink: /RM_ws/install/ffmpeg_encoder_decoder/include/ffmpeg_encoder_decoder/decoder.hpp
-- Up-to-date symlink: /RM_ws/install/ffmpeg_encoder_decoder/include/ffmpeg_encoder_decoder/encoder.hpp
-- Up-to-date symlink: /RM_ws/install/ffmpeg_encoder_decoder/include/ffmpeg_encoder_decoder/pts_map.hpp
-- Up-to-date symlink: /RM_ws/install/ffmpeg_encoder_decoder/include/ffmpeg_encoder_decoder/safe_param.hpp
-- Up-to-date symlink: /RM_ws/install/ffmpeg_encoder_decoder/include/ffmpeg_encoder_decoder/tdiff.hpp
-- Up-to-date symlink: /RM_ws/install/ffmpeg_encoder_decoder/include/ffmpeg_encoder_decoder/types.hpp
-- Up-to-date symlink: /RM_ws/install/ffmpeg_encoder_decoder/include/ffmpeg_encoder_decoder/utils.hpp
-- Up-to-date symlink: /RM_ws/install/ffmpeg_encoder_decoder/share/ament_index/resource_index/package_run_dependencies/ffmpeg_encoder_decoder
-- Up-to-date symlink: /RM_ws/install/ffmpeg_encoder_decoder/share/ament_index/resource_index/parent_prefix_path/ffmpeg_encoder_decoder
-- Up-to-date symlink: /RM_ws/install/ffmpeg_encoder_decoder/share/ffmpeg_encoder_decoder/environment/ament_prefix_path.sh
-- Up-to-date symlink: /RM_ws/install/ffmpeg_encoder_decoder/share/ffmpeg_encoder_decoder/environment/ament_prefix_path.dsv
-- Up-to-date symlink: /RM_ws/install/ffmpeg_encoder_decoder/share/ffmpeg_encoder_decoder/environment/path.sh
-- Up-to-date symlink: /RM_ws/install/ffmpeg_encoder_decoder/share/ffmpeg_encoder_decoder/environment/path.dsv
-- Up-to-date symlink: /RM_ws/install/ffmpeg_encoder_decoder/share/ffmpeg_encoder_decoder/local_setup.bash
-- Up-to-date symlink: /RM_ws/install/ffmpeg_encoder_decoder/share/ffmpeg_encoder_decoder/local_setup.sh
-- Up-to-date symlink: /RM_ws/install/ffmpeg_encoder_decoder/share/ffmpeg_encoder_decoder/local_setup.zsh
-- Up-to-date symlink: /RM_ws/install/ffmpeg_encoder_decoder/share/ffmpeg_encoder_decoder/local_setup.dsv
-- Symlinking: /RM_ws/install/ffmpeg_encoder_decoder/share/ffmpeg_encoder_decoder/package.dsv
-- Up-to-date symlink: /RM_ws/install/ffmpeg_encoder_decoder/share/ament_index/resource_index/packages/ffmpeg_encoder_decoder
-- Up-to-date symlink: /RM_ws/install/ffmpeg_encoder_decoder/share/ffmpeg_encoder_decoder/cmake/ffmpeg_encoder_decoder-extras.cmake
-- Up-to-date symlink: /RM_ws/install/ffmpeg_encoder_decoder/share/ffmpeg_encoder_decoder/cmake/ament_cmake_export_targets-extras.cmake
-- Up-to-date symlink: /RM_ws/install/ffmpeg_encoder_decoder/share/ffmpeg_encoder_decoder/cmake/ament_cmake_export_dependencies-extras.cmake
-- Up-to-date symlink: /RM_ws/install/ffmpeg_encoder_decoder/share/ffmpeg_encoder_decoder/cmake/ament_cmake_export_include_directories-extras.cmake
-- Up-to-date symlink: /RM_ws/install/ffmpeg_encoder_decoder/share/ffmpeg_encoder_decoder/cmake/ament_cmake_export_libraries-extras.cmake
-- Up-to-date symlink: /RM_ws/install/ffmpeg_encoder_decoder/share/ffmpeg_encoder_decoder/cmake/ffmpeg_encoder_decoderConfig.cmake
-- Up-to-date symlink: /RM_ws/install/ffmpeg_encoder_decoder/share/ffmpeg_encoder_decoder/cmake/ffmpeg_encoder_decoderConfig-version.cmake
-- Up-to-date symlink: /RM_ws/install/ffmpeg_encoder_decoder/share/ffmpeg_encoder_decoder/package.xml
-- Up-to-date: /RM_ws/install/ffmpeg_encoder_decoder/lib/libffmpeg_encoder_decoder.so
-- Up-to-date: /RM_ws/install/ffmpeg_encoder_decoder/share/ffmpeg_encoder_decoder/cmake/ffmpeg_encoder_decoderTargetsExport.cmake
-- Up-to-date: /RM_ws/install/ffmpeg_encoder_decoder/share/ffmpeg_encoder_decoder/cmake/ffmpeg_encoder_decoderTargetsExport-noconfig.cmake
-- Up-to-date: /RM_ws/install/ffmpeg_encoder_decoder/share/ffmpeg_encoder_decoder/cmake/ffmpeg_encoder_decoderTargetsExport.cmake
-- Up-to-date: /RM_ws/install/ffmpeg_encoder_decoder/share/ffmpeg_encoder_decoder/cmake/ffmpeg_encoder_decoderTargetsExport-noconfig.cmake
